<?xml version="1.0" encoding="UTF-8"?>
<coverage generated="1755878448713" clover="3.2.0">
  <project timestamp="1755878448713" name="All files">
    <metrics statements="3519" coveredstatements="80" conditionals="1579" coveredconditionals="36" methods="980" coveredmethods="18" elements="6078" coveredelements="134" complexity="0" loc="3519" ncloc="3519" packages="7" files="51" classes="51"/>
    <package name="app">
      <metrics statements="114" coveredstatements="0" conditionals="17" coveredconditionals="0" methods="95" coveredmethods="0"/>
      <file name="global-error.js" path="/workspace/app/global-error.js">
        <metrics statements="4" coveredstatements="0" conditionals="0" coveredconditionals="0" methods="3" coveredmethods="0"/>
        <line num="3" count="0" type="stmt"/>
        <line num="4" count="0" type="stmt"/>
        <line num="38" count="0" type="stmt"/>
        <line num="39" count="0" type="stmt"/>
      </file>
      <file name="page.backup.js" path="/workspace/app/page.backup.js">
        <metrics statements="48" coveredstatements="0" conditionals="12" coveredconditionals="0" methods="36" coveredmethods="0"/>
        <line num="3" count="0" type="stmt"/>
        <line num="4" count="0" type="stmt"/>
        <line num="8" count="0" type="stmt"/>
        <line num="16" count="0" type="stmt"/>
        <line num="21" count="0" type="stmt"/>
        <line num="26" count="0" type="stmt"/>
        <line num="31" count="0" type="stmt"/>
        <line num="36" count="0" type="stmt"/>
        <line num="41" count="0" type="stmt"/>
        <line num="46" count="0" type="stmt"/>
        <line num="51" count="0" type="stmt"/>
        <line num="63" count="0" type="stmt"/>
        <line num="64" count="0" type="stmt"/>
        <line num="65" count="0" type="stmt"/>
        <line num="66" count="0" type="stmt"/>
        <line num="68" count="0" type="stmt"/>
        <line num="70" count="0" type="stmt"/>
        <line num="77" count="0" type="stmt"/>
        <line num="78" count="0" type="stmt"/>
        <line num="79" count="0" type="cond" truecount="0" falsecount="1"/>
        <line num="80" count="0" type="stmt"/>
        <line num="81" count="0" type="stmt"/>
        <line num="82" count="0" type="stmt"/>
        <line num="83" count="0" type="stmt"/>
        <line num="84" count="0" type="stmt"/>
        <line num="90" count="0" type="cond" truecount="0" falsecount="1"/>
        <line num="91" count="0" type="stmt"/>
        <line num="163" count="0" type="stmt"/>
        <line num="172" count="0" type="stmt"/>
        <line num="173" count="0" type="stmt"/>
        <line num="197" count="0" type="stmt"/>
        <line num="198" count="0" type="stmt"/>
        <line num="303" count="0" type="stmt"/>
        <line num="454" count="0" type="stmt"/>
        <line num="455" count="0" type="stmt"/>
        <line num="641" count="0" type="stmt"/>
        <line num="642" count="0" type="stmt"/>
        <line num="673" count="0" type="stmt"/>
        <line num="682" count="0" type="stmt"/>
        <line num="683" count="0" type="stmt"/>
        <line num="684" count="0" type="cond" truecount="0" falsecount="1"/>
        <line num="685" count="0" type="stmt"/>
        <line num="687" count="0" type="stmt"/>
        <line num="688" count="0" type="stmt"/>
        <line num="689" count="0" type="cond" truecount="0" falsecount="1"/>
        <line num="690" count="0" type="stmt"/>
        <line num="691" count="0" type="stmt"/>
        <line num="708" count="0" type="stmt"/>
      </file>
      <file name="page.js" path="/workspace/app/page.js">
        <metrics statements="17" coveredstatements="0" conditionals="3" coveredconditionals="0" methods="12" coveredmethods="0"/>
        <line num="3" count="0" type="stmt"/>
        <line num="4" count="0" type="stmt"/>
        <line num="5" count="0" type="stmt"/>
        <line num="6" count="0" type="stmt"/>
        <line num="7" count="0" type="stmt"/>
        <line num="8" count="0" type="stmt"/>
        <line num="9" count="0" type="stmt"/>
        <line num="12" count="0" type="stmt"/>
        <line num="17" count="0" type="stmt"/>
        <line num="22" count="0" type="stmt"/>
        <line num="27" count="0" type="stmt"/>
        <line num="32" count="0" type="stmt"/>
        <line num="37" count="0" type="stmt"/>
        <line num="93" count="0" type="stmt"/>
        <line num="94" count="0" type="cond" truecount="0" falsecount="2"/>
        <line num="95" count="0" type="stmt"/>
        <line num="98" count="0" type="stmt"/>
      </file>
      <file name="page.new.js" path="/workspace/app/page.new.js">
        <metrics statements="14" coveredstatements="0" conditionals="2" coveredconditionals="0" methods="10" coveredmethods="0"/>
        <line num="3" count="0" type="stmt"/>
        <line num="4" count="0" type="stmt"/>
        <line num="5" count="0" type="stmt"/>
        <line num="6" count="0" type="stmt"/>
        <line num="7" count="0" type="stmt"/>
        <line num="8" count="0" type="stmt"/>
        <line num="9" count="0" type="stmt"/>
        <line num="12" count="0" type="stmt"/>
        <line num="17" count="0" type="stmt"/>
        <line num="22" count="0" type="stmt"/>
        <line num="27" count="0" type="stmt"/>
        <line num="32" count="0" type="stmt"/>
        <line num="82" count="0" type="stmt"/>
        <line num="83" count="0" type="cond" truecount="0" falsecount="1"/>
      </file>
      <file name="page.optimized.js" path="/workspace/app/page.optimized.js">
        <metrics statements="19" coveredstatements="0" conditionals="0" coveredconditionals="0" methods="26" coveredmethods="0"/>
        <line num="3" count="0" type="stmt"/>
        <line num="4" count="0" type="stmt"/>
        <line num="7" count="0" type="stmt"/>
        <line num="8" count="0" type="stmt"/>
        <line num="9" count="0" type="stmt"/>
        <line num="12" count="0" type="stmt"/>
        <line num="17" count="0" type="stmt"/>
        <line num="18" count="0" type="stmt"/>
        <line num="22" count="0" type="stmt"/>
        <line num="26" count="0" type="stmt"/>
        <line num="30" count="0" type="stmt"/>
        <line num="31" count="0" type="stmt"/>
        <line num="32" count="0" type="stmt"/>
        <line num="35" count="0" type="stmt"/>
        <line num="36" count="0" type="stmt"/>
        <line num="37" count="0" type="stmt"/>
        <line num="38" count="0" type="stmt"/>
        <line num="39" count="0" type="stmt"/>
        <line num="41" count="0" type="stmt"/>
      </file>
      <file name="page.premium.js" path="/workspace/app/page.premium.js">
        <metrics statements="12" coveredstatements="0" conditionals="0" coveredconditionals="0" methods="8" coveredmethods="0"/>
        <line num="3" count="0" type="stmt"/>
        <line num="4" count="0" type="stmt"/>
        <line num="5" count="0" type="stmt"/>
        <line num="6" count="0" type="stmt"/>
        <line num="7" count="0" type="stmt"/>
        <line num="10" count="0" type="stmt"/>
        <line num="15" count="0" type="stmt"/>
        <line num="20" count="0" type="stmt"/>
        <line num="24" count="0" type="stmt"/>
        <line num="25" count="0" type="stmt"/>
        <line num="27" count="0" type="stmt"/>
        <line num="28" count="0" type="stmt"/>
      </file>
    </package>
    <package name="app.components">
      <metrics statements="2694" coveredstatements="80" conditionals="1249" coveredconditionals="36" methods="706" coveredmethods="18"/>
      <file name="AIAgentsDashboard.js" path="/workspace/app/components/AIAgentsDashboard.js">
        <metrics statements="69" coveredstatements="0" conditionals="32" coveredconditionals="0" methods="18" coveredmethods="0"/>
        <line num="3" count="0" type="stmt"/>
        <line num="4" count="0" type="stmt"/>
        <line num="5" count="0" type="stmt"/>
        <line num="7" count="0" type="stmt"/>
        <line num="8" count="0" type="stmt"/>
        <line num="9" count="0" type="stmt"/>
        <line num="10" count="0" type="stmt"/>
        <line num="11" count="0" type="stmt"/>
        <line num="12" count="0" type="stmt"/>
        <line num="13" count="0" type="stmt"/>
        <line num="14" count="0" type="stmt"/>
        <line num="16" count="0" type="stmt"/>
        <line num="17" count="0" type="stmt"/>
        <line num="18" count="0" type="stmt"/>
        <line num="19" count="0" type="stmt"/>
        <line num="22" count="0" type="stmt"/>
        <line num="23" count="0" type="stmt"/>
        <line num="24" count="0" type="stmt"/>
        <line num="25" count="0" type="stmt"/>
        <line num="26" count="0" type="cond" truecount="0" falsecount="1"/>
        <line num="27" count="0" type="stmt"/>
        <line num="30" count="0" type="stmt"/>
        <line num="34" count="0" type="stmt"/>
        <line num="35" count="0" type="cond" truecount="0" falsecount="1"/>
        <line num="37" count="0" type="stmt"/>
        <line num="38" count="0" type="stmt"/>
        <line num="40" count="0" type="stmt"/>
        <line num="41" count="0" type="stmt"/>
        <line num="56" count="0" type="stmt"/>
        <line num="57" count="0" type="cond" truecount="0" falsecount="2"/>
        <line num="58" count="0" type="stmt"/>
        <line num="59" count="0" type="stmt"/>
        <line num="62" count="0" type="stmt"/>
        <line num="70" count="0" type="stmt"/>
        <line num="73" count="0" type="stmt"/>
        <line num="75" count="0" type="stmt"/>
        <line num="76" count="0" type="stmt"/>
        <line num="80" count="0" type="stmt"/>
        <line num="81" count="0" type="cond" truecount="0" falsecount="1"/>
        <line num="82" count="0" type="stmt"/>
        <line num="83" count="0" type="cond" truecount="0" falsecount="1"/>
        <line num="84" count="0" type="cond" truecount="0" falsecount="1"/>
        <line num="85" count="0" type="cond" truecount="0" falsecount="1"/>
        <line num="86" count="0" type="stmt"/>
        <line num="89" count="0" type="stmt"/>
        <line num="90" count="0" type="cond" truecount="0" falsecount="5"/>
        <line num="91" count="0" type="stmt"/>
        <line num="92" count="0" type="stmt"/>
        <line num="93" count="0" type="stmt"/>
        <line num="94" count="0" type="stmt"/>
        <line num="95" count="0" type="stmt"/>
        <line num="108" count="0" type="stmt"/>
        <line num="109" count="0" type="stmt"/>
        <line num="111" count="0" type="stmt"/>
        <line num="115" count="0" type="stmt"/>
        <line num="170" count="0" type="stmt"/>
        <line num="171" count="0" type="cond" truecount="0" falsecount="3"/>
        <line num="225" count="0" type="stmt"/>
        <line num="235" count="0" type="stmt"/>
        <line num="262" count="0" type="stmt"/>
        <line num="324" count="0" type="stmt"/>
        <line num="325" count="0" type="stmt"/>
        <line num="326" count="0" type="stmt"/>
        <line num="342" count="0" type="stmt"/>
        <line num="349" count="0" type="cond" truecount="0" falsecount="2"/>
        <line num="353" count="0" type="cond" truecount="0" falsecount="1"/>
        <line num="354" count="0" type="cond" truecount="0" falsecount="1"/>
        <line num="355" count="0" type="cond" truecount="0" falsecount="1"/>
        <line num="356" count="0" type="stmt"/>
      </file>
      <file name="AIDirectorCapabilities.js" path="/workspace/app/components/AIDirectorCapabilities.js">
        <metrics statements="15" coveredstatements="0" conditionals="20" coveredconditionals="0" methods="12" coveredmethods="0"/>
        <line num="3" count="0" type="stmt"/>
        <line num="4" count="0" type="stmt"/>
        <line num="6" count="0" type="stmt"/>
        <line num="7" count="0" type="stmt"/>
        <line num="9" count="0" type="stmt"/>
        <line num="80" count="0" type="stmt"/>
        <line num="82" count="0" type="stmt"/>
        <line num="175" count="0" type="stmt"/>
        <line num="204" count="0" type="stmt"/>
        <line num="234" count="0" type="stmt"/>
        <line num="240" count="0" type="stmt"/>
        <line num="246" count="0" type="stmt"/>
        <line num="257" count="0" type="stmt"/>
        <line num="286" count="0" type="stmt"/>
        <line num="287" count="0" type="stmt"/>
      </file>
      <file name="AdminPanel.js" path="/workspace/app/components/AdminPanel.js">
        <metrics statements="106" coveredstatements="45" conditionals="35" coveredconditionals="19" methods="43" coveredmethods="9"/>
        <line num="3" count="1" type="stmt"/>
        <line num="6" count="34" type="stmt"/>
        <line num="7" count="33" type="stmt"/>
        <line num="8" count="33" type="stmt"/>
        <line num="9" count="33" type="stmt"/>
        <line num="17" count="33" type="stmt"/>
        <line num="18" count="5" type="stmt"/>
        <line num="19" count="5" type="stmt"/>
        <line num="20" count="5" type="cond" truecount="1" falsecount="0"/>
        <line num="21" count="1" type="stmt"/>
        <line num="22" count="1" type="stmt"/>
        <line num="27" count="1" type="stmt"/>
        <line num="28" count="1" type="cond" truecount="1" falsecount="1"/>
        <line num="29" count="0" type="stmt"/>
        <line num="30" count="0" type="stmt"/>
        <line num="32" count="1" type="stmt"/>
        <line num="33" count="1" type="stmt"/>
        <line num="36" count="0" type="stmt"/>
        <line num="40" count="5" type="stmt"/>
        <line num="43" count="33" type="stmt"/>
        <line num="44" count="2" type="stmt"/>
        <line num="45" count="2" type="stmt"/>
        <line num="53" count="2" type="stmt"/>
        <line num="55" count="1" type="cond" truecount="3" falsecount="1"/>
        <line num="56" count="1" type="stmt"/>
        <line num="57" count="1" type="stmt"/>
        <line num="58" count="1" type="stmt"/>
        <line num="59" count="1" type="stmt"/>
        <line num="61" count="0" type="stmt"/>
        <line num="64" count="1" type="stmt"/>
        <line num="65" count="1" type="stmt"/>
        <line num="69" count="33" type="stmt"/>
        <line num="70" count="0" type="stmt"/>
        <line num="71" count="0" type="stmt"/>
        <line num="72" count="0" type="stmt"/>
        <line num="73" count="0" type="stmt"/>
        <line num="76" count="33" type="stmt"/>
        <line num="78" count="1" type="stmt"/>
        <line num="79" count="1" type="cond" truecount="1" falsecount="1"/>
        <line num="80" count="0" type="stmt"/>
        <line num="83" count="1" type="stmt"/>
        <line num="137" count="33" type="stmt"/>
        <line num="138" count="0" type="stmt"/>
        <line num="139" count="0" type="stmt"/>
        <line num="142" count="33" type="stmt"/>
        <line num="143" count="0" type="stmt"/>
        <line num="149" count="0" type="stmt"/>
        <line num="155" count="33" type="stmt"/>
        <line num="156" count="0" type="cond" truecount="0" falsecount="5"/>
        <line num="158" count="0" type="stmt"/>
        <line num="165" count="0" type="stmt"/>
        <line num="173" count="0" type="stmt"/>
        <line num="180" count="0" type="stmt"/>
        <line num="187" count="0" type="stmt"/>
        <line num="191" count="33" type="stmt"/>
        <line num="192" count="0" type="stmt"/>
        <line num="195" count="0" type="cond" truecount="0" falsecount="2"/>
        <line num="200" count="33" type="stmt"/>
        <line num="201" count="0" type="cond" truecount="0" falsecount="1"/>
        <line num="202" count="0" type="stmt"/>
        <line num="204" count="0" type="stmt"/>
        <line num="209" count="33" type="stmt"/>
        <line num="210" count="0" type="stmt"/>
        <line num="211" count="0" type="stmt"/>
        <line num="212" count="0" type="stmt"/>
        <line num="213" count="0" type="stmt"/>
        <line num="214" count="0" type="stmt"/>
        <line num="215" count="0" type="stmt"/>
        <line num="216" count="0" type="stmt"/>
        <line num="219" count="33" type="stmt"/>
        <line num="220" count="0" type="stmt"/>
        <line num="221" count="0" type="cond" truecount="0" falsecount="1"/>
        <line num="222" count="0" type="stmt"/>
        <line num="223" count="0" type="stmt"/>
        <line num="224" count="0" type="stmt"/>
        <line num="225" count="0" type="stmt"/>
        <line num="226" count="0" type="stmt"/>
        <line num="227" count="0" type="stmt"/>
        <line num="229" count="0" type="stmt"/>
        <line num="232" count="0" type="stmt"/>
        <line num="236" count="33" type="cond" truecount="1" falsecount="0"/>
        <line num="245" count="27" type="stmt"/>
        <line num="246" count="27" type="cond" truecount="1" falsecount="1"/>
        <line num="345" count="4" type="stmt"/>
        <line num="348" count="0" type="stmt"/>
        <line num="364" count="0" type="stmt"/>
        <line num="373" count="2" type="stmt"/>
        <line num="381" count="0" type="stmt"/>
        <line num="386" count="0" type="stmt"/>
        <line num="399" count="0" type="stmt"/>
        <line num="404" count="0" type="stmt"/>
        <line num="410" count="0" type="stmt"/>
        <line num="417" count="0" type="stmt"/>
        <line num="427" count="0" type="stmt"/>
        <line num="432" count="0" type="stmt"/>
        <line num="438" count="0" type="stmt"/>
        <line num="443" count="0" type="stmt"/>
        <line num="454" count="0" type="stmt"/>
        <line num="459" count="0" type="stmt"/>
        <line num="464" count="0" type="stmt"/>
        <line num="469" count="0" type="stmt"/>
        <line num="480" count="0" type="stmt"/>
        <line num="485" count="0" type="stmt"/>
        <line num="490" count="0" type="stmt"/>
        <line num="499" count="0" type="stmt"/>
        <line num="747" count="5" type="stmt"/>
      </file>
      <file name="AnalyticsTracker.js" path="/workspace/app/components/AnalyticsTracker.js">
        <metrics statements="56" coveredstatements="0" conditionals="25" coveredconditionals="0" methods="13" coveredmethods="0"/>
        <line num="3" count="0" type="stmt"/>
        <line num="6" count="0" type="cond" truecount="0" falsecount="1"/>
        <line num="7" count="0" type="cond" truecount="0" falsecount="1"/>
        <line num="10" count="0" type="cond" truecount="0" falsecount="1"/>
        <line num="11" count="0" type="stmt"/>
        <line num="19" count="0" type="cond" truecount="0" falsecount="3"/>
        <line num="20" count="0" type="stmt"/>
        <line num="23" count="0" type="stmt"/>
        <line num="27" count="0" type="cond" truecount="0" falsecount="1"/>
        <line num="28" count="0" type="cond" truecount="0" falsecount="1"/>
        <line num="31" count="0" type="cond" truecount="0" falsecount="1"/>
        <line num="32" count="0" type="stmt"/>
        <line num="40" count="0" type="cond" truecount="0" falsecount="1"/>
        <line num="41" count="0" type="stmt"/>
        <line num="49" count="0" type="cond" truecount="0" falsecount="2"/>
        <line num="50" count="0" type="stmt"/>
        <line num="60" count="0" type="cond" truecount="0" falsecount="1"/>
        <line num="61" count="0" type="stmt"/>
        <line num="70" count="0" type="cond" truecount="0" falsecount="1"/>
        <line num="71" count="0" type="stmt"/>
        <line num="79" count="0" type="stmt"/>
        <line num="80" count="0" type="stmt"/>
        <line num="88" count="0" type="stmt"/>
        <line num="89" count="0" type="stmt"/>
        <line num="98" count="0" type="stmt"/>
        <line num="100" count="0" type="stmt"/>
        <line num="103" count="0" type="stmt"/>
        <line num="105" count="0" type="stmt"/>
        <line num="106" count="0" type="stmt"/>
        <line num="107" count="0" type="stmt"/>
        <line num="110" count="0" type="stmt"/>
        <line num="113" count="0" type="stmt"/>
        <line num="114" count="0" type="stmt"/>
        <line num="115" count="0" type="stmt"/>
        <line num="116" count="0" type="stmt"/>
        <line num="117" count="0" type="stmt"/>
        <line num="119" count="0" type="cond" truecount="0" falsecount="3"/>
        <line num="120" count="0" type="stmt"/>
        <line num="121" count="0" type="stmt"/>
        <line num="125" count="0" type="stmt"/>
        <line num="128" count="0" type="stmt"/>
        <line num="129" count="0" type="stmt"/>
        <line num="130" count="0" type="cond" truecount="0" falsecount="1"/>
        <line num="132" count="0" type="stmt"/>
        <line num="133" count="0" type="cond" truecount="0" falsecount="1"/>
        <line num="134" count="0" type="stmt"/>
        <line num="135" count="0" type="stmt"/>
        <line num="136" count="0" type="stmt"/>
        <line num="144" count="0" type="stmt"/>
        <line num="153" count="0" type="stmt"/>
        <line num="156" count="0" type="stmt"/>
        <line num="157" count="0" type="stmt"/>
        <line num="158" count="0" type="stmt"/>
        <line num="159" count="0" type="stmt"/>
        <line num="163" count="0" type="stmt"/>
        <line num="166" count="0" type="stmt"/>
      </file>
      <file name="AnimatedLogo.js" path="/workspace/app/components/AnimatedLogo.js">
        <metrics statements="61" coveredstatements="0" conditionals="4" coveredconditionals="0" methods="12" coveredmethods="0"/>
        <line num="2" count="0" type="stmt"/>
        <line num="4" count="0" type="stmt"/>
        <line num="5" count="0" type="stmt"/>
        <line num="6" count="0" type="stmt"/>
        <line num="8" count="0" type="stmt"/>
        <line num="9" count="0" type="cond" truecount="0" falsecount="1"/>
        <line num="12" count="0" type="stmt"/>
        <line num="13" count="0" type="stmt"/>
        <line num="14" count="0" type="stmt"/>
        <line num="18" count="0" type="stmt"/>
        <line num="19" count="0" type="stmt"/>
        <line num="20" count="0" type="stmt"/>
        <line num="22" count="0" type="stmt"/>
        <line num="23" count="0" type="stmt"/>
        <line num="24" count="0" type="stmt"/>
        <line num="26" count="0" type="stmt"/>
        <line num="27" count="0" type="stmt"/>
        <line num="28" count="0" type="stmt"/>
        <line num="29" count="0" type="stmt"/>
        <line num="31" count="0" type="stmt"/>
        <line num="32" count="0" type="stmt"/>
        <line num="33" count="0" type="stmt"/>
        <line num="34" count="0" type="stmt"/>
        <line num="36" count="0" type="stmt"/>
        <line num="37" count="0" type="stmt"/>
        <line num="39" count="0" type="stmt"/>
        <line num="40" count="0" type="stmt"/>
        <line num="43" count="0" type="stmt"/>
        <line num="44" count="0" type="stmt"/>
        <line num="45" count="0" type="stmt"/>
        <line num="50" count="0" type="stmt"/>
        <line num="51" count="0" type="cond" truecount="0" falsecount="1"/>
        <line num="52" count="0" type="stmt"/>
        <line num="57" count="0" type="stmt"/>
        <line num="58" count="0" type="stmt"/>
        <line num="59" count="0" type="stmt"/>
        <line num="61" count="0" type="stmt"/>
        <line num="62" count="0" type="stmt"/>
        <line num="64" count="0" type="cond" truecount="0" falsecount="1"/>
        <line num="65" count="0" type="stmt"/>
        <line num="66" count="0" type="stmt"/>
        <line num="67" count="0" type="stmt"/>
        <line num="69" count="0" type="stmt"/>
        <line num="70" count="0" type="stmt"/>
        <line num="71" count="0" type="stmt"/>
        <line num="72" count="0" type="stmt"/>
        <line num="74" count="0" type="stmt"/>
        <line num="75" count="0" type="stmt"/>
        <line num="77" count="0" type="stmt"/>
        <line num="78" count="0" type="stmt"/>
        <line num="79" count="0" type="stmt"/>
        <line num="80" count="0" type="stmt"/>
        <line num="82" count="0" type="stmt"/>
        <line num="84" count="0" type="stmt"/>
        <line num="88" count="0" type="stmt"/>
        <line num="89" count="0" type="cond" truecount="0" falsecount="1"/>
        <line num="90" count="0" type="stmt"/>
        <line num="94" count="0" type="stmt"/>
        <line num="95" count="0" type="stmt"/>
        <line num="96" count="0" type="stmt"/>
        <line num="97" count="0" type="stmt"/>
      </file>
      <file name="BusinessShowcase.js" path="/workspace/app/components/BusinessShowcase.js">
        <metrics statements="30" coveredstatements="0" conditionals="8" coveredconditionals="0" methods="12" coveredmethods="0"/>
        <line num="3" count="0" type="stmt"/>
        <line num="4" count="0" type="stmt"/>
        <line num="6" count="0" type="stmt"/>
        <line num="219" count="0" type="stmt"/>
        <line num="253" count="0" type="stmt"/>
        <line num="254" count="0" type="stmt"/>
        <line num="255" count="0" type="stmt"/>
        <line num="257" count="0" type="stmt"/>
        <line num="258" count="0" type="stmt"/>
        <line num="259" count="0" type="cond" truecount="0" falsecount="1"/>
        <line num="260" count="0" type="stmt"/>
        <line num="264" count="0" type="stmt"/>
        <line num="266" count="0" type="stmt"/>
        <line num="273" count="0" type="stmt"/>
        <line num="274" count="0" type="cond" truecount="0" falsecount="2"/>
        <line num="275" count="0" type="stmt"/>
        <line num="276" count="0" type="stmt"/>
        <line num="279" count="0" type="stmt"/>
        <line num="282" count="0" type="stmt"/>
        <line num="283" count="0" type="stmt"/>
        <line num="296" count="0" type="stmt"/>
        <line num="297" count="0" type="stmt"/>
        <line num="301" count="0" type="stmt"/>
        <line num="314" count="0" type="stmt"/>
        <line num="341" count="0" type="stmt"/>
        <line num="350" count="0" type="stmt"/>
        <line num="364" count="0" type="stmt"/>
        <line num="383" count="0" type="stmt"/>
        <line num="392" count="0" type="stmt"/>
        <line num="412" count="0" type="stmt"/>
      </file>
      <file name="CRMAnalytics.js" path="/workspace/app/components/CRMAnalytics.js">
        <metrics statements="108" coveredstatements="0" conditionals="40" coveredconditionals="0" methods="41" coveredmethods="0"/>
        <line num="3" count="0" type="stmt"/>
        <line num="7" count="0" type="stmt"/>
        <line num="22" count="0" type="stmt"/>
        <line num="29" count="0" type="stmt"/>
        <line num="34" count="0" type="stmt"/>
        <line num="35" count="0" type="stmt"/>
        <line num="37" count="0" type="stmt"/>
        <line num="47" count="0" type="stmt"/>
        <line num="48" count="0" type="stmt"/>
        <line num="52" count="0" type="stmt"/>
        <line num="53" count="0" type="stmt"/>
        <line num="58" count="0" type="stmt"/>
        <line num="63" count="0" type="stmt"/>
        <line num="72" count="0" type="stmt"/>
        <line num="73" count="0" type="stmt"/>
        <line num="76" count="0" type="cond" truecount="0" falsecount="1"/>
        <line num="77" count="0" type="stmt"/>
        <line num="80" count="0" type="stmt"/>
        <line num="85" count="0" type="stmt"/>
        <line num="95" count="0" type="cond" truecount="0" falsecount="4"/>
        <line num="96" count="0" type="stmt"/>
        <line num="98" count="0" type="stmt"/>
        <line num="102" count="0" type="stmt"/>
        <line num="106" count="0" type="stmt"/>
        <line num="114" count="0" type="cond" truecount="0" falsecount="2"/>
        <line num="118" count="0" type="stmt"/>
        <line num="120" count="0" type="stmt"/>
        <line num="128" count="0" type="cond" truecount="0" falsecount="1"/>
        <line num="129" count="0" type="stmt"/>
        <line num="132" count="0" type="stmt"/>
        <line num="134" count="0" type="stmt"/>
        <line num="139" count="0" type="cond" truecount="0" falsecount="2"/>
        <line num="140" count="0" type="stmt"/>
        <line num="141" count="0" type="stmt"/>
        <line num="146" count="0" type="stmt"/>
        <line num="149" count="0" type="cond" truecount="0" falsecount="1"/>
        <line num="150" count="0" type="stmt"/>
        <line num="151" count="0" type="stmt"/>
        <line num="155" count="0" type="cond" truecount="0" falsecount="1"/>
        <line num="156" count="0" type="stmt"/>
        <line num="160" count="0" type="cond" truecount="0" falsecount="3"/>
        <line num="161" count="0" type="stmt"/>
        <line num="166" count="0" type="cond" truecount="0" falsecount="3"/>
        <line num="167" count="0" type="stmt"/>
        <line num="170" count="0" type="cond" truecount="0" falsecount="3"/>
        <line num="171" count="0" type="stmt"/>
        <line num="176" count="0" type="cond" truecount="0" falsecount="2"/>
        <line num="177" count="0" type="stmt"/>
        <line num="178" count="0" type="stmt"/>
        <line num="181" count="0" type="stmt"/>
        <line num="182" count="0" type="stmt"/>
        <line num="186" count="0" type="cond" truecount="0" falsecount="2"/>
        <line num="187" count="0" type="stmt"/>
        <line num="188" count="0" type="stmt"/>
        <line num="191" count="0" type="stmt"/>
        <line num="192" count="0" type="stmt"/>
        <line num="197" count="0" type="stmt"/>
        <line num="200" count="0" type="stmt"/>
        <line num="205" count="0" type="stmt"/>
        <line num="212" count="0" type="stmt"/>
        <line num="216" count="0" type="stmt"/>
        <line num="223" count="0" type="stmt"/>
        <line num="227" count="0" type="stmt"/>
        <line num="231" count="0" type="stmt"/>
        <line num="235" count="0" type="stmt"/>
        <line num="240" count="0" type="stmt"/>
        <line num="241" count="0" type="stmt"/>
        <line num="242" count="0" type="stmt"/>
        <line num="243" count="0" type="stmt"/>
        <line num="251" count="0" type="stmt"/>
        <line num="252" count="0" type="stmt"/>
        <line num="257" count="0" type="cond" truecount="0" falsecount="2"/>
        <line num="261" count="0" type="stmt"/>
        <line num="262" count="0" type="cond" truecount="0" falsecount="1"/>
        <line num="263" count="0" type="stmt"/>
        <line num="264" count="0" type="stmt"/>
        <line num="265" count="0" type="stmt"/>
        <line num="268" count="0" type="stmt"/>
        <line num="269" count="0" type="stmt"/>
        <line num="270" count="0" type="stmt"/>
        <line num="271" count="0" type="stmt"/>
        <line num="276" count="0" type="stmt"/>
        <line num="277" count="0" type="stmt"/>
        <line num="283" count="0" type="stmt"/>
        <line num="288" count="0" type="stmt"/>
        <line num="289" count="0" type="stmt"/>
        <line num="290" count="0" type="cond" truecount="0" falsecount="1"/>
        <line num="291" count="0" type="stmt"/>
        <line num="292" count="0" type="stmt"/>
        <line num="293" count="0" type="cond" truecount="0" falsecount="2"/>
        <line num="294" count="0" type="stmt"/>
        <line num="297" count="0" type="stmt"/>
        <line num="303" count="0" type="stmt"/>
        <line num="307" count="0" type="stmt"/>
        <line num="308" count="0" type="stmt"/>
        <line num="310" count="0" type="stmt"/>
        <line num="311" count="0" type="stmt"/>
        <line num="312" count="0" type="stmt"/>
        <line num="315" count="0" type="stmt"/>
        <line num="316" count="0" type="stmt"/>
        <line num="318" count="0" type="stmt"/>
        <line num="321" count="0" type="cond" truecount="0" falsecount="1"/>
        <line num="328" count="0" type="stmt"/>
        <line num="340" count="0" type="stmt"/>
        <line num="389" count="0" type="stmt"/>
        <line num="400" count="0" type="stmt"/>
        <line num="588" count="0" type="stmt"/>
        <line num="589" count="0" type="stmt"/>
      </file>
      <file name="ConfirmationModal.js" path="/workspace/app/components/ConfirmationModal.js">
        <metrics statements="22" coveredstatements="0" conditionals="6" coveredconditionals="0" methods="8" coveredmethods="0"/>
        <line num="3" count="0" type="stmt"/>
        <line num="7" count="0" type="stmt"/>
        <line num="8" count="0" type="cond" truecount="0" falsecount="1"/>
        <line num="10" count="0" type="stmt"/>
        <line num="11" count="0" type="stmt"/>
        <line num="15" count="0" type="stmt"/>
        <line num="18" count="0" type="stmt"/>
        <line num="19" count="0" type="cond" truecount="0" falsecount="1"/>
        <line num="21" count="0" type="stmt"/>
        <line num="23" count="0" type="stmt"/>
        <line num="24" count="0" type="stmt"/>
        <line num="25" count="0" type="stmt"/>
        <line num="26" count="0" type="stmt"/>
        <line num="31" count="0" type="cond" truecount="0" falsecount="1"/>
        <line num="33" count="0" type="stmt"/>
        <line num="34" count="0" type="cond" truecount="0" falsecount="2"/>
        <line num="36" count="0" type="stmt"/>
        <line num="47" count="0" type="stmt"/>
        <line num="60" count="0" type="stmt"/>
        <line num="64" count="0" type="stmt"/>
        <line num="83" count="0" type="stmt"/>
        <line num="454" count="0" type="stmt"/>
      </file>
      <file name="ContactForm.js" path="/workspace/app/components/ContactForm.js">
        <metrics statements="26" coveredstatements="0" conditionals="48" coveredconditionals="0" methods="7" coveredmethods="0"/>
        <line num="2" count="0" type="stmt"/>
        <line num="3" count="0" type="stmt"/>
        <line num="5" count="0" type="stmt"/>
        <line num="6" count="0" type="stmt"/>
        <line num="14" count="0" type="stmt"/>
        <line num="21" count="0" type="stmt"/>
        <line num="23" count="0" type="stmt"/>
        <line num="25" count="0" type="stmt"/>
        <line num="26" count="0" type="stmt"/>
        <line num="29" count="0" type="stmt"/>
        <line num="30" count="0" type="stmt"/>
        <line num="32" count="0" type="stmt"/>
        <line num="35" count="0" type="stmt"/>
        <line num="36" count="0" type="stmt"/>
        <line num="37" count="0" type="stmt"/>
        <line num="39" count="0" type="stmt"/>
        <line num="40" count="0" type="stmt"/>
        <line num="49" count="0" type="stmt"/>
        <line num="51" count="0" type="cond" truecount="0" falsecount="2"/>
        <line num="52" count="0" type="stmt"/>
        <line num="58" count="0" type="stmt"/>
        <line num="60" count="0" type="cond" truecount="0" falsecount="2"/>
        <line num="63" count="0" type="stmt"/>
        <line num="72" count="0" type="stmt"/>
        <line num="73" count="0" type="stmt"/>
        <line num="74" count="0" type="stmt"/>
      </file>
      <file name="ContentAutomation.js" path="/workspace/app/components/ContentAutomation.js">
        <metrics statements="171" coveredstatements="0" conditionals="70" coveredconditionals="0" methods="60" coveredmethods="0"/>
        <line num="3" count="0" type="stmt"/>
        <line num="7" count="0" type="stmt"/>
        <line num="8" count="0" type="stmt"/>
        <line num="9" count="0" type="stmt"/>
        <line num="10" count="0" type="stmt"/>
        <line num="12" count="0" type="stmt"/>
        <line num="17" count="0" type="stmt"/>
        <line num="20" count="0" type="stmt"/>
        <line num="21" count="0" type="stmt"/>
        <line num="25" count="0" type="stmt"/>
        <line num="28" count="0" type="stmt"/>
        <line num="32" count="0" type="stmt"/>
        <line num="33" count="0" type="cond" truecount="0" falsecount="2"/>
        <line num="34" count="0" type="stmt"/>
        <line num="35" count="0" type="stmt"/>
        <line num="36" count="0" type="stmt"/>
        <line num="40" count="0" type="stmt"/>
        <line num="45" count="0" type="stmt"/>
        <line num="98" count="0" type="stmt"/>
        <line num="99" count="0" type="stmt"/>
        <line num="102" count="0" type="stmt"/>
        <line num="106" count="0" type="stmt"/>
        <line num="107" count="0" type="stmt"/>
        <line num="113" count="0" type="stmt"/>
        <line num="114" count="0" type="stmt"/>
        <line num="117" count="0" type="stmt"/>
        <line num="118" count="0" type="stmt"/>
        <line num="123" count="0" type="stmt"/>
        <line num="124" count="0" type="cond" truecount="0" falsecount="3"/>
        <line num="127" count="0" type="stmt"/>
        <line num="128" count="0" type="stmt"/>
        <line num="130" count="0" type="cond" truecount="0" falsecount="1"/>
        <line num="131" count="0" type="cond" truecount="0" falsecount="2"/>
        <line num="132" count="0" type="stmt"/>
        <line num="135" count="0" type="stmt"/>
        <line num="137" count="0" type="stmt"/>
        <line num="142" count="0" type="cond" truecount="0" falsecount="2"/>
        <line num="144" count="0" type="stmt"/>
        <line num="150" count="0" type="cond" truecount="0" falsecount="1"/>
        <line num="151" count="0" type="stmt"/>
        <line num="154" count="0" type="stmt"/>
        <line num="157" count="0" type="stmt"/>
        <line num="161" count="0" type="stmt"/>
        <line num="162" count="0" type="cond" truecount="0" falsecount="3"/>
        <line num="164" count="0" type="cond" truecount="0" falsecount="2"/>
        <line num="165" count="0" type="stmt"/>
        <line num="166" count="0" type="stmt"/>
        <line num="169" count="0" type="stmt"/>
        <line num="170" count="0" type="cond" truecount="0" falsecount="2"/>
        <line num="174" count="0" type="cond" truecount="0" falsecount="1"/>
        <line num="175" count="0" type="stmt"/>
        <line num="181" count="0" type="stmt"/>
        <line num="182" count="0" type="stmt"/>
        <line num="183" count="0" type="stmt"/>
        <line num="184" count="0" type="stmt"/>
        <line num="188" count="0" type="stmt"/>
        <line num="199" count="0" type="stmt"/>
        <line num="200" count="0" type="stmt"/>
        <line num="201" count="0" type="stmt"/>
        <line num="204" count="0" type="stmt"/>
        <line num="206" count="0" type="stmt"/>
        <line num="211" count="0" type="stmt"/>
        <line num="212" count="0" type="cond" truecount="0" falsecount="1"/>
        <line num="213" count="0" type="stmt"/>
        <line num="215" count="0" type="stmt"/>
        <line num="219" count="0" type="cond" truecount="0" falsecount="2"/>
        <line num="220" count="0" type="stmt"/>
        <line num="227" count="0" type="stmt"/>
        <line num="233" count="0" type="stmt"/>
        <line num="234" count="0" type="stmt"/>
        <line num="239" count="0" type="stmt"/>
        <line num="240" count="0" type="cond" truecount="0" falsecount="3"/>
        <line num="242" count="0" type="cond" truecount="0" falsecount="2"/>
        <line num="243" count="0" type="stmt"/>
        <line num="246" count="0" type="stmt"/>
        <line num="253" count="0" type="stmt"/>
        <line num="254" count="0" type="stmt"/>
        <line num="256" count="0" type="stmt"/>
        <line num="260" count="0" type="cond" truecount="0" falsecount="2"/>
        <line num="261" count="0" type="cond" truecount="0" falsecount="2"/>
        <line num="272" count="0" type="cond" truecount="0" falsecount="2"/>
        <line num="273" count="0" type="stmt"/>
        <line num="274" count="0" type="stmt"/>
        <line num="278" count="0" type="stmt"/>
        <line num="281" count="0" type="stmt"/>
        <line num="282" count="0" type="stmt"/>
        <line num="285" count="0" type="cond" truecount="0" falsecount="1"/>
        <line num="286" count="0" type="stmt"/>
        <line num="294" count="0" type="cond" truecount="0" falsecount="1"/>
        <line num="295" count="0" type="stmt"/>
        <line num="303" count="0" type="cond" truecount="0" falsecount="1"/>
        <line num="304" count="0" type="stmt"/>
        <line num="312" count="0" type="stmt"/>
        <line num="317" count="0" type="stmt"/>
        <line num="318" count="0" type="cond" truecount="0" falsecount="3"/>
        <line num="320" count="0" type="stmt"/>
        <line num="321" count="0" type="stmt"/>
        <line num="324" count="0" type="stmt"/>
        <line num="325" count="0" type="stmt"/>
        <line num="326" count="0" type="cond" truecount="0" falsecount="3"/>
        <line num="327" count="0" type="stmt"/>
        <line num="330" count="0" type="cond" truecount="0" falsecount="1"/>
        <line num="331" count="0" type="stmt"/>
        <line num="335" count="0" type="stmt"/>
        <line num="336" count="0" type="stmt"/>
        <line num="337" count="0" type="cond" truecount="0" falsecount="3"/>
        <line num="338" count="0" type="stmt"/>
        <line num="341" count="0" type="cond" truecount="0" falsecount="1"/>
        <line num="342" count="0" type="stmt"/>
        <line num="347" count="0" type="cond" truecount="0" falsecount="2"/>
        <line num="349" count="0" type="stmt"/>
        <line num="350" count="0" type="stmt"/>
        <line num="360" count="0" type="stmt"/>
        <line num="361" count="0" type="stmt"/>
        <line num="366" count="0" type="stmt"/>
        <line num="367" count="0" type="cond" truecount="0" falsecount="1"/>
        <line num="368" count="0" type="cond" truecount="0" falsecount="2"/>
        <line num="370" count="0" type="stmt"/>
        <line num="374" count="0" type="cond" truecount="0" falsecount="2"/>
        <line num="375" count="0" type="stmt"/>
        <line num="376" count="0" type="stmt"/>
        <line num="380" count="0" type="stmt"/>
        <line num="381" count="0" type="cond" truecount="0" falsecount="1"/>
        <line num="382" count="0" type="cond" truecount="0" falsecount="2"/>
        <line num="384" count="0" type="stmt"/>
        <line num="389" count="0" type="stmt"/>
        <line num="395" count="0" type="stmt"/>
        <line num="401" count="0" type="stmt"/>
        <line num="407" count="0" type="stmt"/>
        <line num="409" count="0" type="stmt"/>
        <line num="417" count="0" type="cond" truecount="0" falsecount="2"/>
        <line num="421" count="0" type="stmt"/>
        <line num="422" count="0" type="stmt"/>
        <line num="424" count="0" type="cond" truecount="0" falsecount="3"/>
        <line num="426" count="0" type="stmt"/>
        <line num="427" count="0" type="stmt"/>
        <line num="428" count="0" type="cond" truecount="0" falsecount="1"/>
        <line num="429" count="0" type="stmt"/>
        <line num="430" count="0" type="stmt"/>
        <line num="434" count="0" type="stmt"/>
        <line num="435" count="0" type="stmt"/>
        <line num="437" count="0" type="stmt"/>
        <line num="442" count="0" type="stmt"/>
        <line num="443" count="0" type="stmt"/>
        <line num="444" count="0" type="stmt"/>
        <line num="446" count="0" type="stmt"/>
        <line num="451" count="0" type="stmt"/>
        <line num="455" count="0" type="stmt"/>
        <line num="456" count="0" type="stmt"/>
        <line num="457" count="0" type="stmt"/>
        <line num="459" count="0" type="stmt"/>
        <line num="460" count="0" type="stmt"/>
        <line num="461" count="0" type="stmt"/>
        <line num="462" count="0" type="stmt"/>
        <line num="465" count="0" type="stmt"/>
        <line num="466" count="0" type="stmt"/>
        <line num="468" count="0" type="stmt"/>
        <line num="471" count="0" type="stmt"/>
        <line num="472" count="0" type="stmt"/>
        <line num="473" count="0" type="stmt"/>
        <line num="476" count="0" type="stmt"/>
        <line num="477" count="0" type="stmt"/>
        <line num="478" count="0" type="stmt"/>
        <line num="481" count="0" type="cond" truecount="0" falsecount="1"/>
        <line num="487" count="0" type="stmt"/>
        <line num="500" count="0" type="stmt"/>
        <line num="522" count="0" type="stmt"/>
        <line num="529" count="0" type="stmt"/>
        <line num="535" count="0" type="stmt"/>
        <line num="724" count="0" type="stmt"/>
        <line num="725" count="0" type="stmt"/>
      </file>
      <file name="ErrorLogPanel.js" path="/workspace/app/components/ErrorLogPanel.js">
        <metrics statements="102" coveredstatements="0" conditionals="47" coveredconditionals="0" methods="26" coveredmethods="0"/>
        <line num="3" count="0" type="stmt"/>
        <line num="7" count="0" type="stmt"/>
        <line num="8" count="0" type="stmt"/>
        <line num="9" count="0" type="stmt"/>
        <line num="10" count="0" type="stmt"/>
        <line num="15" count="0" type="cond" truecount="0" falsecount="3"/>
        <line num="16" count="0" type="stmt"/>
        <line num="19" count="0" type="stmt"/>
        <line num="22" count="0" type="stmt"/>
        <line num="23" count="0" type="stmt"/>
        <line num="35" count="0" type="stmt"/>
        <line num="36" count="0" type="stmt"/>
        <line num="45" count="0" type="stmt"/>
        <line num="46" count="0" type="stmt"/>
        <line num="47" count="0" type="stmt"/>
        <line num="52" count="0" type="stmt"/>
        <line num="56" count="0" type="cond" truecount="0" falsecount="3"/>
        <line num="57" count="0" type="stmt"/>
        <line num="62" count="0" type="stmt"/>
        <line num="63" count="0" type="stmt"/>
        <line num="66" count="0" type="cond" truecount="0" falsecount="3"/>
        <line num="67" count="0" type="stmt"/>
        <line num="68" count="0" type="stmt"/>
        <line num="71" count="0" type="stmt"/>
        <line num="75" count="0" type="stmt"/>
        <line num="76" count="0" type="stmt"/>
        <line num="78" count="0" type="stmt"/>
        <line num="82" count="0" type="stmt"/>
        <line num="86" count="0" type="stmt"/>
        <line num="90" count="0" type="stmt"/>
        <line num="91" count="0" type="stmt"/>
        <line num="92" count="0" type="cond" truecount="0" falsecount="3"/>
        <line num="93" count="0" type="stmt"/>
        <line num="98" count="0" type="stmt"/>
        <line num="107" count="0" type="stmt"/>
        <line num="108" count="0" type="stmt"/>
        <line num="109" count="0" type="cond" truecount="0" falsecount="2"/>
        <line num="111" count="0" type="stmt"/>
        <line num="116" count="0" type="stmt"/>
        <line num="120" count="0" type="cond" truecount="0" falsecount="1"/>
        <line num="121" count="0" type="stmt"/>
        <line num="124" count="0" type="cond" truecount="0" falsecount="1"/>
        <line num="125" count="0" type="stmt"/>
        <line num="126" count="0" type="stmt"/>
        <line num="129" count="0" type="stmt"/>
        <line num="134" count="0" type="stmt"/>
        <line num="135" count="0" type="stmt"/>
        <line num="137" count="0" type="stmt"/>
        <line num="138" count="0" type="cond" truecount="0" falsecount="1"/>
        <line num="139" count="0" type="stmt"/>
        <line num="146" count="0" type="stmt"/>
        <line num="152" count="0" type="cond" truecount="0" falsecount="1"/>
        <line num="153" count="0" type="stmt"/>
        <line num="156" count="0" type="stmt"/>
        <line num="157" count="0" type="cond" truecount="0" falsecount="2"/>
        <line num="158" count="0" type="stmt"/>
        <line num="160" count="0" type="stmt"/>
        <line num="161" count="0" type="cond" truecount="0" falsecount="1"/>
        <line num="162" count="0" type="stmt"/>
        <line num="168" count="0" type="stmt"/>
        <line num="174" count="0" type="cond" truecount="0" falsecount="3"/>
        <line num="175" count="0" type="stmt"/>
        <line num="178" count="0" type="stmt"/>
        <line num="179" count="0" type="cond" truecount="0" falsecount="4"/>
        <line num="181" count="0" type="stmt"/>
        <line num="182" count="0" type="cond" truecount="0" falsecount="2"/>
        <line num="184" count="0" type="stmt"/>
        <line num="185" count="0" type="stmt"/>
        <line num="187" count="0" type="stmt"/>
        <line num="188" count="0" type="stmt"/>
        <line num="190" count="0" type="stmt"/>
        <line num="193" count="0" type="stmt"/>
        <line num="194" count="0" type="cond" truecount="0" falsecount="1"/>
        <line num="195" count="0" type="stmt"/>
        <line num="201" count="0" type="stmt"/>
        <line num="207" count="0" type="stmt"/>
        <line num="208" count="0" type="stmt"/>
        <line num="209" count="0" type="stmt"/>
        <line num="211" count="0" type="stmt"/>
        <line num="213" count="0" type="stmt"/>
        <line num="214" count="0" type="stmt"/>
        <line num="216" count="0" type="cond" truecount="0" falsecount="1"/>
        <line num="217" count="0" type="stmt"/>
        <line num="218" count="0" type="stmt"/>
        <line num="221" count="0" type="stmt"/>
        <line num="222" count="0" type="stmt"/>
        <line num="224" count="0" type="stmt"/>
        <line num="228" count="0" type="stmt"/>
        <line num="229" count="0" type="cond" truecount="0" falsecount="1"/>
        <line num="230" count="0" type="stmt"/>
        <line num="231" count="0" type="stmt"/>
        <line num="235" count="0" type="cond" truecount="0" falsecount="3"/>
        <line num="241" count="0" type="stmt"/>
        <line num="256" count="0" type="stmt"/>
        <line num="275" count="0" type="stmt"/>
        <line num="297" count="0" type="stmt"/>
        <line num="510" count="0" type="stmt"/>
        <line num="511" count="0" type="stmt"/>
        <line num="512" count="0" type="stmt"/>
        <line num="513" count="0" type="stmt"/>
        <line num="514" count="0" type="stmt"/>
        <line num="516" count="0" type="stmt"/>
      </file>
      <file name="LearningPlatform.js" path="/workspace/app/components/LearningPlatform.js">
        <metrics statements="43" coveredstatements="0" conditionals="28" coveredconditionals="0" methods="17" coveredmethods="0"/>
        <line num="3" count="0" type="stmt"/>
        <line num="5" count="0" type="stmt"/>
        <line num="175" count="0" type="stmt"/>
        <line num="176" count="0" type="stmt"/>
        <line num="177" count="0" type="stmt"/>
        <line num="178" count="0" type="stmt"/>
        <line num="179" count="0" type="stmt"/>
        <line num="181" count="0" type="stmt"/>
        <line num="182" count="0" type="stmt"/>
        <line num="183" count="0" type="stmt"/>
        <line num="184" count="0" type="stmt"/>
        <line num="185" count="0" type="stmt"/>
        <line num="188" count="0" type="stmt"/>
        <line num="189" count="0" type="stmt"/>
        <line num="195" count="0" type="stmt"/>
        <line num="196" count="0" type="stmt"/>
        <line num="197" count="0" type="stmt"/>
        <line num="199" count="0" type="stmt"/>
        <line num="200" count="0" type="cond" truecount="0" falsecount="1"/>
        <line num="201" count="0" type="stmt"/>
        <line num="205" count="0" type="stmt"/>
        <line num="207" count="0" type="stmt"/>
        <line num="214" count="0" type="stmt"/>
        <line num="217" count="0" type="stmt"/>
        <line num="218" count="0" type="stmt"/>
        <line num="219" count="0" type="stmt"/>
        <line num="220" count="0" type="stmt"/>
        <line num="223" count="0" type="stmt"/>
        <line num="224" count="0" type="stmt"/>
        <line num="225" count="0" type="stmt"/>
        <line num="228" count="0" type="cond" truecount="0" falsecount="1"/>
        <line num="233" count="0" type="stmt"/>
        <line num="272" count="0" type="stmt"/>
        <line num="281" count="0" type="stmt"/>
        <line num="284" count="0" type="stmt"/>
        <line num="337" count="0" type="stmt"/>
        <line num="350" count="0" type="stmt"/>
        <line num="355" count="0" type="stmt"/>
        <line num="363" count="0" type="stmt"/>
        <line num="401" count="0" type="stmt"/>
        <line num="402" count="0" type="stmt"/>
        <line num="404" count="0" type="stmt"/>
        <line num="843" count="0" type="stmt"/>
      </file>
      <file name="MobileTestPanel.js" path="/workspace/app/components/MobileTestPanel.js">
        <metrics statements="232" coveredstatements="0" conditionals="143" coveredconditionals="0" methods="50" coveredmethods="0"/>
        <line num="3" count="0" type="stmt"/>
        <line num="7" count="0" type="stmt"/>
        <line num="8" count="0" type="stmt"/>
        <line num="9" count="0" type="stmt"/>
        <line num="10" count="0" type="stmt"/>
        <line num="12" count="0" type="stmt"/>
        <line num="13" count="0" type="stmt"/>
        <line num="17" count="0" type="stmt"/>
        <line num="65" count="0" type="stmt"/>
        <line num="66" count="0" type="stmt"/>
        <line num="71" count="0" type="stmt"/>
        <line num="72" count="0" type="stmt"/>
        <line num="73" count="0" type="stmt"/>
        <line num="74" count="0" type="stmt"/>
        <line num="79" count="0" type="cond" truecount="0" falsecount="3"/>
        <line num="80" count="0" type="stmt"/>
        <line num="93" count="0" type="stmt"/>
        <line num="108" count="0" type="cond" truecount="0" falsecount="2"/>
        <line num="109" count="0" type="stmt"/>
        <line num="110" count="0" type="cond" truecount="0" falsecount="2"/>
        <line num="111" count="0" type="stmt"/>
        <line num="112" count="0" type="cond" truecount="0" falsecount="2"/>
        <line num="113" count="0" type="stmt"/>
        <line num="115" count="0" type="stmt"/>
        <line num="118" count="0" type="stmt"/>
        <line num="119" count="0" type="stmt"/>
        <line num="123" count="0" type="cond" truecount="0" falsecount="1"/>
        <line num="125" count="0" type="stmt"/>
        <line num="133" count="0" type="stmt"/>
        <line num="134" count="0" type="stmt"/>
        <line num="135" count="0" type="stmt"/>
        <line num="137" count="0" type="stmt"/>
        <line num="139" count="0" type="cond" truecount="0" falsecount="1"/>
        <line num="140" count="0" type="stmt"/>
        <line num="143" count="0" type="cond" truecount="0" falsecount="3"/>
        <line num="144" count="0" type="stmt"/>
        <line num="145" count="0" type="stmt"/>
        <line num="147" count="0" type="cond" truecount="0" falsecount="1"/>
        <line num="148" count="0" type="stmt"/>
        <line num="153" count="0" type="cond" truecount="0" falsecount="3"/>
        <line num="154" count="0" type="stmt"/>
        <line num="163" count="0" type="stmt"/>
        <line num="167" count="0" type="stmt"/>
        <line num="174" count="0" type="stmt"/>
        <line num="175" count="0" type="stmt"/>
        <line num="176" count="0" type="stmt"/>
        <line num="178" count="0" type="cond" truecount="0" falsecount="1"/>
        <line num="179" count="0" type="stmt"/>
        <line num="182" count="0" type="cond" truecount="0" falsecount="1"/>
        <line num="183" count="0" type="stmt"/>
        <line num="186" count="0" type="stmt"/>
        <line num="189" count="0" type="stmt"/>
        <line num="192" count="0" type="stmt"/>
        <line num="196" count="0" type="stmt"/>
        <line num="204" count="0" type="stmt"/>
        <line num="205" count="0" type="stmt"/>
        <line num="206" count="0" type="cond" truecount="0" falsecount="2"/>
        <line num="209" count="0" type="stmt"/>
        <line num="218" count="0" type="stmt"/>
        <line num="229" count="0" type="stmt"/>
        <line num="231" count="0" type="stmt"/>
        <line num="232" count="0" type="stmt"/>
        <line num="233" count="0" type="stmt"/>
        <line num="234" count="0" type="stmt"/>
        <line num="236" count="0" type="stmt"/>
        <line num="245" count="0" type="stmt"/>
        <line num="246" count="0" type="stmt"/>
        <line num="250" count="0" type="stmt"/>
        <line num="253" count="0" type="stmt"/>
        <line num="255" count="0" type="stmt"/>
        <line num="256" count="0" type="stmt"/>
        <line num="257" count="0" type="stmt"/>
        <line num="259" count="0" type="cond" truecount="0" falsecount="1"/>
        <line num="260" count="0" type="stmt"/>
        <line num="264" count="0" type="cond" truecount="0" falsecount="2"/>
        <line num="265" count="0" type="stmt"/>
        <line num="266" count="0" type="cond" truecount="0" falsecount="3"/>
        <line num="267" count="0" type="stmt"/>
        <line num="268" count="0" type="stmt"/>
        <line num="273" count="0" type="cond" truecount="0" falsecount="1"/>
        <line num="274" count="0" type="stmt"/>
        <line num="280" count="0" type="stmt"/>
        <line num="290" count="0" type="stmt"/>
        <line num="293" count="0" type="stmt"/>
        <line num="294" count="0" type="stmt"/>
        <line num="296" count="0" type="stmt"/>
        <line num="297" count="0" type="stmt"/>
        <line num="298" count="0" type="stmt"/>
        <line num="300" count="0" type="cond" truecount="0" falsecount="3"/>
        <line num="301" count="0" type="stmt"/>
        <line num="305" count="0" type="cond" truecount="0" falsecount="1"/>
        <line num="306" count="0" type="stmt"/>
        <line num="310" count="0" type="stmt"/>
        <line num="311" count="0" type="cond" truecount="0" falsecount="3"/>
        <line num="312" count="0" type="stmt"/>
        <line num="315" count="0" type="stmt"/>
        <line num="325" count="0" type="stmt"/>
        <line num="326" count="0" type="stmt"/>
        <line num="328" count="0" type="cond" truecount="0" falsecount="2"/>
        <line num="329" count="0" type="stmt"/>
        <line num="331" count="0" type="cond" truecount="0" falsecount="2"/>
        <line num="333" count="0" type="cond" truecount="0" falsecount="1"/>
        <line num="334" count="0" type="stmt"/>
        <line num="337" count="0" type="cond" truecount="0" falsecount="1"/>
        <line num="338" count="0" type="stmt"/>
        <line num="341" count="0" type="cond" truecount="0" falsecount="1"/>
        <line num="342" count="0" type="stmt"/>
        <line num="346" count="0" type="stmt"/>
        <line num="356" count="0" type="stmt"/>
        <line num="357" count="0" type="stmt"/>
        <line num="358" count="0" type="stmt"/>
        <line num="360" count="0" type="stmt"/>
        <line num="361" count="0" type="stmt"/>
        <line num="362" count="0" type="stmt"/>
        <line num="364" count="0" type="cond" truecount="0" falsecount="3"/>
        <line num="365" count="0" type="stmt"/>
        <line num="368" count="0" type="stmt"/>
        <line num="369" count="0" type="cond" truecount="0" falsecount="1"/>
        <line num="370" count="0" type="stmt"/>
        <line num="374" count="0" type="cond" truecount="0" falsecount="2"/>
        <line num="376" count="0" type="stmt"/>
        <line num="388" count="0" type="stmt"/>
        <line num="389" count="0" type="stmt"/>
        <line num="390" count="0" type="stmt"/>
        <line num="392" count="0" type="stmt"/>
        <line num="393" count="0" type="stmt"/>
        <line num="394" count="0" type="stmt"/>
        <line num="395" count="0" type="cond" truecount="0" falsecount="2"/>
        <line num="397" count="0" type="cond" truecount="0" falsecount="2"/>
        <line num="398" count="0" type="stmt"/>
        <line num="400" count="0" type="stmt"/>
        <line num="403" count="0" type="cond" truecount="0" falsecount="1"/>
        <line num="404" count="0" type="stmt"/>
        <line num="408" count="0" type="cond" truecount="0" falsecount="2"/>
        <line num="410" count="0" type="stmt"/>
        <line num="422" count="0" type="stmt"/>
        <line num="423" count="0" type="stmt"/>
        <line num="424" count="0" type="stmt"/>
        <line num="426" count="0" type="stmt"/>
        <line num="427" count="0" type="stmt"/>
        <line num="428" count="0" type="stmt"/>
        <line num="430" count="0" type="cond" truecount="0" falsecount="2"/>
        <line num="431" count="0" type="stmt"/>
        <line num="433" count="0" type="stmt"/>
        <line num="437" count="0" type="cond" truecount="0" falsecount="2"/>
        <line num="439" count="0" type="stmt"/>
        <line num="451" count="0" type="stmt"/>
        <line num="452" count="0" type="stmt"/>
        <line num="454" count="0" type="stmt"/>
        <line num="455" count="0" type="stmt"/>
        <line num="457" count="0" type="stmt"/>
        <line num="459" count="0" type="cond" truecount="0" falsecount="2"/>
        <line num="460" count="0" type="stmt"/>
        <line num="462" count="0" type="cond" truecount="0" falsecount="3"/>
        <line num="463" count="0" type="stmt"/>
        <line num="467" count="0" type="stmt"/>
        <line num="468" count="0" type="cond" truecount="0" falsecount="1"/>
        <line num="469" count="0" type="stmt"/>
        <line num="473" count="0" type="cond" truecount="0" falsecount="5"/>
        <line num="475" count="0" type="stmt"/>
        <line num="480" count="0" type="stmt"/>
        <line num="490" count="0" type="stmt"/>
        <line num="491" count="0" type="stmt"/>
        <line num="494" count="0" type="stmt"/>
        <line num="495" count="0" type="cond" truecount="0" falsecount="1"/>
        <line num="496" count="0" type="stmt"/>
        <line num="500" count="0" type="stmt"/>
        <line num="501" count="0" type="stmt"/>
        <line num="502" count="0" type="stmt"/>
        <line num="504" count="0" type="stmt"/>
        <line num="505" count="0" type="cond" truecount="0" falsecount="1"/>
        <line num="506" count="0" type="stmt"/>
        <line num="507" count="0" type="cond" truecount="0" falsecount="1"/>
        <line num="508" count="0" type="stmt"/>
        <line num="513" count="0" type="cond" truecount="0" falsecount="1"/>
        <line num="514" count="0" type="stmt"/>
        <line num="517" count="0" type="cond" truecount="0" falsecount="1"/>
        <line num="518" count="0" type="stmt"/>
        <line num="521" count="0" type="stmt"/>
        <line num="533" count="0" type="stmt"/>
        <line num="534" count="0" type="cond" truecount="0" falsecount="1"/>
        <line num="538" count="0" type="stmt"/>
        <line num="539" count="0" type="cond" truecount="0" falsecount="3"/>
        <line num="541" count="0" type="stmt"/>
        <line num="542" count="0" type="stmt"/>
        <line num="543" count="0" type="stmt"/>
        <line num="546" count="0" type="stmt"/>
        <line num="549" count="0" type="stmt"/>
        <line num="553" count="0" type="stmt"/>
        <line num="558" count="0" type="cond" truecount="0" falsecount="2"/>
        <line num="562" count="0" type="stmt"/>
        <line num="566" count="0" type="cond" truecount="0" falsecount="1"/>
        <line num="568" count="0" type="stmt"/>
        <line num="569" count="0" type="stmt"/>
        <line num="571" count="0" type="stmt"/>
        <line num="572" count="0" type="stmt"/>
        <line num="576" count="0" type="stmt"/>
        <line num="581" count="0" type="stmt"/>
        <line num="585" count="0" type="stmt"/>
        <line num="586" count="0" type="stmt"/>
        <line num="587" count="0" type="stmt"/>
        <line num="588" count="0" type="stmt"/>
        <line num="589" count="0" type="stmt"/>
        <line num="591" count="0" type="stmt"/>
        <line num="593" count="0" type="cond" truecount="0" falsecount="1"/>
        <line num="594" count="0" type="stmt"/>
        <line num="597" count="0" type="stmt"/>
        <line num="600" count="0" type="stmt"/>
        <line num="601" count="0" type="stmt"/>
        <line num="602" count="0" type="stmt"/>
        <line num="603" count="0" type="stmt"/>
        <line num="604" count="0" type="stmt"/>
        <line num="605" count="0" type="stmt"/>
        <line num="607" count="0" type="stmt"/>
        <line num="609" count="0" type="stmt"/>
        <line num="613" count="0" type="stmt"/>
        <line num="614" count="0" type="stmt"/>
        <line num="615" count="0" type="stmt"/>
        <line num="618" count="0" type="stmt"/>
        <line num="619" count="0" type="stmt"/>
        <line num="620" count="0" type="stmt"/>
        <line num="622" count="0" type="stmt"/>
        <line num="625" count="0" type="cond" truecount="0" falsecount="1"/>
        <line num="631" count="0" type="stmt"/>
        <line num="644" count="0" type="stmt"/>
        <line num="684" count="0" type="stmt"/>
        <line num="686" count="0" type="stmt"/>
        <line num="698" count="0" type="stmt"/>
        <line num="709" count="0" type="stmt"/>
        <line num="728" count="0" type="stmt"/>
        <line num="982" count="0" type="stmt"/>
        <line num="983" count="0" type="stmt"/>
      </file>
      <file name="NeuralNetworkBackground.js" path="/workspace/app/components/NeuralNetworkBackground.js">
        <metrics statements="201" coveredstatements="0" conditionals="33" coveredconditionals="0" methods="22" coveredmethods="0"/>
        <line num="3" count="0" type="stmt"/>
        <line num="5" count="0" type="stmt"/>
        <line num="6" count="0" type="stmt"/>
        <line num="7" count="0" type="stmt"/>
        <line num="8" count="0" type="stmt"/>
        <line num="9" count="0" type="stmt"/>
        <line num="10" count="0" type="stmt"/>
        <line num="11" count="0" type="stmt"/>
        <line num="13" count="0" type="stmt"/>
        <line num="15" count="0" type="stmt"/>
        <line num="18" count="0" type="stmt"/>
        <line num="19" count="0" type="cond" truecount="0" falsecount="1"/>
        <line num="21" count="0" type="stmt"/>
        <line num="22" count="0" type="cond" truecount="0" falsecount="1"/>
        <line num="24" count="0" type="stmt"/>
        <line num="25" count="0" type="cond" truecount="0" falsecount="1"/>
        <line num="28" count="0" type="stmt"/>
        <line num="29" count="0" type="cond" truecount="0" falsecount="1"/>
        <line num="31" count="0" type="cond" truecount="0" falsecount="2"/>
        <line num="32" count="0" type="stmt"/>
        <line num="34" count="0" type="stmt"/>
        <line num="35" count="0" type="stmt"/>
        <line num="37" count="0" type="stmt"/>
        <line num="38" count="0" type="stmt"/>
        <line num="40" count="0" type="stmt"/>
        <line num="43" count="0" type="stmt"/>
        <line num="48" count="0" type="stmt"/>
        <line num="49" count="0" type="stmt"/>
        <line num="50" count="0" type="stmt"/>
        <line num="51" count="0" type="stmt"/>
        <line num="52" count="0" type="stmt"/>
        <line num="53" count="0" type="stmt"/>
        <line num="54" count="0" type="stmt"/>
        <line num="55" count="0" type="stmt"/>
        <line num="56" count="0" type="stmt"/>
        <line num="57" count="0" type="stmt"/>
        <line num="61" count="0" type="stmt"/>
        <line num="67" count="0" type="stmt"/>
        <line num="72" count="0" type="stmt"/>
        <line num="73" count="0" type="stmt"/>
        <line num="76" count="0" type="stmt"/>
        <line num="79" count="0" type="stmt"/>
        <line num="80" count="0" type="cond" truecount="0" falsecount="1"/>
        <line num="81" count="0" type="cond" truecount="0" falsecount="1"/>
        <line num="82" count="0" type="cond" truecount="0" falsecount="1"/>
        <line num="83" count="0" type="cond" truecount="0" falsecount="1"/>
        <line num="86" count="0" type="stmt"/>
        <line num="87" count="0" type="stmt"/>
        <line num="88" count="0" type="cond" truecount="0" falsecount="1"/>
        <line num="89" count="0" type="stmt"/>
        <line num="90" count="0" type="stmt"/>
        <line num="94" count="0" type="stmt"/>
        <line num="95" count="0" type="stmt"/>
        <line num="98" count="0" type="stmt"/>
        <line num="99" count="0" type="stmt"/>
        <line num="103" count="0" type="cond" truecount="0" falsecount="1"/>
        <line num="106" count="0" type="stmt"/>
        <line num="107" count="0" type="stmt"/>
        <line num="108" count="0" type="stmt"/>
        <line num="111" count="0" type="stmt"/>
        <line num="112" count="0" type="cond" truecount="0" falsecount="2"/>
        <line num="113" count="0" type="stmt"/>
        <line num="116" count="0" type="stmt"/>
        <line num="117" count="0" type="stmt"/>
        <line num="118" count="0" type="stmt"/>
        <line num="119" count="0" type="stmt"/>
        <line num="120" count="0" type="stmt"/>
        <line num="122" count="0" type="stmt"/>
        <line num="123" count="0" type="stmt"/>
        <line num="124" count="0" type="stmt"/>
        <line num="125" count="0" type="stmt"/>
        <line num="128" count="0" type="stmt"/>
        <line num="129" count="0" type="stmt"/>
        <line num="130" count="0" type="stmt"/>
        <line num="131" count="0" type="stmt"/>
        <line num="138" count="0" type="stmt"/>
        <line num="139" count="0" type="stmt"/>
        <line num="140" count="0" type="stmt"/>
        <line num="141" count="0" type="stmt"/>
        <line num="142" count="0" type="stmt"/>
        <line num="146" count="0" type="stmt"/>
        <line num="150" count="0" type="cond" truecount="0" falsecount="1"/>
        <line num="152" count="0" type="stmt"/>
        <line num="153" count="0" type="stmt"/>
        <line num="154" count="0" type="stmt"/>
        <line num="157" count="0" type="stmt"/>
        <line num="159" count="0" type="cond" truecount="0" falsecount="1"/>
        <line num="161" count="0" type="stmt"/>
        <line num="162" count="0" type="stmt"/>
        <line num="163" count="0" type="stmt"/>
        <line num="164" count="0" type="cond" truecount="0" falsecount="2"/>
        <line num="167" count="0" type="stmt"/>
        <line num="168" count="0" type="stmt"/>
        <line num="169" count="0" type="stmt"/>
        <line num="172" count="0" type="stmt"/>
        <line num="177" count="0" type="stmt"/>
        <line num="178" count="0" type="stmt"/>
        <line num="180" count="0" type="stmt"/>
        <line num="181" count="0" type="stmt"/>
        <line num="182" count="0" type="stmt"/>
        <line num="184" count="0" type="stmt"/>
        <line num="185" count="0" type="stmt"/>
        <line num="186" count="0" type="stmt"/>
        <line num="187" count="0" type="stmt"/>
        <line num="188" count="0" type="stmt"/>
        <line num="189" count="0" type="stmt"/>
        <line num="190" count="0" type="stmt"/>
        <line num="196" count="0" type="stmt"/>
        <line num="197" count="0" type="stmt"/>
        <line num="198" count="0" type="stmt"/>
        <line num="201" count="0" type="stmt"/>
        <line num="202" count="0" type="stmt"/>
        <line num="205" count="0" type="stmt"/>
        <line num="206" count="0" type="stmt"/>
        <line num="207" count="0" type="stmt"/>
        <line num="208" count="0" type="stmt"/>
        <line num="209" count="0" type="stmt"/>
        <line num="211" count="0" type="stmt"/>
        <line num="215" count="0" type="stmt"/>
        <line num="217" count="0" type="stmt"/>
        <line num="223" count="0" type="stmt"/>
        <line num="226" count="0" type="stmt"/>
        <line num="227" count="0" type="stmt"/>
        <line num="228" count="0" type="cond" truecount="0" falsecount="1"/>
        <line num="229" count="0" type="stmt"/>
        <line num="234" count="0" type="stmt"/>
        <line num="235" count="0" type="stmt"/>
        <line num="239" count="0" type="cond" truecount="0" falsecount="1"/>
        <line num="240" count="0" type="stmt"/>
        <line num="244" count="0" type="stmt"/>
        <line num="245" count="0" type="cond" truecount="0" falsecount="3"/>
        <line num="246" count="0" type="stmt"/>
        <line num="247" count="0" type="stmt"/>
        <line num="248" count="0" type="stmt"/>
        <line num="252" count="0" type="stmt"/>
        <line num="253" count="0" type="cond" truecount="0" falsecount="1"/>
        <line num="254" count="0" type="stmt"/>
        <line num="255" count="0" type="stmt"/>
        <line num="256" count="0" type="stmt"/>
        <line num="257" count="0" type="stmt"/>
        <line num="261" count="0" type="cond" truecount="0" falsecount="1"/>
        <line num="262" count="0" type="stmt"/>
        <line num="263" count="0" type="stmt"/>
        <line num="264" count="0" type="stmt"/>
        <line num="265" count="0" type="stmt"/>
        <line num="266" count="0" type="stmt"/>
        <line num="271" count="0" type="stmt"/>
        <line num="272" count="0" type="stmt"/>
        <line num="273" count="0" type="stmt"/>
        <line num="276" count="0" type="stmt"/>
        <line num="277" count="0" type="cond" truecount="0" falsecount="3"/>
        <line num="280" count="0" type="stmt"/>
        <line num="282" count="0" type="cond" truecount="0" falsecount="1"/>
        <line num="283" count="0" type="stmt"/>
        <line num="286" count="0" type="stmt"/>
        <line num="287" count="0" type="stmt"/>
        <line num="290" count="0" type="stmt"/>
        <line num="294" count="0" type="stmt"/>
        <line num="295" count="0" type="stmt"/>
        <line num="296" count="0" type="stmt"/>
        <line num="297" count="0" type="stmt"/>
        <line num="299" count="0" type="stmt"/>
        <line num="300" count="0" type="stmt"/>
        <line num="301" count="0" type="stmt"/>
        <line num="302" count="0" type="stmt"/>
        <line num="305" count="0" type="stmt"/>
        <line num="306" count="0" type="stmt"/>
        <line num="307" count="0" type="stmt"/>
        <line num="311" count="0" type="stmt"/>
        <line num="312" count="0" type="stmt"/>
        <line num="314" count="0" type="stmt"/>
        <line num="315" count="0" type="stmt"/>
        <line num="316" count="0" type="stmt"/>
        <line num="317" count="0" type="stmt"/>
        <line num="319" count="0" type="cond" truecount="0" falsecount="1"/>
        <line num="320" count="0" type="stmt"/>
        <line num="322" count="0" type="stmt"/>
        <line num="323" count="0" type="stmt"/>
        <line num="324" count="0" type="stmt"/>
        <line num="325" count="0" type="stmt"/>
        <line num="327" count="0" type="stmt"/>
        <line num="328" count="0" type="stmt"/>
        <line num="329" count="0" type="stmt"/>
        <line num="330" count="0" type="stmt"/>
        <line num="331" count="0" type="stmt"/>
        <line num="332" count="0" type="stmt"/>
        <line num="335" count="0" type="stmt"/>
        <line num="336" count="0" type="stmt"/>
        <line num="341" count="0" type="stmt"/>
        <line num="342" count="0" type="stmt"/>
        <line num="343" count="0" type="stmt"/>
        <line num="347" count="0" type="stmt"/>
        <line num="350" count="0" type="stmt"/>
        <line num="353" count="0" type="stmt"/>
        <line num="354" count="0" type="cond" truecount="0" falsecount="1"/>
        <line num="355" count="0" type="stmt"/>
        <line num="357" count="0" type="cond" truecount="0" falsecount="1"/>
        <line num="358" count="0" type="stmt"/>
        <line num="359" count="0" type="stmt"/>
        <line num="360" count="0" type="stmt"/>
        <line num="365" count="0" type="cond" truecount="0" falsecount="1"/>
      </file>
      <file name="NeuralParticles.js" path="/workspace/app/components/NeuralParticles.js">
        <metrics statements="83" coveredstatements="0" conditionals="10" coveredconditionals="0" methods="10" coveredmethods="0"/>
        <line num="3" count="0" type="stmt"/>
        <line num="6" count="0" type="stmt"/>
        <line num="7" count="0" type="stmt"/>
        <line num="8" count="0" type="stmt"/>
        <line num="9" count="0" type="stmt"/>
        <line num="11" count="0" type="stmt"/>
        <line num="12" count="0" type="stmt"/>
        <line num="13" count="0" type="stmt"/>
        <line num="16" count="0" type="stmt"/>
        <line num="17" count="0" type="stmt"/>
        <line num="18" count="0" type="stmt"/>
        <line num="21" count="0" type="stmt"/>
        <line num="22" count="0" type="stmt"/>
        <line num="25" count="0" type="stmt"/>
        <line num="26" count="0" type="stmt"/>
        <line num="27" count="0" type="stmt"/>
        <line num="29" count="0" type="stmt"/>
        <line num="30" count="0" type="stmt"/>
        <line num="43" count="0" type="stmt"/>
        <line num="47" count="0" type="stmt"/>
        <line num="48" count="0" type="stmt"/>
        <line num="56" count="0" type="stmt"/>
        <line num="60" count="0" type="stmt"/>
        <line num="61" count="0" type="stmt"/>
        <line num="67" count="0" type="stmt"/>
        <line num="70" count="0" type="stmt"/>
        <line num="71" count="0" type="stmt"/>
        <line num="72" count="0" type="stmt"/>
        <line num="74" count="0" type="stmt"/>
        <line num="75" count="0" type="stmt"/>
        <line num="78" count="0" type="stmt"/>
        <line num="80" count="0" type="stmt"/>
        <line num="81" count="0" type="stmt"/>
        <line num="84" count="0" type="cond" truecount="0" falsecount="3"/>
        <line num="85" count="0" type="cond" truecount="0" falsecount="3"/>
        <line num="88" count="0" type="stmt"/>
        <line num="89" count="0" type="stmt"/>
        <line num="90" count="0" type="stmt"/>
        <line num="92" count="0" type="cond" truecount="0" falsecount="1"/>
        <line num="93" count="0" type="stmt"/>
        <line num="94" count="0" type="stmt"/>
        <line num="95" count="0" type="stmt"/>
        <line num="99" count="0" type="stmt"/>
        <line num="100" count="0" type="cond" truecount="0" falsecount="1"/>
        <line num="101" count="0" type="stmt"/>
        <line num="102" count="0" type="stmt"/>
        <line num="106" count="0" type="stmt"/>
        <line num="107" count="0" type="stmt"/>
        <line num="110" count="0" type="stmt"/>
        <line num="111" count="0" type="stmt"/>
        <line num="112" count="0" type="stmt"/>
        <line num="113" count="0" type="stmt"/>
        <line num="114" count="0" type="stmt"/>
        <line num="116" count="0" type="stmt"/>
        <line num="117" count="0" type="stmt"/>
        <line num="118" count="0" type="stmt"/>
        <line num="119" count="0" type="stmt"/>
        <line num="122" count="0" type="stmt"/>
        <line num="123" count="0" type="stmt"/>
        <line num="124" count="0" type="stmt"/>
        <line num="125" count="0" type="stmt"/>
        <line num="127" count="0" type="cond" truecount="0" falsecount="1"/>
        <line num="128" count="0" type="stmt"/>
        <line num="130" count="0" type="stmt"/>
        <line num="131" count="0" type="stmt"/>
        <line num="132" count="0" type="stmt"/>
        <line num="133" count="0" type="stmt"/>
        <line num="134" count="0" type="stmt"/>
        <line num="135" count="0" type="stmt"/>
        <line num="137" count="0" type="stmt"/>
        <line num="138" count="0" type="stmt"/>
        <line num="139" count="0" type="stmt"/>
        <line num="140" count="0" type="stmt"/>
        <line num="141" count="0" type="stmt"/>
        <line num="146" count="0" type="stmt"/>
        <line num="149" count="0" type="stmt"/>
        <line num="150" count="0" type="stmt"/>
        <line num="153" count="0" type="stmt"/>
        <line num="154" count="0" type="stmt"/>
        <line num="155" count="0" type="stmt"/>
        <line num="156" count="0" type="cond" truecount="0" falsecount="1"/>
        <line num="157" count="0" type="stmt"/>
[...]
        <line num="321" count="0" type="stmt"/>
        <line num="322" count="0" type="stmt"/>
        <line num="325" count="0" type="stmt"/>
        <line num="331" count="0" type="stmt"/>
        <line num="332" count="0" type="cond" truecount="0" falsecount="3"/>
        <line num="333" count="0" type="stmt"/>
        <line num="337" count="0" type="stmt"/>
        <line num="342" count="0" type="stmt"/>
        <line num="349" count="0" type="stmt"/>
        <line num="352" count="0" type="stmt"/>
        <line num="359" count="0" type="stmt"/>
        <line num="369" count="0" type="stmt"/>
        <line num="372" count="0" type="cond" truecount="0" falsecount="1"/>
        <line num="373" count="0" type="stmt"/>
        <line num="378" count="0" type="stmt"/>
        <line num="381" count="0" type="stmt"/>
        <line num="386" count="0" type="stmt"/>
        <line num="395" count="0" type="stmt"/>
        <line num="399" count="0" type="stmt"/>
        <line num="403" count="0" type="cond" truecount="0" falsecount="2"/>
        <line num="411" count="0" type="stmt"/>
        <line num="412" count="0" type="cond" truecount="0" falsecount="1"/>
        <line num="413" count="0" type="stmt"/>
        <line num="414" count="0" type="cond" truecount="0" falsecount="1"/>
        <line num="415" count="0" type="stmt"/>
        <line num="420" count="0" type="stmt"/>
        <line num="424" count="0" type="stmt"/>
        <line num="428" count="0" type="cond" truecount="0" falsecount="2"/>
        <line num="432" count="0" type="stmt"/>
        <line num="433" count="0" type="cond" truecount="0" falsecount="1"/>
        <line num="435" count="0" type="stmt"/>
        <line num="436" count="0" type="cond" truecount="0" falsecount="1"/>
        <line num="437" count="0" type="stmt"/>
        <line num="438" count="0" type="stmt"/>
        <line num="445" count="0" type="stmt"/>
        <line num="455" count="0" type="stmt"/>
        <line num="456" count="0" type="cond" truecount="0" falsecount="1"/>
        <line num="459" count="0" type="stmt"/>
        <line num="462" count="0" type="stmt"/>
        <line num="472" count="0" type="stmt"/>
        <line num="477" count="0" type="stmt"/>
        <line num="489" count="0" type="stmt"/>
        <line num="490" count="0" type="stmt"/>
        <line num="504" count="0" type="stmt"/>
        <line num="505" count="0" type="stmt"/>
        <line num="510" count="0" type="stmt"/>
        <line num="511" count="0" type="stmt"/>
        <line num="518" count="0" type="stmt"/>
        <line num="523" count="0" type="stmt"/>
        <line num="524" count="0" type="stmt"/>
        <line num="545" count="0" type="stmt"/>
        <line num="546" count="0" type="stmt"/>
        <line num="551" count="0" type="stmt"/>
        <line num="552" count="0" type="stmt"/>
        <line num="559" count="0" type="stmt"/>
        <line num="560" count="0" type="stmt"/>
        <line num="565" count="0" type="stmt"/>
        <line num="566" count="0" type="stmt"/>
        <line num="584" count="0" type="stmt"/>
        <line num="585" count="0" type="stmt"/>
        <line num="592" count="0" type="stmt"/>
        <line num="593" count="0" type="stmt"/>
        <line num="600" count="0" type="stmt"/>
        <line num="605" count="0" type="stmt"/>
        <line num="606" count="0" type="stmt"/>
        <line num="618" count="0" type="stmt"/>
        <line num="619" count="0" type="stmt"/>
        <line num="624" count="0" type="stmt"/>
        <line num="625" count="0" type="stmt"/>
        <line num="631" count="0" type="stmt"/>
        <line num="633" count="0" type="stmt"/>
        <line num="634" count="0" type="cond" truecount="0" falsecount="1"/>
        <line num="635" count="0" type="stmt"/>
        <line num="637" count="0" type="stmt"/>
        <line num="641" count="0" type="cond" truecount="0" falsecount="1"/>
        <line num="642" count="0" type="stmt"/>
        <line num="643" count="0" type="stmt"/>
        <line num="646" count="0" type="stmt"/>
        <line num="647" count="0" type="stmt"/>
        <line num="648" count="0" type="stmt"/>
        <line num="651" count="0" type="stmt"/>
      </file>
      <file name="ai-director-system.js" path="/workspace/app/utils/ai-director-system.js">
        <metrics statements="28" coveredstatements="0" conditionals="9" coveredconditionals="0" methods="5" coveredmethods="0"/>
        <line num="7" count="0" type="stmt"/>
        <line num="301" count="0" type="stmt"/>
        <line num="302" count="0" type="stmt"/>
        <line num="313" count="0" type="stmt"/>
        <line num="314" count="0" type="stmt"/>
        <line num="316" count="0" type="stmt"/>
        <line num="317" count="0" type="cond" truecount="0" falsecount="1"/>
        <line num="318" count="0" type="stmt"/>
        <line num="322" count="0" type="cond" truecount="0" falsecount="2"/>
        <line num="326" count="0" type="stmt"/>
        <line num="327" count="0" type="stmt"/>
        <line num="329" count="0" type="stmt"/>
        <line num="332" count="0" type="cond" truecount="0" falsecount="2"/>
        <line num="333" count="0" type="stmt"/>
        <line num="337" count="0" type="cond" truecount="0" falsecount="1"/>
        <line num="338" count="0" type="stmt"/>
        <line num="345" count="0" type="cond" truecount="0" falsecount="1"/>
        <line num="346" count="0" type="stmt"/>
        <line num="349" count="0" type="stmt"/>
        <line num="353" count="0" type="stmt"/>
        <line num="354" count="0" type="stmt"/>
        <line num="372" count="0" type="cond" truecount="0" falsecount="2"/>
        <line num="376" count="0" type="stmt"/>
        <line num="377" count="0" type="stmt"/>
        <line num="384" count="0" type="stmt"/>
        <line num="392" count="0" type="stmt"/>
        <line num="393" count="0" type="stmt"/>
        <line num="395" count="0" type="stmt"/>
      </file>
      <file name="aiChat.js" path="/workspace/app/utils/aiChat.js">
        <metrics statements="12" coveredstatements="0" conditionals="9" coveredconditionals="0" methods="2" coveredmethods="0"/>
        <line num="6" count="0" type="stmt"/>
        <line num="8" count="0" type="stmt"/>
        <line num="13" count="0" type="stmt"/>
        <line num="16" count="0" type="cond" truecount="0" falsecount="3"/>
        <line num="17" count="0" type="stmt"/>
        <line num="26" count="0" type="stmt"/>
        <line num="37" count="0" type="stmt"/>
        <line num="38" count="0" type="stmt"/>
        <line num="39" count="0" type="cond" truecount="0" falsecount="2"/>
        <line num="40" count="0" type="stmt"/>
        <line num="42" count="0" type="stmt"/>
        <line num="43" count="0" type="stmt"/>
      </file>
      <file name="apiCache.js" path="/workspace/app/utils/apiCache.js">
        <metrics statements="84" coveredstatements="0" conditionals="25" coveredconditionals="0" methods="26" coveredmethods="0"/>
        <line num="8" count="0" type="stmt"/>
        <line num="9" count="0" type="stmt"/>
        <line num="10" count="0" type="stmt"/>
        <line num="18" count="0" type="stmt"/>
        <line num="21" count="0" type="stmt"/>
        <line num="22" count="0" type="stmt"/>
        <line num="25" count="0" type="stmt"/>
        <line num="30" count="0" type="cond" truecount="0" falsecount="1"/>
        <line num="31" count="0" type="cond" truecount="0" falsecount="2"/>
        <line num="36" count="0" type="stmt"/>
        <line num="37" count="0" type="cond" truecount="0" falsecount="1"/>
        <line num="38" count="0" type="stmt"/>
        <line num="43" count="0" type="cond" truecount="0" falsecount="1"/>
        <line num="44" count="0" type="stmt"/>
        <line num="45" count="0" type="stmt"/>
        <line num="47" count="0" type="stmt"/>
        <line num="48" count="0" type="stmt"/>
        <line num="54" count="0" type="stmt"/>
        <line num="55" count="0" type="stmt"/>
        <line num="57" count="0" type="cond" truecount="0" falsecount="1"/>
        <line num="58" count="0" type="stmt"/>
        <line num="61" count="0" type="stmt"/>
        <line num="66" count="0" type="stmt"/>
        <line num="68" count="0" type="stmt"/>
        <line num="75" count="0" type="cond" truecount="0" falsecount="1"/>
        <line num="76" count="0" type="stmt"/>
        <line num="82" count="0" type="stmt"/>
        <line num="85" count="0" type="stmt"/>
        <line num="86" count="0" type="cond" truecount="0" falsecount="1"/>
        <line num="89" count="0" type="cond" truecount="0" falsecount="1"/>
        <line num="90" count="0" type="stmt"/>
        <line num="94" count="0" type="stmt"/>
        <line num="96" count="0" type="stmt"/>
        <line num="97" count="0" type="stmt"/>
        <line num="98" count="0" type="stmt"/>
        <line num="101" count="0" type="stmt"/>
        <line num="102" count="0" type="stmt"/>
        <line num="106" count="0" type="stmt"/>
        <line num="107" count="0" type="stmt"/>
        <line num="112" count="0" type="cond" truecount="0" falsecount="2"/>
        <line num="114" count="0" type="stmt"/>
        <line num="115" count="0" type="cond" truecount="0" falsecount="2"/>
        <line num="117" count="0" type="stmt"/>
        <line num="118" count="0" type="cond" truecount="0" falsecount="1"/>
        <line num="119" count="0" type="stmt"/>
        <line num="124" count="0" type="stmt"/>
        <line num="130" count="0" type="stmt"/>
        <line num="131" count="0" type="stmt"/>
        <line num="132" count="0" type="stmt"/>
        <line num="135" count="0" type="stmt"/>
        <line num="140" count="0" type="stmt"/>
        <line num="143" count="0" type="cond" truecount="0" falsecount="1"/>
        <line num="144" count="0" type="cond" truecount="0" falsecount="1"/>
        <line num="146" count="0" type="cond" truecount="0" falsecount="1"/>
        <line num="147" count="0" type="stmt"/>
        <line num="150" count="0" type="stmt"/>
        <line num="151" count="0" type="stmt"/>
        <line num="152" count="0" type="cond" truecount="0" falsecount="1"/>
        <line num="153" count="0" type="stmt"/>
        <line num="155" count="0" type="stmt"/>
        <line num="160" count="0" type="cond" truecount="0" falsecount="1"/>
        <line num="161" count="0" type="stmt"/>
        <line num="162" count="0" type="stmt"/>
        <line num="163" count="0" type="stmt"/>
        <line num="165" count="0" type="stmt"/>
        <line num="166" count="0" type="stmt"/>
        <line num="168" count="0" type="stmt"/>
        <line num="169" count="0" type="stmt"/>
        <line num="170" count="0" type="stmt"/>
        <line num="171" count="0" type="stmt"/>
        <line num="172" count="0" type="cond" truecount="0" falsecount="1"/>
        <line num="173" count="0" type="stmt"/>
        <line num="174" count="0" type="stmt"/>
        <line num="177" count="0" type="cond" truecount="0" falsecount="1"/>
        <line num="178" count="0" type="stmt"/>
        <line num="179" count="0" type="stmt"/>
        <line num="182" count="0" type="cond" truecount="0" falsecount="1"/>
        <line num="183" count="0" type="stmt"/>
        <line num="188" count="0" type="stmt"/>
        <line num="190" count="0" type="stmt"/>
        <line num="191" count="0" type="stmt"/>
        <line num="195" count="0" type="stmt"/>
        <line num="199" count="0" type="stmt"/>
        <line num="200" count="0" type="stmt"/>
      </file>
      <file name="dynamic-imports.js" path="/workspace/app/utils/dynamic-imports.js">
        <metrics statements="10" coveredstatements="0" conditionals="0" coveredconditionals="0" methods="18" coveredmethods="0"/>
        <line num="1" count="0" type="stmt"/>
        <line num="4" count="0" type="stmt"/>
        <line num="9" count="0" type="stmt"/>
        <line num="14" count="0" type="stmt"/>
        <line num="19" count="0" type="stmt"/>
        <line num="24" count="0" type="stmt"/>
        <line num="29" count="0" type="stmt"/>
        <line num="35" count="0" type="stmt"/>
        <line num="40" count="0" type="stmt"/>
        <line num="45" count="0" type="stmt"/>
      </file>
      <file name="fontOptimization.js" path="/workspace/app/utils/fontOptimization.js">
        <metrics statements="29" coveredstatements="0" conditionals="5" coveredconditionals="0" methods="5" coveredmethods="0"/>
        <line num="7" count="0" type="stmt"/>
        <line num="8" count="0" type="stmt"/>
        <line num="16" count="0" type="stmt"/>
        <line num="17" count="0" type="stmt"/>
        <line num="18" count="0" type="stmt"/>
        <line num="19" count="0" type="stmt"/>
        <line num="20" count="0" type="stmt"/>
        <line num="21" count="0" type="stmt"/>
        <line num="22" count="0" type="stmt"/>
        <line num="23" count="0" type="stmt"/>
        <line num="28" count="0" type="stmt"/>
        <line num="29" count="0" type="cond" truecount="0" falsecount="1"/>
        <line num="31" count="0" type="stmt"/>
        <line num="33" count="0" type="stmt"/>
        <line num="39" count="0" type="stmt"/>
        <line num="40" count="0" type="stmt"/>
        <line num="42" count="0" type="stmt"/>
        <line num="44" count="0" type="stmt"/>
        <line num="49" count="0" type="stmt"/>
        <line num="85" count="0" type="stmt"/>
        <line num="86" count="0" type="stmt"/>
        <line num="92" count="0" type="cond" truecount="0" falsecount="2"/>
        <line num="96" count="0" type="cond" truecount="0" falsecount="1"/>
        <line num="97" count="0" type="cond" truecount="0" falsecount="1"/>
        <line num="99" count="0" type="stmt"/>
        <line num="100" count="0" type="stmt"/>
        <line num="101" count="0" type="stmt"/>
        <line num="103" count="0" type="stmt"/>
        <line num="104" count="0" type="stmt"/>
      </file>
      <file name="logger.js" path="/workspace/app/utils/logger.js">
        <metrics statements="71" coveredstatements="0" conditionals="47" coveredconditionals="0" methods="22" coveredmethods="0"/>
        <line num="6" count="0" type="stmt"/>
        <line num="9" count="0" type="stmt"/>
        <line num="18" count="0" type="cond" truecount="0" falsecount="2"/>
        <line num="21" count="0" type="stmt"/>
        <line num="32" count="0" type="stmt"/>
        <line num="33" count="0" type="stmt"/>
        <line num="37" count="0" type="stmt"/>
        <line num="41" count="0" type="stmt"/>
        <line num="42" count="0" type="stmt"/>
        <line num="52" count="0" type="stmt"/>
        <line num="56" count="0" type="stmt"/>
        <line num="60" count="0" type="cond" truecount="0" falsecount="1"/>
        <line num="62" count="0" type="stmt"/>
        <line num="65" count="0" type="cond" truecount="0" falsecount="2"/>
        <line num="66" count="0" type="stmt"/>
        <line num="67" count="0" type="stmt"/>
        <line num="68" count="0" type="stmt"/>
        <line num="69" count="0" type="cond" truecount="0" falsecount="1"/>
        <line num="70" count="0" type="stmt"/>
        <line num="74" count="0" type="stmt"/>
        <line num="78" count="0" type="cond" truecount="0" falsecount="1"/>
        <line num="79" count="0" type="stmt"/>
        <line num="85" count="0" type="cond" truecount="0" falsecount="3"/>
        <line num="86" count="0" type="stmt"/>
        <line num="87" count="0" type="stmt"/>
        <line num="94" count="0" type="stmt"/>
        <line num="107" count="0" type="stmt"/>
        <line num="112" count="0" type="cond" truecount="0" falsecount="4"/>
        <line num="113" count="0" type="cond" truecount="0" falsecount="2"/>
        <line num="114" count="0" type="stmt"/>
        <line num="120" count="0" type="cond" truecount="0" falsecount="1"/>
        <line num="121" count="0" type="stmt"/>
        <line num="127" count="0" type="stmt"/>
        <line num="131" count="0" type="stmt"/>
        <line num="135" count="0" type="stmt"/>
        <line num="139" count="0" type="stmt"/>
        <line num="143" count="0" type="stmt"/>
        <line num="148" count="0" type="cond" truecount="0" falsecount="1"/>
        <line num="149" count="0" type="stmt"/>
        <line num="154" count="0" type="cond" truecount="0" falsecount="1"/>
        <line num="155" count="0" type="stmt"/>
        <line num="161" count="0" type="stmt"/>
        <line num="166" count="0" type="stmt"/>
        <line num="171" count="0" type="stmt"/>
        <line num="175" count="0" type="stmt"/>
        <line num="180" count="0" type="stmt"/>
        <line num="181" count="0" type="stmt"/>
        <line num="185" count="0" type="stmt"/>
        <line num="188" count="0" type="stmt"/>
        <line num="189" count="0" type="stmt"/>
        <line num="190" count="0" type="stmt"/>
        <line num="192" count="0" type="stmt"/>
        <line num="193" count="0" type="stmt"/>
        <line num="196" count="0" type="stmt"/>
        <line num="199" count="0" type="stmt"/>
        <line num="205" count="0" type="stmt"/>
        <line num="206" count="0" type="stmt"/>
        <line num="207" count="0" type="stmt"/>
        <line num="208" count="0" type="stmt"/>
        <line num="214" count="0" type="cond" truecount="0" falsecount="1"/>
        <line num="215" count="0" type="stmt"/>
        <line num="221" count="0" type="stmt"/>
        <line num="224" count="0" type="stmt"/>
        <line num="228" count="0" type="cond" truecount="0" falsecount="1"/>
        <line num="229" count="0" type="stmt"/>
        <line num="230" count="0" type="cond" truecount="0" falsecount="2"/>
        <line num="237" count="0" type="cond" truecount="0" falsecount="1"/>
        <line num="238" count="0" type="stmt"/>
        <line num="239" count="0" type="cond" truecount="0" falsecount="2"/>
        <line num="240" count="0" type="stmt"/>
        <line num="242" count="0" type="stmt"/>
      </file>
      <file name="ssr-helpers.js" path="/workspace/app/utils/ssr-helpers.js">
        <metrics statements="30" coveredstatements="0" conditionals="9" coveredconditionals="0" methods="11" coveredmethods="0"/>
        <line num="3" count="0" type="stmt"/>
        <line num="5" count="0" type="stmt"/>
        <line num="7" count="0" type="stmt"/>
        <line num="9" count="0" type="cond" truecount="0" falsecount="1"/>
        <line num="10" count="0" type="stmt"/>
        <line num="12" count="0" type="stmt"/>
        <line num="15" count="0" type="cond" truecount="0" falsecount="1"/>
        <line num="16" count="0" type="stmt"/>
        <line num="20" count="0" type="cond" truecount="0" falsecount="1"/>
        <line num="21" count="0" type="stmt"/>
        <line num="26" count="0" type="stmt"/>
        <line num="28" count="0" type="cond" truecount="0" falsecount="1"/>
        <line num="29" count="0" type="stmt"/>
        <line num="31" count="0" type="stmt"/>
        <line num="34" count="0" type="cond" truecount="0" falsecount="1"/>
        <line num="35" count="0" type="stmt"/>
        <line num="39" count="0" type="cond" truecount="0" falsecount="1"/>
        <line num="40" count="0" type="stmt"/>
        <line num="45" count="0" type="stmt"/>
        <line num="46" count="0" type="cond" truecount="0" falsecount="1"/>
        <line num="47" count="0" type="stmt"/>
        <line num="49" count="0" type="stmt"/>
        <line num="52" count="0" type="stmt"/>
        <line num="53" count="0" type="cond" truecount="0" falsecount="1"/>
        <line num="54" count="0" type="stmt"/>
        <line num="56" count="0" type="stmt"/>
        <line num="59" count="0" type="stmt"/>
        <line num="60" count="0" type="cond" truecount="0" falsecount="1"/>
        <line num="61" count="0" type="stmt"/>
        <line num="63" count="0" type="stmt"/>
      </file>
    </package>
  </project>
</coverage>
