{"/workspace/app/global-error.js": {"path":"/workspace/app/global-error.js","statementMap":{"0":{"start":{"line":3,"column":24},"end":{"line":3,"column":36}},"1":{"start":{"line":4,"column":2},"end":{"line":4,"column":null}},"2":{"start":{"line":38,"column":33},"end":{"line":38,"column":null}},"3":{"start":{"line":39,"column":33},"end":{"line":39,"column":null}}},"fnMap":{"0":{"name":"GlobalError","decl":{"start":{"line":3,"column":24},"end":{"line":3,"column":36}},"loc":{"start":{"line":3,"column":52},"end":{"line":47,"column":null}}},"1":{"name":"(anonymous_2)","decl":{"start":{"line":38,"column":26},"end":{"line":38,"column":27}},"loc":{"start":{"line":38,"column":33},"end":{"line":38,"column":null}}},"2":{"name":"(anonymous_3)","decl":{"start":{"line":39,"column":26},"end":{"line":39,"column":27}},"loc":{"start":{"line":39,"column":33},"end":{"line":39,"column":null}}}},"branchMap":{},"s":{"0":0,"1":0,"2":0,"3":0},"f":{"0":0,"1":0,"2":0},"b":{}}
,"/workspace/app/page.backup.js": {"path":"/workspace/app/page.backup.js","statementMap":{"0":{"start":{"line":63,"column":24},"end":{"line":63,"column":null}},"1":{"start":{"line":3,"column":46},"end":{"line":3,"column":null}},"2":{"start":{"line":4,"column":20},"end":{"line":4,"column":null}},"3":{"start":{"line":8,"column":8},"end":{"line":8,"column":null}},"4":{"start":{"line":16,"column":8},"end":{"line":16,"column":null}},"5":{"start":{"line":21,"column":8},"end":{"line":21,"column":null}},"6":{"start":{"line":26,"column":8},"end":{"line":26,"column":null}},"7":{"start":{"line":31,"column":8},"end":{"line":31,"column":null}},"8":{"start":{"line":36,"column":8},"end":{"line":36,"column":null}},"9":{"start":{"line":41,"column":8},"end":{"line":41,"column":null}},"10":{"start":{"line":46,"column":8},"end":{"line":46,"column":null}},"11":{"start":{"line":51,"column":8},"end":{"line":51,"column":null}},"12":{"start":{"line":64,"column":30},"end":{"line":64,"column":null}},"13":{"start":{"line":65,"column":44},"end":{"line":65,"column":null}},"14":{"start":{"line":66,"column":36},"end":{"line":66,"column":null}},"15":{"start":{"line":68,"column":2},"end":{"line":74,"column":null}},"16":{"start":{"line":70,"column":4},"end":{"line":70,"column":null}},"17":{"start":{"line":70,"column":21},"end":{"line":70,"column":42}},"18":{"start":{"line":77,"column":2},"end":{"line":88,"column":null}},"19":{"start":{"line":78,"column":19},"end":{"line":78,"column":null}},"20":{"start":{"line":79,"column":4},"end":{"line":87,"column":null}},"21":{"start":{"line":80,"column":6},"end":{"line":86,"column":null}},"22":{"start":{"line":81,"column":8},"end":{"line":81,"column":null}},"23":{"start":{"line":82,"column":8},"end":{"line":82,"column":null}},"24":{"start":{"line":83,"column":8},"end":{"line":85,"column":null}},"25":{"start":{"line":84,"column":10},"end":{"line":84,"column":null}},"26":{"start":{"line":90,"column":2},"end":{"line":92,"column":null}},"27":{"start":{"line":91,"column":4},"end":{"line":91,"column":null}},"28":{"start":{"line":163,"column":29},"end":{"line":163,"column":null}},"29":{"start":{"line":172,"column":29},"end":{"line":172,"column":null}},"30":{"start":{"line":173,"column":16},"end":{"line":173,"column":null}},"31":{"start":{"line":197,"column":34},"end":{"line":197,"column":null}},"32":{"start":{"line":198,"column":18},"end":{"line":198,"column":null}},"33":{"start":{"line":303,"column":74},"end":{"line":303,"column":91}},"34":{"start":{"line":454,"column":32},"end":{"line":454,"column":null}},"35":{"start":{"line":455,"column":16},"end":{"line":455,"column":null}},"36":{"start":{"line":641,"column":34},"end":{"line":641,"column":null}},"37":{"start":{"line":642,"column":18},"end":{"line":642,"column":null}},"38":{"start":{"line":673,"column":10},"end":{"line":673,"column":27}},"39":{"start":{"line":682,"column":22},"end":{"line":695,"column":null}},"40":{"start":{"line":683,"column":20},"end":{"line":683,"column":null}},"41":{"start":{"line":684,"column":4},"end":{"line":694,"column":null}},"42":{"start":{"line":685,"column":6},"end":{"line":685,"column":null}},"43":{"start":{"line":687,"column":6},"end":{"line":693,"column":null}},"44":{"start":{"line":688,"column":29},"end":{"line":688,"column":null}},"45":{"start":{"line":689,"column":8},"end":{"line":692,"column":null}},"46":{"start":{"line":690,"column":10},"end":{"line":690,"column":null}},"47":{"start":{"line":691,"column":10},"end":{"line":691,"column":null}},"48":{"start":{"line":708,"column":10},"end":{"line":708,"column":null}}},"fnMap":{"0":{"name":"(anonymous_5)","decl":{"start":{"line":8,"column":2},"end":{"line":8,"column":8}},"loc":{"start":{"line":8,"column":8},"end":{"line":8,"column":null}}},"1":{"name":"(anonymous_6)","decl":{"start":{"line":8,"column":8},"end":{"line":8,"column":15}},"loc":{"start":{"line":8,"column":8},"end":{"line":8,"column":null}}},"2":{"name":"(anonymous_9)","decl":{"start":{"line":16,"column":2},"end":{"line":16,"column":8}},"loc":{"start":{"line":16,"column":8},"end":{"line":16,"column":null}}},"3":{"name":"(anonymous_10)","decl":{"start":{"line":16,"column":8},"end":{"line":16,"column":15}},"loc":{"start":{"line":16,"column":8},"end":{"line":16,"column":null}}},"4":{"name":"(anonymous_12)","decl":{"start":{"line":21,"column":2},"end":{"line":21,"column":8}},"loc":{"start":{"line":21,"column":8},"end":{"line":21,"column":null}}},"5":{"name":"(anonymous_13)","decl":{"start":{"line":21,"column":8},"end":{"line":21,"column":15}},"loc":{"start":{"line":21,"column":8},"end":{"line":21,"column":null}}},"6":{"name":"(anonymous_15)","decl":{"start":{"line":26,"column":2},"end":{"line":26,"column":8}},"loc":{"start":{"line":26,"column":8},"end":{"line":26,"column":null}}},"7":{"name":"(anonymous_16)","decl":{"start":{"line":26,"column":8},"end":{"line":26,"column":15}},"loc":{"start":{"line":26,"column":8},"end":{"line":26,"column":null}}},"8":{"name":"(anonymous_18)","decl":{"start":{"line":31,"column":2},"end":{"line":31,"column":8}},"loc":{"start":{"line":31,"column":8},"end":{"line":31,"column":null}}},"9":{"name":"(anonymous_19)","decl":{"start":{"line":31,"column":8},"end":{"line":31,"column":15}},"loc":{"start":{"line":31,"column":8},"end":{"line":31,"column":null}}},"10":{"name":"(anonymous_21)","decl":{"start":{"line":36,"column":2},"end":{"line":36,"column":8}},"loc":{"start":{"line":36,"column":8},"end":{"line":36,"column":null}}},"11":{"name":"(anonymous_22)","decl":{"start":{"line":36,"column":8},"end":{"line":36,"column":15}},"loc":{"start":{"line":36,"column":8},"end":{"line":36,"column":null}}},"12":{"name":"(anonymous_24)","decl":{"start":{"line":41,"column":2},"end":{"line":41,"column":8}},"loc":{"start":{"line":41,"column":8},"end":{"line":41,"column":null}}},"13":{"name":"(anonymous_25)","decl":{"start":{"line":41,"column":8},"end":{"line":41,"column":15}},"loc":{"start":{"line":41,"column":8},"end":{"line":41,"column":null}}},"14":{"name":"(anonymous_27)","decl":{"start":{"line":46,"column":2},"end":{"line":46,"column":8}},"loc":{"start":{"line":46,"column":8},"end":{"line":46,"column":null}}},"15":{"name":"(anonymous_28)","decl":{"start":{"line":46,"column":8},"end":{"line":46,"column":15}},"loc":{"start":{"line":46,"column":8},"end":{"line":46,"column":null}}},"16":{"name":"(anonymous_30)","decl":{"start":{"line":51,"column":2},"end":{"line":51,"column":8}},"loc":{"start":{"line":51,"column":8},"end":{"line":51,"column":null}}},"17":{"name":"(anonymous_31)","decl":{"start":{"line":51,"column":8},"end":{"line":51,"column":15}},"loc":{"start":{"line":51,"column":8},"end":{"line":51,"column":null}}},"18":{"name":"HomePage","decl":{"start":{"line":63,"column":24},"end":{"line":63,"column":null}},"loc":{"start":{"line":63,"column":24},"end":{"line":662,"column":null}}},"19":{"name":"(anonymous_35)","decl":{"start":{"line":68,"column":12},"end":{"line":68,"column":null}},"loc":{"start":{"line":68,"column":12},"end":{"line":74,"column":5}}},"20":{"name":"(anonymous_36)","decl":{"start":{"line":70,"column":15},"end":{"line":70,"column":21}},"loc":{"start":{"line":70,"column":21},"end":{"line":70,"column":42}}},"21":{"name":"(anonymous_37)","decl":{"start":{"line":77,"column":12},"end":{"line":77,"column":null}},"loc":{"start":{"line":77,"column":12},"end":{"line":88,"column":5}}},"22":{"name":"(anonymous_38)","decl":{"start":{"line":80,"column":17},"end":{"line":80,"column":null}},"loc":{"start":{"line":80,"column":17},"end":{"line":86,"column":9}}},"23":{"name":"(anonymous_39)","decl":{"start":{"line":83,"column":19},"end":{"line":83,"column":null}},"loc":{"start":{"line":83,"column":19},"end":{"line":85,"column":11}}},"24":{"name":"(anonymous_40)","decl":{"start":{"line":163,"column":23},"end":{"line":163,"column":29}},"loc":{"start":{"line":163,"column":29},"end":{"line":163,"column":null}}},"25":{"name":"(anonymous_41)","decl":{"start":{"line":171,"column":23},"end":{"line":171,"column":null}},"loc":{"start":{"line":171,"column":23},"end":{"line":174,"column":null}}},"26":{"name":"(anonymous_42)","decl":{"start":{"line":196,"column":25},"end":{"line":196,"column":null}},"loc":{"start":{"line":196,"column":25},"end":{"line":199,"column":null}}},"27":{"name":"(anonymous_43)","decl":{"start":{"line":303,"column":68},"end":{"line":303,"column":74}},"loc":{"start":{"line":303,"column":74},"end":{"line":303,"column":91}}},"28":{"name":"(anonymous_44)","decl":{"start":{"line":453,"column":23},"end":{"line":453,"column":null}},"loc":{"start":{"line":453,"column":23},"end":{"line":456,"column":null}}},"29":{"name":"(anonymous_45)","decl":{"start":{"line":640,"column":25},"end":{"line":640,"column":null}},"loc":{"start":{"line":640,"column":25},"end":{"line":643,"column":null}}},"30":{"name":"FeatureCard","decl":{"start":{"line":665,"column":9},"end":{"line":665,"column":21}},"loc":{"start":{"line":665,"column":59},"end":{"line":678,"column":null}}},"31":{"name":"(anonymous_47)","decl":{"start":{"line":672,"column":22},"end":{"line":672,"column":23}},"loc":{"start":{"line":673,"column":10},"end":{"line":673,"column":27}}},"32":{"name":"PricingCard","decl":{"start":{"line":681,"column":9},"end":{"line":681,"column":21}},"loc":{"start":{"line":681,"column":65},"end":{"line":719,"column":null}}},"33":{"name":"(anonymous_49)","decl":{"start":{"line":682,"column":22},"end":{"line":682,"column":null}},"loc":{"start":{"line":682,"column":22},"end":{"line":695,"column":null}}},"34":{"name":"(anonymous_50)","decl":{"start":{"line":687,"column":17},"end":{"line":687,"column":null}},"loc":{"start":{"line":687,"column":17},"end":{"line":693,"column":9}}},"35":{"name":"(anonymous_51)","decl":{"start":{"line":707,"column":22},"end":{"line":707,"column":23}},"loc":{"start":{"line":708,"column":10},"end":{"line":708,"column":null}}}},"branchMap":{"0":{"loc":{"start":{"line":79,"column":4},"end":{"line":87,"column":null}},"type":"if","locations":[{"start":{"line":79,"column":4},"end":{"line":87,"column":null}}]},"1":{"loc":{"start":{"line":90,"column":2},"end":{"line":92,"column":null}},"type":"if","locations":[{"start":{"line":90,"column":2},"end":{"line":92,"column":null}}]},"2":{"loc":{"start":{"line":597,"column":7},"end":{"line":597,"column":null}},"type":"binary-expr","locations":[{"start":{"line":597,"column":7},"end":{"line":597,"column":17}},{"start":{"line":597,"column":17},"end":{"line":597,"column":null}}]},"3":{"loc":{"start":{"line":684,"column":4},"end":{"line":694,"column":null}},"type":"if","locations":[{"start":{"line":684,"column":4},"end":{"line":694,"column":null}}]},"4":{"loc":{"start":{"line":689,"column":8},"end":{"line":692,"column":null}},"type":"if","locations":[{"start":{"line":689,"column":8},"end":{"line":692,"column":null}}]},"5":{"loc":{"start":{"line":698,"column":36},"end":{"line":698,"column":63}},"type":"cond-expr","locations":[{"start":{"line":698,"column":48},"end":{"line":698,"column":60}},{"start":{"line":698,"column":60},"end":{"line":698,"column":63}}]},"6":{"loc":{"start":{"line":699,"column":7},"end":{"line":699,"column":20}},"type":"binary-expr","locations":[{"start":{"line":699,"column":7},"end":{"line":699,"column":20}}]},"7":{"loc":{"start":{"line":704,"column":9},"end":{"line":704,"column":19}},"type":"binary-expr","locations":[{"start":{"line":704,"column":9},"end":{"line":704,"column":19}}]},"8":{"loc":{"start":{"line":715,"column":9},"end":{"line":715,"column":null}},"type":"cond-expr","locations":[{"start":{"line":715,"column":32},"end":{"line":715,"column":52}},{"start":{"line":715,"column":52},"end":{"line":715,"column":null}}]}},"s":{"0":0,"1":0,"2":0,"3":0,"4":0,"5":0,"6":0,"7":0,"8":0,"9":0,"10":0,"11":0,"12":0,"13":0,"14":0,"15":0,"16":0,"17":0,"18":0,"19":0,"20":0,"21":0,"22":0,"23":0,"24":0,"25":0,"26":0,"27":0,"28":0,"29":0,"30":0,"31":0,"32":0,"33":0,"34":0,"35":0,"36":0,"37":0,"38":0,"39":0,"40":0,"41":0,"42":0,"43":0,"44":0,"45":0,"46":0,"47":0,"48":0},"f":{"0":0,"1":0,"2":0,"3":0,"4":0,"5":0,"6":0,"7":0,"8":0,"9":0,"10":0,"11":0,"12":0,"13":0,"14":0,"15":0,"16":0,"17":0,"18":0,"19":0,"20":0,"21":0,"22":0,"23":0,"24":0,"25":0,"26":0,"27":0,"28":0,"29":0,"30":0,"31":0,"32":0,"33":0,"34":0,"35":0},"b":{"0":[0],"1":[0],"2":[0,0],"3":[0],"4":[0],"5":[0,0],"6":[0],"7":[0],"8":[0,0]}}
,"/workspace/app/page.js": {"path":"/workspace/app/page.js","statementMap":{"0":{"start":{"line":37,"column":24},"end":{"line":37,"column":null}},"1":{"start":{"line":3,"column":25},"end":{"line":3,"column":null}},"2":{"start":{"line":4,"column":20},"end":{"line":4,"column":null}},"3":{"start":{"line":5,"column":35},"end":{"line":5,"column":null}},"4":{"start":{"line":6,"column":28},"end":{"line":6,"column":null}},"5":{"start":{"line":7,"column":27},"end":{"line":7,"column":null}},"6":{"start":{"line":8,"column":25},"end":{"line":8,"column":null}},"7":{"start":{"line":9,"column":27},"end":{"line":9,"column":null}},"8":{"start":{"line":12,"column":36},"end":{"line":12,"column":null}},"9":{"start":{"line":17,"column":38},"end":{"line":17,"column":null}},"10":{"start":{"line":22,"column":34},"end":{"line":22,"column":null}},"11":{"start":{"line":27,"column":33},"end":{"line":27,"column":null}},"12":{"start":{"line":32,"column":45},"end":{"line":32,"column":null}},"13":{"start":{"line":93,"column":33},"end":{"line":93,"column":null}},"14":{"start":{"line":94,"column":16},"end":{"line":99,"column":null}},"15":{"start":{"line":95,"column":18},"end":{"line":95,"column":null}},"16":{"start":{"line":98,"column":18},"end":{"line":98,"column":null}}},"fnMap":{"0":{"name":"(anonymous_5)","decl":{"start":{"line":12,"column":30},"end":{"line":12,"column":36}},"loc":{"start":{"line":12,"column":36},"end":{"line":12,"column":null}}},"1":{"name":"(anonymous_6)","decl":{"start":{"line":12,"column":36},"end":{"line":12,"column":43}},"loc":{"start":{"line":12,"column":36},"end":{"line":12,"column":null}}},"2":{"name":"(anonymous_9)","decl":{"start":{"line":17,"column":32},"end":{"line":17,"column":38}},"loc":{"start":{"line":17,"column":38},"end":{"line":17,"column":null}}},"3":{"name":"(anonymous_10)","decl":{"start":{"line":17,"column":38},"end":{"line":17,"column":45}},"loc":{"start":{"line":17,"column":38},"end":{"line":17,"column":null}}},"4":{"name":"(anonymous_13)","decl":{"start":{"line":22,"column":28},"end":{"line":22,"column":34}},"loc":{"start":{"line":22,"column":34},"end":{"line":22,"column":null}}},"5":{"name":"(anonymous_14)","decl":{"start":{"line":22,"column":34},"end":{"line":22,"column":41}},"loc":{"start":{"line":22,"column":34},"end":{"line":22,"column":null}}},"6":{"name":"(anonymous_17)","decl":{"start":{"line":27,"column":27},"end":{"line":27,"column":33}},"loc":{"start":{"line":27,"column":33},"end":{"line":27,"column":null}}},"7":{"name":"(anonymous_18)","decl":{"start":{"line":27,"column":33},"end":{"line":27,"column":40}},"loc":{"start":{"line":27,"column":33},"end":{"line":27,"column":null}}},"8":{"name":"(anonymous_21)","decl":{"start":{"line":32,"column":39},"end":{"line":32,"column":45}},"loc":{"start":{"line":32,"column":45},"end":{"line":32,"column":null}}},"9":{"name":"(anonymous_22)","decl":{"start":{"line":32,"column":45},"end":{"line":32,"column":52}},"loc":{"start":{"line":32,"column":45},"end":{"line":32,"column":null}}},"10":{"name":"Home","decl":{"start":{"line":37,"column":24},"end":{"line":37,"column":null}},"loc":{"start":{"line":37,"column":24},"end":{"line":306,"column":null}}},"11":{"name":"(anonymous_26)","decl":{"start":{"line":92,"column":23},"end":{"line":92,"column":null}},"loc":{"start":{"line":92,"column":23},"end":{"line":100,"column":null}}}},"branchMap":{"0":{"loc":{"start":{"line":94,"column":16},"end":{"line":99,"column":null}},"type":"if","locations":[{"start":{"line":94,"column":16},"end":{"line":99,"column":null}},{"start":{"line":96,"column":23},"end":{"line":99,"column":null}}]},"1":{"loc":{"start":{"line":142,"column":7},"end":{"line":142,"column":null}},"type":"binary-expr","locations":[{"start":{"line":142,"column":7},"end":{"line":142,"column":null}}]}},"s":{"0":0,"1":0,"2":0,"3":0,"4":0,"5":0,"6":0,"7":0,"8":0,"9":0,"10":0,"11":0,"12":0,"13":0,"14":0,"15":0,"16":0},"f":{"0":0,"1":0,"2":0,"3":0,"4":0,"5":0,"6":0,"7":0,"8":0,"9":0,"10":0,"11":0},"b":{"0":[0,0],"1":[0]}}
,"/workspace/app/page.new.js": {"path":"/workspace/app/page.new.js","statementMap":{"0":{"start":{"line":32,"column":24},"end":{"line":32,"column":null}},"1":{"start":{"line":3,"column":25},"end":{"line":3,"column":null}},"2":{"start":{"line":4,"column":20},"end":{"line":4,"column":null}},"3":{"start":{"line":5,"column":30},"end":{"line":5,"column":null}},"4":{"start":{"line":6,"column":24},"end":{"line":6,"column":null}},"5":{"start":{"line":7,"column":27},"end":{"line":7,"column":null}},"6":{"start":{"line":8,"column":25},"end":{"line":8,"column":null}},"7":{"start":{"line":9,"column":27},"end":{"line":9,"column":null}},"8":{"start":{"line":12,"column":36},"end":{"line":12,"column":null}},"9":{"start":{"line":17,"column":38},"end":{"line":17,"column":null}},"10":{"start":{"line":22,"column":34},"end":{"line":22,"column":null}},"11":{"start":{"line":27,"column":33},"end":{"line":27,"column":null}},"12":{"start":{"line":82,"column":33},"end":{"line":82,"column":null}},"13":{"start":{"line":83,"column":16},"end":{"line":83,"column":null}},"14":{"start":{"line":83,"column":30},"end":{"line":83,"column":null}}},"fnMap":{"0":{"name":"(anonymous_5)","decl":{"start":{"line":12,"column":30},"end":{"line":12,"column":36}},"loc":{"start":{"line":12,"column":36},"end":{"line":12,"column":null}}},"1":{"name":"(anonymous_6)","decl":{"start":{"line":12,"column":36},"end":{"line":12,"column":43}},"loc":{"start":{"line":12,"column":36},"end":{"line":12,"column":null}}},"2":{"name":"(anonymous_9)","decl":{"start":{"line":17,"column":32},"end":{"line":17,"column":38}},"loc":{"start":{"line":17,"column":38},"end":{"line":17,"column":null}}},"3":{"name":"(anonymous_10)","decl":{"start":{"line":17,"column":38},"end":{"line":17,"column":45}},"loc":{"start":{"line":17,"column":38},"end":{"line":17,"column":null}}},"4":{"name":"(anonymous_13)","decl":{"start":{"line":22,"column":28},"end":{"line":22,"column":34}},"loc":{"start":{"line":22,"column":34},"end":{"line":22,"column":null}}},"5":{"name":"(anonymous_14)","decl":{"start":{"line":22,"column":34},"end":{"line":22,"column":41}},"loc":{"start":{"line":22,"column":34},"end":{"line":22,"column":null}}},"6":{"name":"(anonymous_17)","decl":{"start":{"line":27,"column":27},"end":{"line":27,"column":33}},"loc":{"start":{"line":27,"column":33},"end":{"line":27,"column":null}}},"7":{"name":"(anonymous_18)","decl":{"start":{"line":27,"column":33},"end":{"line":27,"column":40}},"loc":{"start":{"line":27,"column":33},"end":{"line":27,"column":null}}},"8":{"name":"Home","decl":{"start":{"line":32,"column":24},"end":{"line":32,"column":null}},"loc":{"start":{"line":32,"column":24},"end":{"line":290,"column":null}}},"9":{"name":"(anonymous_22)","decl":{"start":{"line":81,"column":23},"end":{"line":81,"column":null}},"loc":{"start":{"line":81,"column":23},"end":{"line":84,"column":null}}}},"branchMap":{"0":{"loc":{"start":{"line":83,"column":16},"end":{"line":83,"column":null}},"type":"if","locations":[{"start":{"line":83,"column":16},"end":{"line":83,"column":null}}]},"1":{"loc":{"start":{"line":126,"column":7},"end":{"line":126,"column":null}},"type":"binary-expr","locations":[{"start":{"line":126,"column":7},"end":{"line":126,"column":null}}]}},"s":{"0":0,"1":0,"2":0,"3":0,"4":0,"5":0,"6":0,"7":0,"8":0,"9":0,"10":0,"11":0,"12":0,"13":0,"14":0},"f":{"0":0,"1":0,"2":0,"3":0,"4":0,"5":0,"6":0,"7":0,"8":0,"9":0},"b":{"0":[0],"1":[0]}}
,"/workspace/app/page.optimized.js": {"path":"/workspace/app/page.optimized.js","statementMap":{"0":{"start":{"line":41,"column":24},"end":{"line":41,"column":null}},"1":{"start":{"line":3,"column":31},"end":{"line":3,"column":null}},"2":{"start":{"line":4,"column":20},"end":{"line":4,"column":null}},"3":{"start":{"line":7,"column":25},"end":{"line":7,"column":null}},"4":{"start":{"line":8,"column":19},"end":{"line":8,"column":null}},"5":{"start":{"line":9,"column":24},"end":{"line":9,"column":null}},"6":{"start":{"line":12,"column":36},"end":{"line":12,"column":null}},"7":{"start":{"line":17,"column":38},"end":{"line":17,"column":null}},"8":{"start":{"line":18,"column":17},"end":{"line":18,"column":null}},"9":{"start":{"line":22,"column":34},"end":{"line":22,"column":null}},"10":{"start":{"line":26,"column":43},"end":{"line":26,"column":null}},"11":{"start":{"line":30,"column":38},"end":{"line":30,"column":null}},"12":{"start":{"line":31,"column":31},"end":{"line":31,"column":null}},"13":{"start":{"line":32,"column":29},"end":{"line":32,"column":null}},"14":{"start":{"line":35,"column":20},"end":{"line":35,"column":null}},"15":{"start":{"line":35,"column":31},"end":{"line":35,"column":null}},"16":{"start":{"line":36,"column":25},"end":{"line":36,"column":null}},"17":{"start":{"line":36,"column":36},"end":{"line":36,"column":null}},"18":{"start":{"line":37,"column":30},"end":{"line":37,"column":null}},"19":{"start":{"line":37,"column":41},"end":{"line":37,"column":null}},"20":{"start":{"line":38,"column":31},"end":{"line":38,"column":null}},"21":{"start":{"line":38,"column":42},"end":{"line":38,"column":null}},"22":{"start":{"line":39,"column":26},"end":{"line":39,"column":null}},"23":{"start":{"line":39,"column":37},"end":{"line":39,"column":null}}},"fnMap":{"0":{"name":"(anonymous_5)","decl":{"start":{"line":12,"column":30},"end":{"line":12,"column":36}},"loc":{"start":{"line":12,"column":36},"end":{"line":12,"column":null}}},"1":{"name":"(anonymous_6)","decl":{"start":{"line":12,"column":36},"end":{"line":12,"column":43}},"loc":{"start":{"line":12,"column":36},"end":{"line":12,"column":null}}},"2":{"name":"(anonymous_9)","decl":{"start":{"line":17,"column":32},"end":{"line":17,"column":38}},"loc":{"start":{"line":17,"column":38},"end":{"line":17,"column":null}}},"3":{"name":"(anonymous_10)","decl":{"start":{"line":17,"column":38},"end":{"line":17,"column":45}},"loc":{"start":{"line":17,"column":38},"end":{"line":17,"column":null}}},"4":{"name":"(anonymous_12)","decl":{"start":{"line":18,"column":11},"end":{"line":18,"column":17}},"loc":{"start":{"line":18,"column":17},"end":{"line":18,"column":null}}},"5":{"name":"(anonymous_13)","decl":{"start":{"line":22,"column":28},"end":{"line":22,"column":34}},"loc":{"start":{"line":22,"column":34},"end":{"line":22,"column":null}}},"6":{"name":"(anonymous_14)","decl":{"start":{"line":22,"column":34},"end":{"line":22,"column":41}},"loc":{"start":{"line":22,"column":34},"end":{"line":22,"column":null}}},"7":{"name":"(anonymous_17)","decl":{"start":{"line":26,"column":37},"end":{"line":26,"column":43}},"loc":{"start":{"line":26,"column":43},"end":{"line":26,"column":null}}},"8":{"name":"(anonymous_18)","decl":{"start":{"line":26,"column":43},"end":{"line":26,"column":50}},"loc":{"start":{"line":26,"column":43},"end":{"line":26,"column":null}}},"9":{"name":"(anonymous_21)","decl":{"start":{"line":30,"column":32},"end":{"line":30,"column":38}},"loc":{"start":{"line":30,"column":38},"end":{"line":30,"column":null}}},"10":{"name":"(anonymous_22)","decl":{"start":{"line":30,"column":38},"end":{"line":30,"column":45}},"loc":{"start":{"line":30,"column":38},"end":{"line":30,"column":null}}},"11":{"name":"(anonymous_24)","decl":{"start":{"line":31,"column":25},"end":{"line":31,"column":31}},"loc":{"start":{"line":31,"column":31},"end":{"line":31,"column":null}}},"12":{"name":"(anonymous_25)","decl":{"start":{"line":31,"column":31},"end":{"line":31,"column":38}},"loc":{"start":{"line":31,"column":31},"end":{"line":31,"column":null}}},"13":{"name":"(anonymous_27)","decl":{"start":{"line":32,"column":23},"end":{"line":32,"column":29}},"loc":{"start":{"line":32,"column":29},"end":{"line":32,"column":null}}},"14":{"name":"(anonymous_28)","decl":{"start":{"line":32,"column":29},"end":{"line":32,"column":36}},"loc":{"start":{"line":32,"column":29},"end":{"line":32,"column":null}}},"15":{"name":"(anonymous_30)","decl":{"start":{"line":35,"column":25},"end":{"line":35,"column":31}},"loc":{"start":{"line":35,"column":31},"end":{"line":35,"column":null}}},"16":{"name":"(anonymous_31)","decl":{"start":{"line":35,"column":31},"end":{"line":35,"column":38}},"loc":{"start":{"line":35,"column":31},"end":{"line":35,"column":null}}},"17":{"name":"(anonymous_32)","decl":{"start":{"line":36,"column":30},"end":{"line":36,"column":36}},"loc":{"start":{"line":36,"column":36},"end":{"line":36,"column":null}}},"18":{"name":"(anonymous_33)","decl":{"start":{"line":36,"column":36},"end":{"line":36,"column":43}},"loc":{"start":{"line":36,"column":36},"end":{"line":36,"column":null}}},"19":{"name":"(anonymous_34)","decl":{"start":{"line":37,"column":35},"end":{"line":37,"column":41}},"loc":{"start":{"line":37,"column":41},"end":{"line":37,"column":null}}},"20":{"name":"(anonymous_35)","decl":{"start":{"line":37,"column":41},"end":{"line":37,"column":48}},"loc":{"start":{"line":37,"column":41},"end":{"line":37,"column":null}}},"21":{"name":"(anonymous_36)","decl":{"start":{"line":38,"column":36},"end":{"line":38,"column":42}},"loc":{"start":{"line":38,"column":42},"end":{"line":38,"column":null}}},"22":{"name":"(anonymous_37)","decl":{"start":{"line":38,"column":42},"end":{"line":38,"column":49}},"loc":{"start":{"line":38,"column":42},"end":{"line":38,"column":null}}},"23":{"name":"(anonymous_38)","decl":{"start":{"line":39,"column":31},"end":{"line":39,"column":37}},"loc":{"start":{"line":39,"column":37},"end":{"line":39,"column":null}}},"24":{"name":"(anonymous_39)","decl":{"start":{"line":39,"column":37},"end":{"line":39,"column":44}},"loc":{"start":{"line":39,"column":37},"end":{"line":39,"column":null}}},"25":{"name":"OptimizedHome","decl":{"start":{"line":41,"column":24},"end":{"line":41,"column":null}},"loc":{"start":{"line":41,"column":24},"end":{"line":131,"column":null}}}},"branchMap":{},"s":{"0":0,"1":0,"2":0,"3":0,"4":0,"5":0,"6":0,"7":0,"8":0,"9":0,"10":0,"11":0,"12":0,"13":0,"14":0,"15":0,"16":0,"17":0,"18":0,"19":0,"20":0,"21":0,"22":0,"23":0},"f":{"0":0,"1":0,"2":0,"3":0,"4":0,"5":0,"6":0,"7":0,"8":0,"9":0,"10":0,"11":0,"12":0,"13":0,"14":0,"15":0,"16":0,"17":0,"18":0,"19":0,"20":0,"21":0,"22":0,"23":0,"24":0,"25":0},"b":{}}
,"/workspace/app/page.premium.js": {"path":"/workspace/app/page.premium.js","statementMap":{"0":{"start":{"line":24,"column":24},"end":{"line":24,"column":null}},"1":{"start":{"line":3,"column":46},"end":{"line":3,"column":null}},"2":{"start":{"line":4,"column":20},"end":{"line":4,"column":null}},"3":{"start":{"line":5,"column":30},"end":{"line":5,"column":null}},"4":{"start":{"line":6,"column":24},"end":{"line":6,"column":null}},"5":{"start":{"line":7,"column":24},"end":{"line":7,"column":null}},"6":{"start":{"line":10,"column":36},"end":{"line":10,"column":null}},"7":{"start":{"line":15,"column":38},"end":{"line":15,"column":null}},"8":{"start":{"line":20,"column":34},"end":{"line":20,"column":null}},"9":{"start":{"line":25,"column":34},"end":{"line":25,"column":null}},"10":{"start":{"line":27,"column":2},"end":{"line":29,"column":null}},"11":{"start":{"line":28,"column":4},"end":{"line":28,"column":null}}},"fnMap":{"0":{"name":"(anonymous_5)","decl":{"start":{"line":10,"column":30},"end":{"line":10,"column":36}},"loc":{"start":{"line":10,"column":36},"end":{"line":10,"column":null}}},"1":{"name":"(anonymous_6)","decl":{"start":{"line":10,"column":36},"end":{"line":10,"column":43}},"loc":{"start":{"line":10,"column":36},"end":{"line":10,"column":null}}},"2":{"name":"(anonymous_9)","decl":{"start":{"line":15,"column":32},"end":{"line":15,"column":38}},"loc":{"start":{"line":15,"column":38},"end":{"line":15,"column":null}}},"3":{"name":"(anonymous_10)","decl":{"start":{"line":15,"column":38},"end":{"line":15,"column":45}},"loc":{"start":{"line":15,"column":38},"end":{"line":15,"column":null}}},"4":{"name":"(anonymous_13)","decl":{"start":{"line":20,"column":28},"end":{"line":20,"column":34}},"loc":{"start":{"line":20,"column":34},"end":{"line":20,"column":null}}},"5":{"name":"(anonymous_14)","decl":{"start":{"line":20,"column":34},"end":{"line":20,"column":41}},"loc":{"start":{"line":20,"column":34},"end":{"line":20,"column":null}}},"6":{"name":"PremiumHome","decl":{"start":{"line":24,"column":24},"end":{"line":24,"column":null}},"loc":{"start":{"line":24,"column":24},"end":{"line":373,"column":null}}},"7":{"name":"(anonymous_17)","decl":{"start":{"line":27,"column":12},"end":{"line":27,"column":null}},"loc":{"start":{"line":27,"column":12},"end":{"line":29,"column":5}}}},"branchMap":{},"s":{"0":0,"1":0,"2":0,"3":0,"4":0,"5":0,"6":0,"7":0,"8":0,"9":0,"10":0,"11":0},"f":{"0":0,"1":0,"2":0,"3":0,"4":0,"5":0,"6":0,"7":0},"b":{}}
,"/workspace/app/components/AIAgentsDashboard.js": {"path":"/workspace/app/components/AIAgentsDashboard.js","statementMap":{"0":{"start":{"line":7,"column":24},"end":{"line":7,"column":null}},"1":{"start":{"line":3,"column":43},"end":{"line":3,"column":null}},"2":{"start":{"line":4,"column":40},"end":{"line":4,"column":null}},"3":{"start":{"line":5,"column":19},"end":{"line":5,"column":null}},"4":{"start":{"line":8,"column":30},"end":{"line":8,"column":null}},"5":{"start":{"line":9,"column":44},"end":{"line":9,"column":null}},"6":{"start":{"line":10,"column":36},"end":{"line":10,"column":null}},"7":{"start":{"line":11,"column":38},"end":{"line":11,"column":null}},"8":{"start":{"line":12,"column":32},"end":{"line":12,"column":null}},"9":{"start":{"line":13,"column":46},"end":{"line":13,"column":null}},"10":{"start":{"line":14,"column":32},"end":{"line":14,"column":null}},"11":{"start":{"line":16,"column":2},"end":{"line":20,"column":null}},"12":{"start":{"line":17,"column":4},"end":{"line":17,"column":null}},"13":{"start":{"line":18,"column":21},"end":{"line":18,"column":61}},"14":{"start":{"line":19,"column":4},"end":{"line":19,"column":null}},"15":{"start":{"line":19,"column":17},"end":{"line":19,"column":null}},"16":{"start":{"line":22,"column":29},"end":{"line":32,"column":null}},"17":{"start":{"line":23,"column":4},"end":{"line":31,"column":null}},"18":{"start":{"line":24,"column":23},"end":{"line":24,"column":null}},"19":{"start":{"line":25,"column":19},"end":{"line":25,"column":null}},"20":{"start":{"line":26,"column":6},"end":{"line":28,"column":null}},"21":{"start":{"line":27,"column":8},"end":{"line":27,"column":null}},"22":{"start":{"line":30,"column":6},"end":{"line":30,"column":null}},"23":{"start":{"line":34,"column":20},"end":{"line":78,"column":null}},"24":{"start":{"line":35,"column":4},"end":{"line":35,"column":null}},"25":{"start":{"line":35,"column":27},"end":{"line":35,"column":null}},"26":{"start":{"line":37,"column":4},"end":{"line":37,"column":null}},"27":{"start":{"line":38,"column":4},"end":{"line":38,"column":null}},"28":{"start":{"line":40,"column":4},"end":{"line":77,"column":null}},"29":{"start":{"line":41,"column":23},"end":{"line":54,"column":null}},"30":{"start":{"line":56,"column":19},"end":{"line":56,"column":null}},"31":{"start":{"line":57,"column":6},"end":{"line":71,"column":null}},"32":{"start":{"line":58,"column":8},"end":{"line":58,"column":null}},"33":{"start":{"line":59,"column":8},"end":{"line":59,"column":null}},"34":{"start":{"line":62,"column":8},"end":{"line":68,"column":null}},"35":{"start":{"line":62,"column":27},"end":{"line":68,"column":null}},"36":{"start":{"line":70,"column":8},"end":{"line":70,"column":null}},"37":{"start":{"line":73,"column":6},"end":{"line":73,"column":null}},"38":{"start":{"line":75,"column":6},"end":{"line":75,"column":null}},"39":{"start":{"line":76,"column":6},"end":{"line":76,"column":null}},"40":{"start":{"line":80,"column":25},"end":{"line":87,"column":null}},"41":{"start":{"line":81,"column":4},"end":{"line":81,"column":null}},"42":{"start":{"line":81,"column":18},"end":{"line":81,"column":null}},"43":{"start":{"line":82,"column":25},"end":{"line":82,"column":49}},"44":{"start":{"line":83,"column":4},"end":{"line":83,"column":null}},"45":{"start":{"line":83,"column":28},"end":{"line":83,"column":null}},"46":{"start":{"line":84,"column":4},"end":{"line":84,"column":null}},"47":{"start":{"line":84,"column":28},"end":{"line":84,"column":null}},"48":{"start":{"line":85,"column":4},"end":{"line":85,"column":null}},"49":{"start":{"line":85,"column":28},"end":{"line":85,"column":null}},"50":{"start":{"line":86,"column":4},"end":{"line":86,"column":null}},"51":{"start":{"line":89,"column":25},"end":{"line":97,"column":null}},"52":{"start":{"line":90,"column":4},"end":{"line":96,"column":null}},"53":{"start":{"line":91,"column":24},"end":{"line":91,"column":null}},"54":{"start":{"line":92,"column":19},"end":{"line":92,"column":null}},"55":{"start":{"line":93,"column":19},"end":{"line":93,"column":null}},"56":{"start":{"line":94,"column":19},"end":{"line":94,"column":null}},"57":{"start":{"line":95,"column":15},"end":{"line":95,"column":null}},"58":{"start":{"line":108,"column":25},"end":{"line":108,"column":null}},"59":{"start":{"line":109,"column":29},"end":{"line":109,"column":null}},"60":{"start":{"line":111,"column":10},"end":{"line":113,"column":null}},"61":{"start":{"line":115,"column":29},"end":{"line":115,"column":null}},"62":{"start":{"line":170,"column":29},"end":{"line":170,"column":null}},"63":{"start":{"line":171,"column":31},"end":{"line":171,"column":null}},"64":{"start":{"line":225,"column":26},"end":{"line":225,"column":41}},"65":{"start":{"line":235,"column":24},"end":{"line":235,"column":39}},"66":{"start":{"line":262,"column":16},"end":{"line":262,"column":31}},"67":{"start":{"line":324,"column":30},"end":{"line":324,"column":51}},"68":{"start":{"line":325,"column":19},"end":{"line":325,"column":null}},"69":{"start":{"line":326,"column":20},"end":{"line":326,"column":null}},"70":{"start":{"line":342,"column":17},"end":{"line":348,"column":null}},"71":{"start":{"line":349,"column":2},"end":{"line":349,"column":null}},"72":{"start":{"line":353,"column":2},"end":{"line":353,"column":null}},"73":{"start":{"line":353,"column":19},"end":{"line":353,"column":null}},"74":{"start":{"line":354,"column":2},"end":{"line":354,"column":null}},"75":{"start":{"line":354,"column":19},"end":{"line":354,"column":null}},"76":{"start":{"line":355,"column":2},"end":{"line":355,"column":null}},"77":{"start":{"line":355,"column":19},"end":{"line":355,"column":null}},"78":{"start":{"line":356,"column":2},"end":{"line":356,"column":null}}},"fnMap":{"0":{"name":"AIAgentsDashboard","decl":{"start":{"line":7,"column":24},"end":{"line":7,"column":null}},"loc":{"start":{"line":7,"column":24},"end":{"line":320,"column":null}}},"1":{"name":"(anonymous_6)","decl":{"start":{"line":16,"column":12},"end":{"line":16,"column":null}},"loc":{"start":{"line":16,"column":12},"end":{"line":20,"column":5}}},"2":{"name":"(anonymous_7)","decl":{"start":{"line":19,"column":11},"end":{"line":19,"column":17}},"loc":{"start":{"line":19,"column":17},"end":{"line":19,"column":null}}},"3":{"name":"(anonymous_8)","decl":{"start":{"line":22,"column":29},"end":{"line":22,"column":null}},"loc":{"start":{"line":22,"column":29},"end":{"line":32,"column":null}}},"4":{"name":"(anonymous_9)","decl":{"start":{"line":34,"column":20},"end":{"line":34,"column":null}},"loc":{"start":{"line":34,"column":20},"end":{"line":78,"column":null}}},"5":{"name":"(anonymous_10)","decl":{"start":{"line":62,"column":19},"end":{"line":62,"column":27}},"loc":{"start":{"line":62,"column":27},"end":{"line":68,"column":null}}},"6":{"name":"(anonymous_11)","decl":{"start":{"line":80,"column":25},"end":{"line":80,"column":26}},"loc":{"start":{"line":80,"column":26},"end":{"line":87,"column":null}}},"7":{"name":"(anonymous_12)","decl":{"start":{"line":89,"column":25},"end":{"line":89,"column":26}},"loc":{"start":{"line":89,"column":26},"end":{"line":97,"column":null}}},"8":{"name":"(anonymous_13)","decl":{"start":{"line":107,"column":36},"end":{"line":107,"column":37}},"loc":{"start":{"line":107,"column":57},"end":{"line":159,"column":null}}},"9":{"name":"(anonymous_14)","decl":{"start":{"line":115,"column":23},"end":{"line":115,"column":29}},"loc":{"start":{"line":115,"column":29},"end":{"line":115,"column":null}}},"10":{"name":"(anonymous_15)","decl":{"start":{"line":170,"column":22},"end":{"line":170,"column":23}},"loc":{"start":{"line":170,"column":29},"end":{"line":170,"column":null}}},"11":{"name":"(anonymous_16)","decl":{"start":{"line":171,"column":24},"end":{"line":171,"column":25}},"loc":{"start":{"line":171,"column":31},"end":{"line":171,"column":null}}},"12":{"name":"(anonymous_17)","decl":{"start":{"line":224,"column":52},"end":{"line":224,"column":53}},"loc":{"start":{"line":225,"column":26},"end":{"line":225,"column":41}}},"13":{"name":"(anonymous_18)","decl":{"start":{"line":234,"column":73},"end":{"line":234,"column":74}},"loc":{"start":{"line":235,"column":24},"end":{"line":235,"column":39}}},"14":{"name":"(anonymous_19)","decl":{"start":{"line":261,"column":47},"end":{"line":261,"column":48}},"loc":{"start":{"line":262,"column":16},"end":{"line":262,"column":31}}},"15":{"name":"ResponsiveChart","decl":{"start":{"line":323,"column":9},"end":{"line":323,"column":25}},"loc":{"start":{"line":323,"column":33},"end":{"line":339,"column":null}}},"16":{"name":"getMetricLabel","decl":{"start":{"line":341,"column":9},"end":{"line":341,"column":24}},"loc":{"start":{"line":341,"column":27},"end":{"line":350,"column":null}}},"17":{"name":"getProgressColor","decl":{"start":{"line":352,"column":9},"end":{"line":352,"column":26}},"loc":{"start":{"line":352,"column":31},"end":{"line":357,"column":null}}}},"branchMap":{"0":{"loc":{"start":{"line":26,"column":6},"end":{"line":28,"column":null}},"type":"if","locations":[{"start":{"line":26,"column":6},"end":{"line":28,"column":null}}]},"1":{"loc":{"start":{"line":35,"column":4},"end":{"line":35,"column":null}},"type":"if","locations":[{"start":{"line":35,"column":4},"end":{"line":35,"column":null}}]},"2":{"loc":{"start":{"line":57,"column":6},"end":{"line":71,"column":null}},"type":"if","locations":[{"start":{"line":57,"column":6},"end":{"line":71,"column":null}},{"start":{"line":69,"column":13},"end":{"line":71,"column":null}}]},"3":{"loc":{"start":{"line":81,"column":4},"end":{"line":81,"column":null}},"type":"if","locations":[{"start":{"line":81,"column":4},"end":{"line":81,"column":null}}]},"4":{"loc":{"start":{"line":83,"column":4},"end":{"line":83,"column":null}},"type":"if","locations":[{"start":{"line":83,"column":4},"end":{"line":83,"column":null}}]},"5":{"loc":{"start":{"line":84,"column":4},"end":{"line":84,"column":null}},"type":"if","locations":[{"start":{"line":84,"column":4},"end":{"line":84,"column":null}}]},"6":{"loc":{"start":{"line":85,"column":4},"end":{"line":85,"column":null}},"type":"if","locations":[{"start":{"line":85,"column":4},"end":{"line":85,"column":null}}]},"7":{"loc":{"start":{"line":90,"column":4},"end":{"line":96,"column":null}},"type":"switch","locations":[{"start":{"line":91,"column":6},"end":{"line":91,"column":null}},{"start":{"line":92,"column":6},"end":{"line":92,"column":null}},{"start":{"line":93,"column":6},"end":{"line":93,"column":null}},{"start":{"line":94,"column":6},"end":{"line":94,"column":null}},{"start":{"line":95,"column":6},"end":{"line":95,"column":null}}]},"8":{"loc":{"start":{"line":114,"column":48},"end":{"line":114,"column":82}},"type":"cond-expr","locations":[{"start":{"line":114,"column":61},"end":{"line":114,"column":76}},{"start":{"line":114,"column":79},"end":{"line":114,"column":82}}]},"9":{"loc":{"start":{"line":171,"column":31},"end":{"line":171,"column":null}},"type":"binary-expr","locations":[{"start":{"line":171,"column":31},"end":{"line":171,"column":52}},{"start":{"line":171,"column":52},"end":{"line":171,"column":63}},{"start":{"line":171,"column":67},"end":{"line":171,"column":null}}]},"10":{"loc":{"start":{"line":178,"column":22},"end":{"line":178,"column":null}},"type":"binary-expr","locations":[{"start":{"line":178,"column":22},"end":{"line":178,"column":33}},{"start":{"line":178,"column":33},"end":{"line":178,"column":null}}]},"11":{"loc":{"start":{"line":180,"column":13},"end":{"line":180,"column":null}},"type":"cond-expr","locations":[{"start":{"line":180,"column":23},"end":{"line":180,"column":42}},{"start":{"line":180,"column":42},"end":{"line":180,"column":null}}]},"12":{"loc":{"start":{"line":184,"column":9},"end":{"line":184,"column":null}},"type":"binary-expr","locations":[{"start":{"line":184,"column":9},"end":{"line":184,"column":null}}]},"13":{"loc":{"start":{"line":191,"column":11},"end":{"line":191,"column":null}},"type":"binary-expr","locations":[{"start":{"line":191,"column":11},"end":{"line":191,"column":null}}]},"14":{"loc":{"start":{"line":199,"column":16},"end":{"line":203,"column":null}},"type":"cond-expr","locations":[{"start":{"line":199,"column":16},"end":{"line":203,"column":null}}]},"15":{"loc":{"start":{"line":220,"column":19},"end":{"line":220,"column":null}},"type":"binary-expr","locations":[{"start":{"line":220,"column":19},"end":{"line":220,"column":null}}]},"16":{"loc":{"start":{"line":257,"column":9},"end":{"line":257,"column":null}},"type":"binary-expr","locations":[{"start":{"line":257,"column":9},"end":{"line":257,"column":null}}]},"17":{"loc":{"start":{"line":349,"column":9},"end":{"line":349,"column":null}},"type":"binary-expr","locations":[{"start":{"line":349,"column":9},"end":{"line":349,"column":20}},{"start":{"line":349,"column":24},"end":{"line":349,"column":null}}]},"18":{"loc":{"start":{"line":353,"column":2},"end":{"line":353,"column":null}},"type":"if","locations":[{"start":{"line":353,"column":2},"end":{"line":353,"column":null}}]},"19":{"loc":{"start":{"line":354,"column":2},"end":{"line":354,"column":null}},"type":"if","locations":[{"start":{"line":354,"column":2},"end":{"line":354,"column":null}}]},"20":{"loc":{"start":{"line":355,"column":2},"end":{"line":355,"column":null}},"type":"if","locations":[{"start":{"line":355,"column":2},"end":{"line":355,"column":null}}]}},"s":{"0":0,"1":0,"2":0,"3":0,"4":0,"5":0,"6":0,"7":0,"8":0,"9":0,"10":0,"11":0,"12":0,"13":0,"14":0,"15":0,"16":0,"17":0,"18":0,"19":0,"20":0,"21":0,"22":0,"23":0,"24":0,"25":0,"26":0,"27":0,"28":0,"29":0,"30":0,"31":0,"32":0,"33":0,"34":0,"35":0,"36":0,"37":0,"38":0,"39":0,"40":0,"41":0,"42":0,"43":0,"44":0,"45":0,"46":0,"47":0,"48":0,"49":0,"50":0,"51":0,"52":0,"53":0,"54":0,"55":0,"56":0,"57":0,"58":0,"59":0,"60":0,"61":0,"62":0,"63":0,"64":0,"65":0,"66":0,"67":0,"68":0,"69":0,"70":0,"71":0,"72":0,"73":0,"74":0,"75":0,"76":0,"77":0,"78":0},"f":{"0":0,"1":0,"2":0,"3":0,"4":0,"5":0,"6":0,"7":0,"8":0,"9":0,"10":0,"11":0,"12":0,"13":0,"14":0,"15":0,"16":0,"17":0},"b":{"0":[0],"1":[0],"2":[0,0],"3":[0],"4":[0],"5":[0],"6":[0],"7":[0,0,0,0,0],"8":[0,0],"9":[0,0,0],"10":[0,0],"11":[0,0],"12":[0],"13":[0],"14":[0],"15":[0],"16":[0],"17":[0,0],"18":[0],"19":[0],"20":[0]}}
,"/workspace/app/components/AIDirectorCapabilities.js": {"path":"/workspace/app/components/AIDirectorCapabilities.js","statementMap":{"0":{"start":{"line":6,"column":24},"end":{"line":6,"column":null}},"1":{"start":{"line":3,"column":23},"end":{"line":3,"column":null}},"2":{"start":{"line":4,"column":25},"end":{"line":4,"column":null}},"3":{"start":{"line":7,"column":36},"end":{"line":7,"column":null}},"4":{"start":{"line":9,"column":23},"end":{"line":58,"column":null}},"5":{"start":{"line":80,"column":12},"end":{"line":81,"column":null}},"6":{"start":{"line":82,"column":29},"end":{"line":82,"column":null}},"7":{"start":{"line":175,"column":20},"end":{"line":176,"column":null}},"8":{"start":{"line":204,"column":18},"end":{"line":205,"column":null}},"9":{"start":{"line":234,"column":18},"end":{"line":234,"column":31}},"10":{"start":{"line":240,"column":18},"end":{"line":240,"column":31}},"11":{"start":{"line":246,"column":18},"end":{"line":246,"column":31}},"12":{"start":{"line":257,"column":18},"end":{"line":258,"column":null}},"13":{"start":{"line":286,"column":14},"end":{"line":288,"column":null}},"14":{"start":{"line":286,"column":14},"end":{"line":286,"column":43}},"15":{"start":{"line":287,"column":16},"end":{"line":287,"column":null}}},"fnMap":{"0":{"name":"AIDirectorCapabilities","decl":{"start":{"line":6,"column":24},"end":{"line":6,"column":null}},"loc":{"start":{"line":6,"column":24},"end":{"line":462,"column":null}}},"1":{"name":"(anonymous_5)","decl":{"start":{"line":79,"column":44},"end":{"line":79,"column":45}},"loc":{"start":{"line":80,"column":12},"end":{"line":81,"column":null}}},"2":{"name":"(anonymous_6)","decl":{"start":{"line":82,"column":23},"end":{"line":82,"column":29}},"loc":{"start":{"line":82,"column":29},"end":{"line":82,"column":null}}},"3":{"name":"(anonymous_7)","decl":{"start":{"line":174,"column":69},"end":{"line":174,"column":70}},"loc":{"start":{"line":175,"column":20},"end":{"line":176,"column":null}}},"4":{"name":"(anonymous_8)","decl":{"start":{"line":203,"column":62},"end":{"line":203,"column":63}},"loc":{"start":{"line":204,"column":18},"end":{"line":205,"column":null}}},"5":{"name":"(anonymous_9)","decl":{"start":{"line":233,"column":63},"end":{"line":233,"column":64}},"loc":{"start":{"line":234,"column":18},"end":{"line":234,"column":31}}},"6":{"name":"(anonymous_10)","decl":{"start":{"line":239,"column":65},"end":{"line":239,"column":66}},"loc":{"start":{"line":240,"column":18},"end":{"line":240,"column":31}}},"7":{"name":"(anonymous_11)","decl":{"start":{"line":245,"column":62},"end":{"line":245,"column":63}},"loc":{"start":{"line":246,"column":18},"end":{"line":246,"column":31}}},"8":{"name":"(anonymous_12)","decl":{"start":{"line":256,"column":58},"end":{"line":256,"column":59}},"loc":{"start":{"line":257,"column":18},"end":{"line":258,"column":null}}},"9":{"name":"(anonymous_13)","decl":{"start":{"line":284,"column":21},"end":{"line":284,"column":null}},"loc":{"start":{"line":284,"column":21},"end":{"line":289,"column":null}}},"10":{"name":"(anonymous_14)","decl":{"start":{"line":286,"column":14},"end":{"line":286,"column":21}},"loc":{"start":{"line":286,"column":14},"end":{"line":286,"column":43}}},"11":{"name":"(anonymous_15)","decl":{"start":{"line":286,"column":48},"end":{"line":286,"column":49}},"loc":{"start":{"line":286,"column":63},"end":{"line":288,"column":null}}}},"branchMap":{"0":{"loc":{"start":{"line":86,"column":27},"end":{"line":90,"column":null}},"type":"cond-expr","locations":[{"start":{"line":86,"column":47},"end":{"line":90,"column":20}},{"start":{"line":90,"column":20},"end":{"line":90,"column":null}}]},"1":{"loc":{"start":{"line":95,"column":26},"end":{"line":95,"column":null}},"type":"cond-expr","locations":[{"start":{"line":95,"column":46},"end":{"line":95,"column":57}},{"start":{"line":95,"column":57},"end":{"line":95,"column":null}}]},"2":{"loc":{"start":{"line":110,"column":28},"end":{"line":112,"column":null}},"type":"cond-expr","locations":[{"start":{"line":111,"column":20},"end":{"line":111,"column":null}},{"start":{"line":112,"column":20},"end":{"line":112,"column":null}}]},"3":{"loc":{"start":{"line":113,"column":24},"end":{"line":115,"column":null}},"type":"cond-expr","locations":[{"start":{"line":114,"column":20},"end":{"line":114,"column":null}},{"start":{"line":115,"column":20},"end":{"line":115,"column":null}}]},"4":{"loc":{"start":{"line":124,"column":38},"end":{"line":124,"column":null}},"type":"cond-expr","locations":[{"start":{"line":124,"column":58},"end":{"line":124,"column":93}},{"start":{"line":124,"column":93},"end":{"line":124,"column":null}}]},"5":{"loc":{"start":{"line":128,"column":26},"end":{"line":128,"column":null}},"type":"cond-expr","locations":[{"start":{"line":128,"column":46},"end":{"line":128,"column":57}},{"start":{"line":128,"column":57},"end":{"line":128,"column":null}}]},"6":{"loc":{"start":{"line":132,"column":30},"end":{"line":134,"column":null}},"type":"cond-expr","locations":[{"start":{"line":133,"column":22},"end":{"line":133,"column":null}},{"start":{"line":134,"column":22},"end":{"line":134,"column":null}}]},"7":{"loc":{"start":{"line":139,"column":26},"end":{"line":139,"column":null}},"type":"cond-expr","locations":[{"start":{"line":139,"column":46},"end":{"line":139,"column":96}},{"start":{"line":139,"column":96},"end":{"line":139,"column":null}}]},"8":{"loc":{"start":{"line":164,"column":11},"end":{"line":164,"column":null}},"type":"binary-expr","locations":[{"start":{"line":164,"column":11},"end":{"line":164,"column":null}}]},"9":{"loc":{"start":{"line":199,"column":11},"end":{"line":199,"column":null}},"type":"binary-expr","locations":[{"start":{"line":199,"column":11},"end":{"line":199,"column":null}}]},"10":{"loc":{"start":{"line":229,"column":11},"end":{"line":229,"column":null}},"type":"binary-expr","locations":[{"start":{"line":229,"column":11},"end":{"line":229,"column":null}}]},"11":{"loc":{"start":{"line":252,"column":11},"end":{"line":252,"column":null}},"type":"binary-expr","locations":[{"start":{"line":252,"column":11},"end":{"line":252,"column":null}}]}},"s":{"0":0,"1":0,"2":0,"3":0,"4":0,"5":0,"6":0,"7":0,"8":0,"9":0,"10":0,"11":0,"12":0,"13":0,"14":0,"15":0},"f":{"0":0,"1":0,"2":0,"3":0,"4":0,"5":0,"6":0,"7":0,"8":0,"9":0,"10":0,"11":0},"b":{"0":[0,0],"1":[0,0],"2":[0,0],"3":[0,0],"4":[0,0],"5":[0,0],"6":[0,0],"7":[0,0],"8":[0],"9":[0],"10":[0],"11":[0]}}
,"/workspace/app/components/AdminPanel.js": {"path":"/workspace/app/components/AdminPanel.js","statementMap":{"0":{"start":{"line":747,"column":0},"end":{"line":747,"column":15}},"1":{"start":{"line":3,"column":36},"end":{"line":3,"column":null}},"2":{"start":{"line":6,"column":42},"end":{"line":6,"column":null}},"3":{"start":{"line":7,"column":34},"end":{"line":7,"column":null}},"4":{"start":{"line":8,"column":36},"end":{"line":8,"column":null}},"5":{"start":{"line":9,"column":32},"end":{"line":14,"column":null}},"6":{"start":{"line":17,"column":2},"end":{"line":41,"column":null}},"7":{"start":{"line":18,"column":22},"end":{"line":39,"column":null}},"8":{"start":{"line":19,"column":20},"end":{"line":19,"column":null}},"9":{"start":{"line":20,"column":6},"end":{"line":38,"column":null}},"10":{"start":{"line":21,"column":8},"end":{"line":37,"column":null}},"11":{"start":{"line":22,"column":27},"end":{"line":26,"column":null}},"12":{"start":{"line":27,"column":23},"end":{"line":27,"column":null}},"13":{"start":{"line":28,"column":10},"end":{"line":34,"column":null}},"14":{"start":{"line":29,"column":12},"end":{"line":29,"column":null}},"15":{"start":{"line":30,"column":12},"end":{"line":30,"column":null}},"16":{"start":{"line":32,"column":12},"end":{"line":32,"column":null}},"17":{"start":{"line":33,"column":12},"end":{"line":33,"column":null}},"18":{"start":{"line":36,"column":10},"end":{"line":36,"column":null}},"19":{"start":{"line":40,"column":4},"end":{"line":40,"column":null}},"20":{"start":{"line":43,"column":22},"end":{"line":67,"column":null}},"21":{"start":{"line":44,"column":4},"end":{"line":66,"column":null}},"22":{"start":{"line":45,"column":23},"end":{"line":51,"column":null}},"23":{"start":{"line":53,"column":19},"end":{"line":53,"column":null}},"24":{"start":{"line":55,"column":6},"end":{"line":62,"column":null}},"25":{"start":{"line":56,"column":8},"end":{"line":56,"column":null}},"26":{"start":{"line":57,"column":8},"end":{"line":57,"column":null}},"27":{"start":{"line":58,"column":8},"end":{"line":58,"column":null}},"28":{"start":{"line":59,"column":8},"end":{"line":59,"column":null}},"29":{"start":{"line":61,"column":8},"end":{"line":61,"column":null}},"30":{"start":{"line":64,"column":6},"end":{"line":64,"column":null}},"31":{"start":{"line":65,"column":6},"end":{"line":65,"column":null}},"32":{"start":{"line":69,"column":23},"end":{"line":74,"column":null}},"33":{"start":{"line":70,"column":4},"end":{"line":70,"column":null}},"34":{"start":{"line":71,"column":4},"end":{"line":71,"column":null}},"35":{"start":{"line":72,"column":4},"end":{"line":72,"column":null}},"36":{"start":{"line":73,"column":4},"end":{"line":73,"column":null}},"37":{"start":{"line":76,"column":22},"end":{"line":135,"column":null}},"38":{"start":{"line":78,"column":25},"end":{"line":78,"column":null}},"39":{"start":{"line":79,"column":4},"end":{"line":134,"column":null}},"40":{"start":{"line":80,"column":6},"end":{"line":80,"column":null}},"41":{"start":{"line":83,"column":6},"end":{"line":133,"column":null}},"42":{"start":{"line":137,"column":22},"end":{"line":140,"column":null}},"43":{"start":{"line":138,"column":4},"end":{"line":138,"column":null}},"44":{"start":{"line":139,"column":4},"end":{"line":139,"column":null}},"45":{"start":{"line":142,"column":18},"end":{"line":153,"column":null}},"46":{"start":{"line":143,"column":20},"end":{"line":147,"column":null}},"47":{"start":{"line":149,"column":4},"end":{"line":152,"column":null}},"48":{"start":{"line":149,"column":24},"end":{"line":152,"column":null}},"49":{"start":{"line":155,"column":25},"end":{"line":189,"column":null}},"50":{"start":{"line":156,"column":4},"end":{"line":188,"column":null}},"51":{"start":{"line":158,"column":8},"end":{"line":163,"column":null}},"52":{"start":{"line":165,"column":8},"end":{"line":171,"column":null}},"53":{"start":{"line":173,"column":8},"end":{"line":178,"column":null}},"54":{"start":{"line":180,"column":8},"end":{"line":185,"column":null}},"55":{"start":{"line":187,"column":8},"end":{"line":187,"column":null}},"56":{"start":{"line":191,"column":21},"end":{"line":198,"column":null}},"57":{"start":{"line":192,"column":4},"end":{"line":197,"column":null}},"58":{"start":{"line":192,"column":24},"end":{"line":197,"column":null}},"59":{"start":{"line":195,"column":8},"end":{"line":195,"column":null}},"60":{"start":{"line":200,"column":21},"end":{"line":207,"column":null}},"61":{"start":{"line":201,"column":4},"end":{"line":206,"column":null}},"62":{"start":{"line":202,"column":6},"end":{"line":205,"column":null}},"63":{"start":{"line":202,"column":26},"end":{"line":205,"column":null}},"64":{"start":{"line":204,"column":42},"end":{"line":204,"column":null}},"65":{"start":{"line":209,"column":24},"end":{"line":217,"column":null}},"66":{"start":{"line":210,"column":20},"end":{"line":210,"column":null}},"67":{"start":{"line":211,"column":21},"end":{"line":211,"column":null}},"68":{"start":{"line":212,"column":16},"end":{"line":212,"column":null}},"69":{"start":{"line":213,"column":17},"end":{"line":213,"column":null}},"70":{"start":{"line":214,"column":4},"end":{"line":214,"column":null}},"71":{"start":{"line":215,"column":4},"end":{"line":215,"column":null}},"72":{"start":{"line":216,"column":4},"end":{"line":216,"column":null}},"73":{"start":{"line":219,"column":24},"end":{"line":234,"column":null}},"74":{"start":{"line":220,"column":17},"end":{"line":220,"column":38}},"75":{"start":{"line":221,"column":4},"end":{"line":233,"column":null}},"76":{"start":{"line":222,"column":21},"end":{"line":222,"column":null}},"77":{"start":{"line":223,"column":6},"end":{"line":231,"column":null}},"78":{"start":{"line":224,"column":8},"end":{"line":230,"column":null}},"79":{"start":{"line":225,"column":27},"end":{"line":225,"column":null}},"80":{"start":{"line":226,"column":10},"end":{"line":226,"column":null}},"81":{"start":{"line":227,"column":10},"end":{"line":227,"column":null}},"82":{"start":{"line":229,"column":10},"end":{"line":229,"column":null}},"83":{"start":{"line":232,"column":6},"end":{"line":232,"column":null}},"84":{"start":{"line":236,"column":2},"end":{"line":310,"column":null}},"85":{"start":{"line":245,"column":29},"end":{"line":245,"column":null}},"86":{"start":{"line":246,"column":31},"end":{"line":246,"column":null}},"87":{"start":{"line":345,"column":10},"end":{"line":346,"column":null}},"88":{"start":{"line":348,"column":27},"end":{"line":348,"column":null}},"89":{"start":{"line":364,"column":27},"end":{"line":364,"column":null}},"90":{"start":{"line":373,"column":12},"end":{"line":373,"column":41}},"91":{"start":{"line":381,"column":39},"end":{"line":381,"column":null}},"92":{"start":{"line":386,"column":35},"end":{"line":386,"column":null}},"93":{"start":{"line":399,"column":37},"end":{"line":399,"column":null}},"94":{"start":{"line":404,"column":37},"end":{"line":404,"column":null}},"95":{"start":{"line":410,"column":37},"end":{"line":410,"column":null}},"96":{"start":{"line":417,"column":37},"end":{"line":417,"column":null}},"97":{"start":{"line":427,"column":37},"end":{"line":427,"column":null}},"98":{"start":{"line":432,"column":37},"end":{"line":432,"column":null}},"99":{"start":{"line":438,"column":37},"end":{"line":438,"column":null}},"100":{"start":{"line":443,"column":37},"end":{"line":443,"column":null}},"101":{"start":{"line":454,"column":37},"end":{"line":454,"column":null}},"102":{"start":{"line":459,"column":37},"end":{"line":459,"column":null}},"103":{"start":{"line":464,"column":37},"end":{"line":464,"column":null}},"104":{"start":{"line":469,"column":37},"end":{"line":469,"column":null}},"105":{"start":{"line":480,"column":37},"end":{"line":480,"column":null}},"106":{"start":{"line":485,"column":37},"end":{"line":485,"column":null}},"107":{"start":{"line":490,"column":37},"end":{"line":490,"column":null}},"108":{"start":{"line":499,"column":37},"end":{"line":499,"column":null}},"109":{"start":{"line":747,"column":15},"end":{"line":747,"column":null}}},"fnMap":{"0":{"name":"AdminPanel","decl":{"start":{"line":5,"column":9},"end":{"line":5,"column":null}},"loc":{"start":{"line":5,"column":9},"end":{"line":745,"column":null}}},"1":{"name":"(anonymous_3)","decl":{"start":{"line":17,"column":12},"end":{"line":17,"column":null}},"loc":{"start":{"line":17,"column":12},"end":{"line":41,"column":5}}},"2":{"name":"(anonymous_4)","decl":{"start":{"line":18,"column":22},"end":{"line":18,"column":null}},"loc":{"start":{"line":18,"column":22},"end":{"line":39,"column":null}}},"3":{"name":"(anonymous_5)","decl":{"start":{"line":43,"column":22},"end":{"line":43,"column":null}},"loc":{"start":{"line":43,"column":22},"end":{"line":67,"column":null}}},"4":{"name":"(anonymous_6)","decl":{"start":{"line":69,"column":23},"end":{"line":69,"column":null}},"loc":{"start":{"line":69,"column":23},"end":{"line":74,"column":null}}},"5":{"name":"(anonymous_7)","decl":{"start":{"line":76,"column":22},"end":{"line":76,"column":null}},"loc":{"start":{"line":76,"column":22},"end":{"line":135,"column":null}}},"6":{"name":"(anonymous_8)","decl":{"start":{"line":137,"column":22},"end":{"line":137,"column":null}},"loc":{"start":{"line":137,"column":22},"end":{"line":140,"column":null}}},"7":{"name":"(anonymous_9)","decl":{"start":{"line":142,"column":18},"end":{"line":142,"column":19}},"loc":{"start":{"line":142,"column":19},"end":{"line":153,"column":null}}},"8":{"name":"(anonymous_10)","decl":{"start":{"line":149,"column":15},"end":{"line":149,"column":24}},"loc":{"start":{"line":149,"column":24},"end":{"line":152,"column":null}}},"9":{"name":"(anonymous_11)","decl":{"start":{"line":155,"column":25},"end":{"line":155,"column":26}},"loc":{"start":{"line":155,"column":26},"end":{"line":189,"column":null}}},"10":{"name":"(anonymous_12)","decl":{"start":{"line":191,"column":21},"end":{"line":191,"column":22}},"loc":{"start":{"line":191,"column":39},"end":{"line":198,"column":null}}},"11":{"name":"(anonymous_13)","decl":{"start":{"line":192,"column":15},"end":{"line":192,"column":24}},"loc":{"start":{"line":192,"column":24},"end":{"line":197,"column":null}}},"12":{"name":"(anonymous_14)","decl":{"start":{"line":194,"column":29},"end":{"line":194,"column":null}},"loc":{"start":{"line":195,"column":8},"end":{"line":195,"column":null}}},"13":{"name":"(anonymous_15)","decl":{"start":{"line":200,"column":21},"end":{"line":200,"column":22}},"loc":{"start":{"line":200,"column":28},"end":{"line":207,"column":null}}},"14":{"name":"(anonymous_16)","decl":{"start":{"line":202,"column":17},"end":{"line":202,"column":26}},"loc":{"start":{"line":202,"column":26},"end":{"line":205,"column":null}}},"15":{"name":"(anonymous_17)","decl":{"start":{"line":204,"column":34},"end":{"line":204,"column":42}},"loc":{"start":{"line":204,"column":42},"end":{"line":204,"column":null}}},"16":{"name":"(anonymous_18)","decl":{"start":{"line":209,"column":24},"end":{"line":209,"column":null}},"loc":{"start":{"line":209,"column":24},"end":{"line":217,"column":null}}},"17":{"name":"(anonymous_19)","decl":{"start":{"line":219,"column":24},"end":{"line":219,"column":25}},"loc":{"start":{"line":219,"column":25},"end":{"line":234,"column":null}}},"18":{"name":"(anonymous_20)","decl":{"start":{"line":223,"column":22},"end":{"line":223,"column":23}},"loc":{"start":{"line":223,"column":23},"end":{"line":231,"column":null}}},"19":{"name":"(anonymous_21)","decl":{"start":{"line":245,"column":22},"end":{"line":245,"column":23}},"loc":{"start":{"line":245,"column":29},"end":{"line":245,"column":null}}},"20":{"name":"(anonymous_22)","decl":{"start":{"line":246,"column":24},"end":{"line":246,"column":25}},"loc":{"start":{"line":246,"column":31},"end":{"line":246,"column":null}}},"21":{"name":"(anonymous_23)","decl":{"start":{"line":344,"column":14},"end":{"line":344,"column":null}},"loc":{"start":{"line":345,"column":10},"end":{"line":346,"column":null}}},"22":{"name":"(anonymous_24)","decl":{"start":{"line":348,"column":21},"end":{"line":348,"column":27}},"loc":{"start":{"line":348,"column":27},"end":{"line":348,"column":null}}},"23":{"name":"(anonymous_25)","decl":{"start":{"line":364,"column":21},"end":{"line":364,"column":27}},"loc":{"start":{"line":364,"column":27},"end":{"line":364,"column":null}}},"24":{"name":"(anonymous_26)","decl":{"start":{"line":372,"column":34},"end":{"line":372,"column":null}},"loc":{"start":{"line":373,"column":12},"end":{"line":373,"column":41}}},"25":{"name":"(anonymous_27)","decl":{"start":{"line":381,"column":32},"end":{"line":381,"column":33}},"loc":{"start":{"line":381,"column":39},"end":{"line":381,"column":null}}},"26":{"name":"(anonymous_28)","decl":{"start":{"line":386,"column":29},"end":{"line":386,"column":35}},"loc":{"start":{"line":386,"column":35},"end":{"line":386,"column":null}}},"27":{"name":"(anonymous_29)","decl":{"start":{"line":399,"column":30},"end":{"line":399,"column":31}},"loc":{"start":{"line":399,"column":37},"end":{"line":399,"column":null}}},"28":{"name":"(anonymous_30)","decl":{"start":{"line":404,"column":30},"end":{"line":404,"column":31}},"loc":{"start":{"line":404,"column":37},"end":{"line":404,"column":null}}},"29":{"name":"(anonymous_31)","decl":{"start":{"line":410,"column":30},"end":{"line":410,"column":31}},"loc":{"start":{"line":410,"column":37},"end":{"line":410,"column":null}}},"30":{"name":"(anonymous_32)","decl":{"start":{"line":417,"column":30},"end":{"line":417,"column":31}},"loc":{"start":{"line":417,"column":37},"end":{"line":417,"column":null}}},"31":{"name":"(anonymous_33)","decl":{"start":{"line":427,"column":30},"end":{"line":427,"column":31}},"loc":{"start":{"line":427,"column":37},"end":{"line":427,"column":null}}},"32":{"name":"(anonymous_34)","decl":{"start":{"line":432,"column":30},"end":{"line":432,"column":31}},"loc":{"start":{"line":432,"column":37},"end":{"line":432,"column":null}}},"33":{"name":"(anonymous_35)","decl":{"start":{"line":438,"column":30},"end":{"line":438,"column":31}},"loc":{"start":{"line":438,"column":37},"end":{"line":438,"column":null}}},"34":{"name":"(anonymous_36)","decl":{"start":{"line":443,"column":30},"end":{"line":443,"column":31}},"loc":{"start":{"line":443,"column":37},"end":{"line":443,"column":null}}},"35":{"name":"(anonymous_37)","decl":{"start":{"line":454,"column":30},"end":{"line":454,"column":31}},"loc":{"start":{"line":454,"column":37},"end":{"line":454,"column":null}}},"36":{"name":"(anonymous_38)","decl":{"start":{"line":459,"column":30},"end":{"line":459,"column":31}},"loc":{"start":{"line":459,"column":37},"end":{"line":459,"column":null}}},"37":{"name":"(anonymous_39)","decl":{"start":{"line":464,"column":30},"end":{"line":464,"column":31}},"loc":{"start":{"line":464,"column":37},"end":{"line":464,"column":null}}},"38":{"name":"(anonymous_40)","decl":{"start":{"line":469,"column":30},"end":{"line":469,"column":31}},"loc":{"start":{"line":469,"column":37},"end":{"line":469,"column":null}}},"39":{"name":"(anonymous_41)","decl":{"start":{"line":480,"column":30},"end":{"line":480,"column":31}},"loc":{"start":{"line":480,"column":37},"end":{"line":480,"column":null}}},"40":{"name":"(anonymous_42)","decl":{"start":{"line":485,"column":30},"end":{"line":485,"column":31}},"loc":{"start":{"line":485,"column":37},"end":{"line":485,"column":null}}},"41":{"name":"(anonymous_43)","decl":{"start":{"line":490,"column":30},"end":{"line":490,"column":31}},"loc":{"start":{"line":490,"column":37},"end":{"line":490,"column":null}}},"42":{"name":"(anonymous_44)","decl":{"start":{"line":499,"column":30},"end":{"line":499,"column":31}},"loc":{"start":{"line":499,"column":37},"end":{"line":499,"column":null}}}},"branchMap":{"0":{"loc":{"start":{"line":20,"column":6},"end":{"line":38,"column":null}},"type":"if","locations":[{"start":{"line":20,"column":6},"end":{"line":38,"column":null}}]},"1":{"loc":{"start":{"line":28,"column":10},"end":{"line":34,"column":null}},"type":"if","locations":[{"start":{"line":28,"column":10},"end":{"line":34,"column":null}},{"start":{"line":31,"column":17},"end":{"line":34,"column":null}}]},"2":{"loc":{"start":{"line":55,"column":6},"end":{"line":62,"column":null}},"type":"if","locations":[{"start":{"line":55,"column":6},"end":{"line":62,"column":null}},{"start":{"line":60,"column":13},"end":{"line":62,"column":null}}]},"3":{"loc":{"start":{"line":55,"column":10},"end":{"line":55,"column":37}},"type":"binary-expr","locations":[{"start":{"line":55,"column":10},"end":{"line":55,"column":21}},{"start":{"line":55,"column":25},"end":{"line":55,"column":37}}]},"4":{"loc":{"start":{"line":79,"column":4},"end":{"line":134,"column":null}},"type":"if","locations":[{"start":{"line":79,"column":4},"end":{"line":134,"column":null}},{"start":{"line":81,"column":11},"end":{"line":134,"column":null}}]},"5":{"loc":{"start":{"line":156,"column":4},"end":{"line":188,"column":null}},"type":"switch","locations":[{"start":{"line":157,"column":6},"end":{"line":163,"column":null}},{"start":{"line":164,"column":6},"end":{"line":171,"column":null}},{"start":{"line":172,"column":6},"end":{"line":178,"column":null}},{"start":{"line":179,"column":6},"end":{"line":185,"column":null}},{"start":{"line":186,"column":6},"end":{"line":187,"column":null}}]},"6":{"loc":{"start":{"line":195,"column":8},"end":{"line":195,"column":null}},"type":"cond-expr","locations":[{"start":{"line":195,"column":25},"end":{"line":195,"column":55}},{"start":{"line":195,"column":55},"end":{"line":195,"column":null}}]},"7":{"loc":{"start":{"line":201,"column":4},"end":{"line":206,"column":null}},"type":"if","locations":[{"start":{"line":201,"column":4},"end":{"line":206,"column":null}}]},"8":{"loc":{"start":{"line":221,"column":4},"end":{"line":233,"column":null}},"type":"if","locations":[{"start":{"line":221,"column":4},"end":{"line":233,"column":null}}]},"9":{"loc":{"start":{"line":236,"column":2},"end":{"line":310,"column":null}},"type":"if","locations":[{"start":{"line":236,"column":2},"end":{"line":310,"column":null}}]},"10":{"loc":{"start":{"line":246,"column":31},"end":{"line":246,"column":null}},"type":"binary-expr","locations":[{"start":{"line":246,"column":31},"end":{"line":246,"column":52}},{"start":{"line":246,"column":52},"end":{"line":246,"column":null}}]},"11":{"loc":{"start":{"line":347,"column":30},"end":{"line":347,"column":67}},"type":"cond-expr","locations":[{"start":{"line":347,"column":53},"end":{"line":347,"column":64}},{"start":{"line":347,"column":64},"end":{"line":347,"column":67}}]},"12":{"loc":{"start":{"line":358,"column":13},"end":{"line":358,"column":null}},"type":"binary-expr","locations":[{"start":{"line":358,"column":13},"end":{"line":358,"column":36}},{"start":{"line":358,"column":36},"end":{"line":358,"column":null}}]},"13":{"loc":{"start":{"line":359,"column":13},"end":{"line":359,"column":null}},"type":"binary-expr","locations":[{"start":{"line":359,"column":13},"end":{"line":359,"column":41}},{"start":{"line":359,"column":41},"end":{"line":359,"column":null}}]},"14":{"loc":{"start":{"line":360,"column":13},"end":{"line":360,"column":null}},"type":"binary-expr","locations":[{"start":{"line":360,"column":13},"end":{"line":360,"column":40}},{"start":{"line":360,"column":40},"end":{"line":360,"column":null}}]},"15":{"loc":{"start":{"line":361,"column":13},"end":{"line":361,"column":null}},"type":"binary-expr","locations":[{"start":{"line":361,"column":13},"end":{"line":361,"column":45}},{"start":{"line":361,"column":45},"end":{"line":361,"column":null}}]},"16":{"loc":{"start":{"line":394,"column":15},"end":{"line":394,"column":null}},"type":"binary-expr","locations":[{"start":{"line":394,"column":15},"end":{"line":394,"column":null}}]},"17":{"loc":{"start":{"line":422,"column":15},"end":{"line":422,"column":null}},"type":"binary-expr","locations":[{"start":{"line":422,"column":15},"end":{"line":422,"column":null}}]},"18":{"loc":{"start":{"line":449,"column":15},"end":{"line":449,"column":null}},"type":"binary-expr","locations":[{"start":{"line":449,"column":15},"end":{"line":449,"column":null}}]},"19":{"loc":{"start":{"line":475,"column":15},"end":{"line":475,"column":null}},"type":"binary-expr","locations":[{"start":{"line":475,"column":15},"end":{"line":475,"column":null}}]}},"s":{"0":5,"1":1,"2":34,"3":33,"4":33,"5":33,"6":33,"7":5,"8":5,"9":5,"10":1,"11":1,"12":1,"13":1,"14":0,"15":0,"16":1,"17":1,"18":0,"19":5,"20":33,"21":2,"22":2,"23":2,"24":1,"25":1,"26":1,"27":1,"28":1,"29":0,"30":1,"31":1,"32":33,"33":0,"34":0,"35":0,"36":0,"37":33,"38":1,"39":1,"40":0,"41":1,"42":33,"43":0,"44":0,"45":33,"46":0,"47":0,"48":0,"49":33,"50":0,"51":0,"52":0,"53":0,"54":0,"55":0,"56":33,"57":0,"58":0,"59":0,"60":33,"61":0,"62":0,"63":0,"64":0,"65":33,"66":0,"67":0,"68":0,"69":0,"70":0,"71":0,"72":0,"73":33,"74":0,"75":0,"76":0,"77":0,"78":0,"79":0,"80":0,"81":0,"82":0,"83":0,"84":33,"85":27,"86":27,"87":4,"88":0,"89":0,"90":2,"91":0,"92":0,"93":0,"94":0,"95":0,"96":0,"97":0,"98":0,"99":0,"100":0,"101":0,"102":0,"103":0,"104":0,"105":0,"106":0,"107":0,"108":0,"109":1},"f":{"0":34,"1":5,"2":5,"3":2,"4":0,"5":1,"6":0,"7":0,"8":0,"9":0,"10":0,"11":0,"12":0,"13":0,"14":0,"15":0,"16":0,"17":0,"18":0,"19":27,"20":27,"21":4,"22":0,"23":0,"24":2,"25":0,"26":0,"27":0,"28":0,"29":0,"30":0,"31":0,"32":0,"33":0,"34":0,"35":0,"36":0,"37":0,"38":0,"39":0,"40":0,"41":0,"42":0},"b":{"0":[1],"1":[0,1],"2":[1,0],"3":[1,1],"4":[0,1],"5":[0,0,0,0,0],"6":[0,0],"7":[0],"8":[0],"9":[32],"10":[27,0],"11":[1,3],"12":[1,1],"13":[1,0],"14":[1,0],"15":[1,0],"16":[2],"17":[2],"18":[2],"19":[2]}}
,"/workspace/app/components/AnalyticsTracker.js": {"path":"/workspace/app/components/AnalyticsTracker.js","statementMap":{"0":{"start":{"line":166,"column":0},"end":{"line":166,"column":15}},"1":{"start":{"line":70,"column":13},"end":{"line":70,"column":38}},"2":{"start":{"line":60,"column":13},"end":{"line":60,"column":39}},"3":{"start":{"line":49,"column":13},"end":{"line":49,"column":28}},"4":{"start":{"line":6,"column":13},"end":{"line":6,"column":23}},"5":{"start":{"line":27,"column":13},"end":{"line":27,"column":26}},"6":{"start":{"line":79,"column":13},"end":{"line":79,"column":29}},"7":{"start":{"line":88,"column":13},"end":{"line":88,"column":28}},"8":{"start":{"line":3,"column":26},"end":{"line":3,"column":null}},"9":{"start":{"line":6,"column":26},"end":{"line":24,"column":null}},"10":{"start":{"line":7,"column":2},"end":{"line":7,"column":null}},"11":{"start":{"line":7,"column":37},"end":{"line":7,"column":null}},"12":{"start":{"line":10,"column":2},"end":{"line":16,"column":null}},"13":{"start":{"line":11,"column":4},"end":{"line":15,"column":null}},"14":{"start":{"line":19,"column":2},"end":{"line":21,"column":null}},"15":{"start":{"line":20,"column":4},"end":{"line":20,"column":null}},"16":{"start":{"line":23,"column":2},"end":{"line":23,"column":null}},"17":{"start":{"line":27,"column":29},"end":{"line":46,"column":null}},"18":{"start":{"line":28,"column":2},"end":{"line":28,"column":null}},"19":{"start":{"line":28,"column":37},"end":{"line":28,"column":null}},"20":{"start":{"line":31,"column":2},"end":{"line":37,"column":null}},"21":{"start":{"line":32,"column":4},"end":{"line":36,"column":null}},"22":{"start":{"line":40,"column":2},"end":{"line":45,"column":null}},"23":{"start":{"line":41,"column":4},"end":{"line":44,"column":null}},"24":{"start":{"line":49,"column":31},"end":{"line":57,"column":null}},"25":{"start":{"line":50,"column":2},"end":{"line":56,"column":null}},"26":{"start":{"line":60,"column":42},"end":{"line":67,"column":null}},"27":{"start":{"line":61,"column":2},"end":{"line":66,"column":null}},"28":{"start":{"line":70,"column":41},"end":{"line":76,"column":null}},"29":{"start":{"line":71,"column":2},"end":{"line":75,"column":null}},"30":{"start":{"line":79,"column":32},"end":{"line":85,"column":null}},"31":{"start":{"line":80,"column":2},"end":{"line":84,"column":null}},"32":{"start":{"line":88,"column":31},"end":{"line":94,"column":null}},"33":{"start":{"line":89,"column":2},"end":{"line":93,"column":null}},"34":{"start":{"line":98,"column":2},"end":{"line":161,"column":null}},"35":{"start":{"line":100,"column":4},"end":{"line":100,"column":null}},"36":{"start":{"line":103,"column":22},"end":{"line":103,"column":null}},"37":{"start":{"line":105,"column":31},"end":{"line":108,"column":null}},"38":{"start":{"line":106,"column":24},"end":{"line":106,"column":null}},"39":{"start":{"line":107,"column":6},"end":{"line":107,"column":null}},"40":{"start":{"line":110,"column":4},"end":{"line":110,"column":null}},"41":{"start":{"line":113,"column":25},"end":{"line":113,"column":null}},"42":{"start":{"line":114,"column":25},"end":{"line":123,"column":null}},"43":{"start":{"line":115,"column":24},"end":{"line":115,"column":42}},"44":{"start":{"line":116,"column":24},"end":{"line":116,"column":82}},"45":{"start":{"line":117,"column":28},"end":{"line":117,"column":null}},"46":{"start":{"line":119,"column":6},"end":{"line":122,"column":null}},"47":{"start":{"line":120,"column":8},"end":{"line":120,"column":null}},"48":{"start":{"line":121,"column":8},"end":{"line":121,"column":null}},"49":{"start":{"line":125,"column":4},"end":{"line":125,"column":null}},"50":{"start":{"line":128,"column":24},"end":{"line":151,"column":null}},"51":{"start":{"line":129,"column":21},"end":{"line":129,"column":null}},"52":{"start":{"line":130,"column":6},"end":{"line":130,"column":null}},"53":{"start":{"line":130,"column":19},"end":{"line":130,"column":null}},"54":{"start":{"line":132,"column":27},"end":{"line":132,"column":47}},"55":{"start":{"line":133,"column":6},"end":{"line":150,"column":null}},"56":{"start":{"line":134,"column":8},"end":{"line":149,"column":null}},"57":{"start":{"line":135,"column":23},"end":{"line":135,"column":null}},"58":{"start":{"line":136,"column":10},"end":{"line":141,"column":null}},"59":{"start":{"line":144,"column":10},"end":{"line":148,"column":null}},"60":{"start":{"line":153,"column":4},"end":{"line":153,"column":null}},"61":{"start":{"line":156,"column":4},"end":{"line":160,"column":null}},"62":{"start":{"line":157,"column":6},"end":{"line":157,"column":null}},"63":{"start":{"line":158,"column":6},"end":{"line":158,"column":null}},"64":{"start":{"line":159,"column":6},"end":{"line":159,"column":null}},"65":{"start":{"line":163,"column":2},"end":{"line":163,"column":15}},"66":{"start":{"line":166,"column":15},"end":{"line":166,"column":32}}},"fnMap":{"0":{"name":"(anonymous_9)","decl":{"start":{"line":6,"column":26},"end":{"line":6,"column":27}},"loc":{"start":{"line":6,"column":53},"end":{"line":24,"column":null}}},"1":{"name":"(anonymous_10)","decl":{"start":{"line":27,"column":29},"end":{"line":27,"column":30}},"loc":{"start":{"line":27,"column":59},"end":{"line":46,"column":null}}},"2":{"name":"(anonymous_11)","decl":{"start":{"line":49,"column":31},"end":{"line":49,"column":32}},"loc":{"start":{"line":49,"column":78},"end":{"line":57,"column":null}}},"3":{"name":"(anonymous_12)","decl":{"start":{"line":60,"column":42},"end":{"line":60,"column":43}},"loc":{"start":{"line":60,"column":66},"end":{"line":67,"column":null}}},"4":{"name":"(anonymous_13)","decl":{"start":{"line":70,"column":41},"end":{"line":70,"column":42}},"loc":{"start":{"line":70,"column":69},"end":{"line":76,"column":null}}},"5":{"name":"(anonymous_14)","decl":{"start":{"line":79,"column":32},"end":{"line":79,"column":33}},"loc":{"start":{"line":79,"column":33},"end":{"line":85,"column":null}}},"6":{"name":"(anonymous_15)","decl":{"start":{"line":88,"column":31},"end":{"line":88,"column":32}},"loc":{"start":{"line":88,"column":32},"end":{"line":94,"column":null}}},"7":{"name":"AnalyticsTracker","decl":{"start":{"line":97,"column":9},"end":{"line":97,"column":null}},"loc":{"start":{"line":97,"column":9},"end":{"line":164,"column":null}}},"8":{"name":"(anonymous_17)","decl":{"start":{"line":98,"column":12},"end":{"line":98,"column":null}},"loc":{"start":{"line":98,"column":12},"end":{"line":161,"column":5}}},"9":{"name":"(anonymous_18)","decl":{"start":{"line":105,"column":31},"end":{"line":105,"column":null}},"loc":{"start":{"line":105,"column":31},"end":{"line":108,"column":null}}},"10":{"name":"(anonymous_19)","decl":{"start":{"line":114,"column":25},"end":{"line":114,"column":null}},"loc":{"start":{"line":114,"column":25},"end":{"line":123,"column":null}}},"11":{"name":"(anonymous_20)","decl":{"start":{"line":128,"column":24},"end":{"line":128,"column":25}},"loc":{"start":{"line":128,"column":25},"end":{"line":151,"column":null}}},"12":{"name":"(anonymous_21)","decl":{"start":{"line":156,"column":11},"end":{"line":156,"column":null}},"loc":{"start":{"line":156,"column":11},"end":{"line":160,"column":null}}}},"branchMap":{"0":{"loc":{"start":{"line":6,"column":38},"end":{"line":6,"column":53}},"type":"default-arg","locations":[{"start":{"line":6,"column":51},"end":{"line":6,"column":53}}]},"1":{"loc":{"start":{"line":7,"column":2},"end":{"line":7,"column":null}},"type":"if","locations":[{"start":{"line":7,"column":2},"end":{"line":7,"column":null}}]},"2":{"loc":{"start":{"line":10,"column":2},"end":{"line":16,"column":null}},"type":"if","locations":[{"start":{"line":10,"column":2},"end":{"line":16,"column":null}}]},"3":{"loc":{"start":{"line":12,"column":22},"end":{"line":12,"column":null}},"type":"binary-expr","locations":[{"start":{"line":12,"column":22},"end":{"line":12,"column":41}},{"start":{"line":12,"column":45},"end":{"line":12,"column":null}}]},"4":{"loc":{"start":{"line":13,"column":19},"end":{"line":13,"column":null}},"type":"binary-expr","locations":[{"start":{"line":13,"column":19},"end":{"line":13,"column":35}},{"start":{"line":13,"column":39},"end":{"
[...]
6,"column":4},"end":{"line":166,"column":null}},"49":{"start":{"line":171,"column":4},"end":{"line":171,"column":null}},"50":{"start":{"line":175,"column":4},"end":{"line":175,"column":null}},"51":{"start":{"line":181,"column":2},"end":{"line":181,"column":null}},"52":{"start":{"line":185,"column":22},"end":{"line":185,"column":null}},"53":{"start":{"line":189,"column":16},"end":{"line":189,"column":null}},"54":{"start":{"line":190,"column":20},"end":{"line":190,"column":null}},"55":{"start":{"line":192,"column":17},"end":{"line":192,"column":null}},"56":{"start":{"line":193,"column":2},"end":{"line":193,"column":null}},"57":{"start":{"line":196,"column":2},"end":{"line":196,"column":null}},"58":{"start":{"line":199,"column":2},"end":{"line":202,"column":null}},"59":{"start":{"line":205,"column":22},"end":{"line":205,"column":29}},"60":{"start":{"line":206,"column":2},"end":{"line":222,"column":null}},"61":{"start":{"line":207,"column":21},"end":{"line":207,"column":null}},"62":{"start":{"line":208,"column":4},"end":{"line":211,"column":null}},"63":{"start":{"line":214,"column":4},"end":{"line":219,"column":null}},"64":{"start":{"line":215,"column":6},"end":{"line":218,"column":null}},"65":{"start":{"line":221,"column":4},"end":{"line":221,"column":null}},"66":{"start":{"line":224,"column":2},"end":{"line":224,"column":null}},"67":{"start":{"line":229,"column":17},"end":{"line":229,"column":null}},"68":{"start":{"line":230,"column":2},"end":{"line":234,"column":null}},"69":{"start":{"line":238,"column":17},"end":{"line":238,"column":null}},"70":{"start":{"line":239,"column":2},"end":{"line":243,"column":null}},"71":{"start":{"line":240,"column":4},"end":{"line":240,"column":null}},"72":{"start":{"line":242,"column":4},"end":{"line":242,"column":null}}},"fnMap":{"0":{"name":"(anonymous_6)","decl":{"start":{"line":31,"column":2},"end":{"line":31,"column":14}},"loc":{"start":{"line":31,"column":31},"end":{"line":34,"column":null}}},"1":{"name":"(anonymous_7)","decl":{"start":{"line":36,"column":2},"end":{"line":36,"column":15}},"loc":{"start":{"line":36,"column":26},"end":{"line":38,"column":null}}},"2":{"name":"(anonymous_8)","decl":{"start":{"line":40,"column":2},"end":{"line":40,"column":17}},"loc":{"start":{"line":40,"column":44},"end":{"line":53,"column":null}}},"3":{"name":"(anonymous_9)","decl":{"start":{"line":55,"column":2},"end":{"line":55,"column":13}},"loc":{"start":{"line":55,"column":20},"end":{"line":57,"column":null}}},"4":{"name":"(anonymous_10)","decl":{"start":{"line":59,"column":2},"end":{"line":59,"column":7}},"loc":{"start":{"line":59,"column":29},"end":{"line":81,"column":null}}},"5":{"name":"(anonymous_11)","decl":{"start":{"line":83,"column":2},"end":{"line":83,"column":8}},"loc":{"start":{"line":83,"column":41},"end":{"line":124,"column":null}}},"6":{"name":"(anonymous_12)","decl":{"start":{"line":126,"column":2},"end":{"line":126,"column":8}},"loc":{"start":{"line":126,"column":28},"end":{"line":128,"column":null}}},"7":{"name":"(anonymous_13)","decl":{"start":{"line":130,"column":2},"end":{"line":130,"column":7}},"loc":{"start":{"line":130,"column":27},"end":{"line":132,"column":null}}},"8":{"name":"(anonymous_14)","decl":{"start":{"line":134,"column":2},"end":{"line":134,"column":7}},"loc":{"start":{"line":134,"column":27},"end":{"line":136,"column":null}}},"9":{"name":"(anonymous_15)","decl":{"start":{"line":138,"column":2},"end":{"line":138,"column":8}},"loc":{"start":{"line":138,"column":28},"end":{"line":140,"column":null}}},"10":{"name":"(anonymous_16)","decl":{"start":{"line":142,"column":2},"end":{"line":142,"column":8}},"loc":{"start":{"line":142,"column":28},"end":{"line":144,"column":null}}},"11":{"name":"(anonymous_17)","decl":{"start":{"line":147,"column":2},"end":{"line":147,"column":7}},"loc":{"start":{"line":147,"column":14},"end":{"line":151,"column":null}}},"12":{"name":"(anonymous_18)","decl":{"start":{"line":153,"column":2},"end":{"line":153,"column":10}},"loc":{"start":{"line":153,"column":17},"end":{"line":157,"column":null}}},"13":{"name":"(anonymous_19)","decl":{"start":{"line":160,"column":2},"end":{"line":160,"column":9}},"loc":{"start":{"line":160,"column":33},"end":{"line":162,"column":null}}},"14":{"name":"(anonymous_20)","decl":{"start":{"line":165,"column":2},"end":{"line":165,"column":11}},"loc":{"start":{"line":165,"column":32},"end":{"line":167,"column":null}}},"15":{"name":"(anonymous_21)","decl":{"start":{"line":170,"column":2},"end":{"line":170,"column":13}},"loc":{"start":{"line":170,"column":37},"end":{"line":172,"column":null}}},"16":{"name":"(anonymous_22)","decl":{"start":{"line":174,"column":2},"end":{"line":174,"column":14}},"loc":{"start":{"line":174,"column":45},"end":{"line":176,"column":null}}},"17":{"name":"createLogger","decl":{"start":{"line":180,"column":16},"end":{"line":180,"column":28}},"loc":{"start":{"line":180,"column":36},"end":{"line":182,"column":null}}},"18":{"name":"loggerMiddleware","decl":{"start":{"line":188,"column":16},"end":{"line":188,"column":32}},"loc":{"start":{"line":188,"column":47},"end":{"line":225,"column":null}}},"19":{"name":"(anonymous_25)","decl":{"start":{"line":206,"column":12},"end":{"line":206,"column":21}},"loc":{"start":{"line":206,"column":28},"end":{"line":222,"column":null}}},"20":{"name":"logError","decl":{"start":{"line":228,"column":16},"end":{"line":228,"column":24}},"loc":{"start":{"line":228,"column":51},"end":{"line":235,"column":null}}},"21":{"name":"logPerformance","decl":{"start":{"line":237,"column":16},"end":{"line":237,"column":30}},"loc":{"start":{"line":237,"column":75},"end":{"line":244,"column":null}}}},"branchMap":{"0":{"loc":{"start":{"line":18,"column":26},"end":{"line":18,"column":93}},"type":"binary-expr","locations":[{"start":{"line":18,"column":26},"end":{"line":18,"column":74}},{"start":{"line":18,"column":78},"end":{"line":18,"column":93}}]},"1":{"loc":{"start":{"line":31,"column":14},"end":{"line":31,"column":29}},"type":"default-arg","locations":[{"start":{"line":31,"column":24},"end":{"line":31,"column":29}}]},"2":{"loc":{"start":{"line":40,"column":33},"end":{"line":40,"column":42}},"type":"default-arg","locations":[{"start":{"line":40,"column":40},"end":{"line":40,"column":42}}]},"3":{"loc":{"start":{"line":47,"column":10},"end":{"line":47,"column":57}},"type":"binary-expr","locations":[{"start":{"line":47,"column":10},"end":{"line":47,"column":24}},{"start":{"line":47,"column":28},"end":{"line":47,"column":57}}]},"4":{"loc":{"start":{"line":48,"column":10},"end":{"line":48,"column":50}},"type":"binary-expr","locations":[{"start":{"line":48,"column":10},"end":{"line":48,"column":42}},{"start":{"line":48,"column":42},"end":{"line":48,"column":50}}]},"5":{"loc":{"start":{"line":49,"column":10},"end":{"line":49,"column":72}},"type":"binary-expr","locations":[{"start":{"line":49,"column":10},"end":{"line":49,"column":51}},{"start":{"line":49,"column":51},"end":{"line":49,"column":72}}]},"6":{"loc":{"start":{"line":60,"column":4},"end":{"line":60,"column":null}},"type":"if","locations":[{"start":{"line":60,"column":4},"end":{"line":60,"column":null}}]},"7":{"loc":{"start":{"line":65,"column":4},"end":{"line":75,"column":null}},"type":"if","locations":[{"start":{"line":65,"column":4},"end":{"line":75,"column":null}},{"start":{"line":72,"column":11},"end":{"line":75,"column":null}}]},"8":{"loc":{"start":{"line":69,"column":6},"end":{"line":71,"column":null}},"type":"if","locations":[{"start":{"line":69,"column":6},"end":{"line":71,"column":null}}]},"9":{"loc":{"start":{"line":78,"column":4},"end":{"line":80,"column":null}},"type":"if","locations":[{"start":{"line":78,"column":4},"end":{"line":80,"column":null}}]},"10":{"loc":{"start":{"line":85,"column":4},"end":{"line":109,"column":null}},"type":"if","locations":[{"start":{"line":85,"column":4},"end":{"line":109,"column":null}}]},"11":{"loc":{"start":{"line":85,"column":8},"end":{"line":85,"column":68}},"type":"binary-expr","locations":[{"start":{"line":85,"column":8},"end":{"line":85,"column":38}},{"start":{"line":85,"column":38},"end":{"line":85,"column":68}}]},"12":{"loc":{"start":{"line":90,"column":2},"end":{"line":90,"column":62}},"type":"cond-expr","locations":[{"start":{"line":90,"column":18},"end":{"line":90,"column":59}},{"start":{"line":90,"column":59},"end":{"line":90,"column":62}}]},"13":{"loc":{"start":{"line":112,"column":4},"end":{"line":123,"column":null}},"type":"if","locations":[{"start":{"line":112,"column":4},"end":{"line":123,"column":null}}]},"14":{"loc":{"start":{"line":112,"column":8},"end":{"line":112,"column":80}},"type":"binary-expr","locations":[{"start":{"line":112,"column":8},"end":{"line":112,"column":30}},{"start":{"line":112,"column":34},"end":{"line":112,"column":67}},{"start":{"line":112,"column":67},"end":{"line":112,"column":80}}]},"15":{"loc":{"start":{"line":113,"column":6},"end":{"line":122,"column":null}},"type":"if","locations":[{"start":{"line":113,"column":6},"end":{"line":122,"column":null}},{"start":{"line":120,"column":13},"end":{"line":122,"column":null}}]},"16":{"loc":{"start":{"line":120,"column":13},"end":{"line":122,"column":null}},"type":"if","locations":[{"start":{"line":120,"column":13},"end":{"line":122,"column":null}}]},"17":{"loc":{"start":{"line":126,"column":17},"end":{"line":126,"column":26}},"type":"default-arg","locations":[{"start":{"line":126,"column":24},"end":{"line":126,"column":26}}]},"18":{"loc":{"start":{"line":130,"column":16},"end":{"line":130,"column":25}},"type":"default-arg","locations":[{"start":{"line":130,"column":23},"end":{"line":130,"column":25}}]},"19":{"loc":{"start":{"line":134,"column":16},"end":{"line":134,"column":25}},"type":"default-arg","locations":[{"start":{"line":134,"column":23},"end":{"line":134,"column":25}}]},"20":{"loc":{"start":{"line":138,"column":17},"end":{"line":138,"column":26}},"type":"default-arg","locations":[{"start":{"line":138,"column":24},"end":{"line":138,"column":26}}]},"21":{"loc":{"start":{"line":142,"column":17},"end":{"line":142,"column":26}},"type":"default-arg","locations":[{"start":{"line":142,"column":24},"end":{"line":142,"column":26}}]},"22":{"loc":{"start":{"line":148,"column":4},"end":{"line":150,"column":null}},"type":"if","locations":[{"start":{"line":148,"column":4},"end":{"line":150,"column":null}}]},"23":{"loc":{"start":{"line":154,"column":4},"end":{"line":156,"column":null}},"type":"if","locations":[{"start":{"line":154,"column":4},"end":{"line":156,"column":null}}]},"24":{"loc":{"start":{"line":160,"column":22},"end":{"line":160,"column":31}},"type":"default-arg","locations":[{"start":{"line":160,"column":29},"end":{"line":160,"column":31}}]},"25":{"loc":{"start":{"line":165,"column":18},"end":{"line":165,"column":30}},"type":"default-arg","locations":[{"start":{"line":165,"column":28},"end":{"line":165,"column":30}}]},"26":{"loc":{"start":{"line":170,"column":26},"end":{"line":170,"column":35}},"type":"default-arg","locations":[{"start":{"line":170,"column":33},"end":{"line":170,"column":35}}]},"27":{"loc":{"start":{"line":200,"column":8},"end":{"line":200,"column":80}},"type":"binary-expr","locations":[{"start":{"line":200,"column":8},"end":{"line":200,"column":14}},{"start":{"line":200,"column":18},"end":{"line":200,"column":48}},{"start":{"line":200,"column":52},"end":{"line":200,"column":80}}]},"28":{"loc":{"start":{"line":214,"column":4},"end":{"line":219,"column":null}},"type":"if","locations":[{"start":{"line":214,"column":4},"end":{"line":219,"column":null}}]},"29":{"loc":{"start":{"line":228,"column":32},"end":{"line":228,"column":51}},"type":"default-arg","locations":[{"start":{"line":228,"column":42},"end":{"line":228,"column":51}}]},"30":{"loc":{"start":{"line":230,"column":15},"end":{"line":230,"column":49}},"type":"binary-expr","locations":[{"start":{"line":230,"column":15},"end":{"line":230,"column":28}},{"start":{"line":230,"column":32},"end":{"line":230,"column":49}}]},"31":{"loc":{"start":{"line":237,"column":52},"end":{"line":237,"column":75}},"type":"default-arg","locations":[{"start":{"line":237,"column":62},"end":{"line":237,"column":75}}]},"32":{"loc":{"start":{"line":239,"column":2},"end":{"line":243,"column":null}},"type":"if","locations":[{"start":{"line":239,"column":2},"end":{"line":243,"column":null}},{"start":{"line":241,"column":9},"end":{"line":243,"column":null}}]}},"s":{"0":0,"1":0,"2":0,"3":0,"4":0,"5":0,"6":0,"7":0,"8":0,"9":0,"10":0,"11":0,"12":0,"13":0,"14":0,"15":0,"16":0,"17":0,"18":0,"19":0,"20":0,"21":0,"22":0,"23":0,"24":0,"25":0,"26":0,"27":0,"28":0,"29":0,"30":0,"31":0,"32":0,"33":0,"34":0,"35":0,"36":0,"37":0,"38":0,"39":0,"40":0,"41":0,"42":0,"43":0,"44":0,"45":0,"46":0,"47":0,"48":0,"49":0,"50":0,"51":0,"52":0,"53":0,"54":0,"55":0,"56":0,"57":0,"58":0,"59":0,"60":0,"61":0,"62":0,"63":0,"64":0,"65":0,"66":0,"67":0,"68":0,"69":0,"70":0,"71":0,"72":0},"f":{"0":0,"1":0,"2":0,"3":0,"4":0,"5":0,"6":0,"7":0,"8":0,"9":0,"10":0,"11":0,"12":0,"13":0,"14":0,"15":0,"16":0,"17":0,"18":0,"19":0,"20":0,"21":0},"b":{"0":[0,0],"1":[0],"2":[0],"3":[0,0],"4":[0,0],"5":[0,0],"6":[0],"7":[0,0],"8":[0],"9":[0],"10":[0],"11":[0,0],"12":[0,0],"13":[0],"14":[0,0,0],"15":[0,0],"16":[0],"17":[0],"18":[0],"19":[0],"20":[0],"21":[0],"22":[0],"23":[0],"24":[0],"25":[0],"26":[0],"27":[0,0,0],"28":[0],"29":[0],"30":[0,0],"31":[0],"32":[0,0]}}
,"/workspace/app/utils/ssr-helpers.js": {"path":"/workspace/app/utils/ssr-helpers.js","statementMap":{"0":{"start":{"line":52,"column":13},"end":{"line":52,"column":24}},"1":{"start":{"line":59,"column":13},"end":{"line":59,"column":25}},"2":{"start":{"line":45,"column":13},"end":{"line":45,"column":22}},"3":{"start":{"line":3,"column":13},"end":{"line":3,"column":22}},"4":{"start":{"line":5,"column":13},"end":{"line":5,"column":21}},"5":{"start":{"line":7,"column":13},"end":{"line":7,"column":29}},"6":{"start":{"line":26,"column":13},"end":{"line":26,"column":31}},"7":{"start":{"line":3,"column":25},"end":{"line":3,"column":null}},"8":{"start":{"line":3,"column":31},"end":{"line":3,"column":null}},"9":{"start":{"line":5,"column":24},"end":{"line":5,"column":null}},"10":{"start":{"line":5,"column":30},"end":{"line":5,"column":null}},"11":{"start":{"line":7,"column":32},"end":{"line":24,"column":null}},"12":{"start":{"line":9,"column":4},"end":{"line":11,"column":null}},"13":{"start":{"line":10,"column":6},"end":{"line":10,"column":null}},"14":{"start":{"line":12,"column":4},"end":{"line":12,"column":null}},"15":{"start":{"line":15,"column":4},"end":{"line":17,"column":null}},"16":{"start":{"line":16,"column":6},"end":{"line":16,"column":null}},"17":{"start":{"line":20,"column":4},"end":{"line":22,"column":null}},"18":{"start":{"line":21,"column":6},"end":{"line":21,"column":null}},"19":{"start":{"line":26,"column":34},"end":{"line":43,"column":null}},"20":{"start":{"line":28,"column":4},"end":{"line":30,"column":null}},"21":{"start":{"line":29,"column":6},"end":{"line":29,"column":null}},"22":{"start":{"line":31,"column":4},"end":{"line":31,"column":null}},"23":{"start":{"line":34,"column":4},"end":{"line":36,"column":null}},"24":{"start":{"line":35,"column":6},"end":{"line":35,"column":null}},"25":{"start":{"line":39,"column":4},"end":{"line":41,"column":null}},"26":{"start":{"line":40,"column":6},"end":{"line":40,"column":null}},"27":{"start":{"line":45,"column":25},"end":{"line":50,"column":null}},"28":{"start":{"line":46,"column":2},"end":{"line":48,"column":null}},"29":{"start":{"line":47,"column":4},"end":{"line":47,"column":null}},"30":{"start":{"line":49,"column":2},"end":{"line":49,"column":null}},"31":{"start":{"line":52,"column":27},"end":{"line":57,"column":null}},"32":{"start":{"line":53,"column":2},"end":{"line":55,"column":null}},"33":{"start":{"line":54,"column":4},"end":{"line":54,"column":null}},"34":{"start":{"line":56,"column":2},"end":{"line":56,"column":null}},"35":{"start":{"line":59,"column":28},"end":{"line":64,"column":null}},"36":{"start":{"line":60,"column":2},"end":{"line":62,"column":null}},"37":{"start":{"line":61,"column":4},"end":{"line":61,"column":null}},"38":{"start":{"line":63,"column":2},"end":{"line":63,"column":null}}},"fnMap":{"0":{"name":"(anonymous_8)","decl":{"start":{"line":3,"column":25},"end":{"line":3,"column":31}},"loc":{"start":{"line":3,"column":31},"end":{"line":3,"column":null}}},"1":{"name":"(anonymous_9)","decl":{"start":{"line":5,"column":24},"end":{"line":5,"column":30}},"loc":{"start":{"line":5,"column":30},"end":{"line":5,"column":null}}},"2":{"name":"(anonymous_10)","decl":{"start":{"line":8,"column":11},"end":{"line":8,"column":12}},"loc":{"start":{"line":8,"column":12},"end":{"line":13,"column":null}}},"3":{"name":"(anonymous_11)","decl":{"start":{"line":14,"column":11},"end":{"line":14,"column":12}},"loc":{"start":{"line":14,"column":17},"end":{"line":18,"column":null}}},"4":{"name":"(anonymous_12)","decl":{"start":{"line":19,"column":14},"end":{"line":19,"column":15}},"loc":{"start":{"line":19,"column":15},"end":{"line":23,"column":null}}},"5":{"name":"(anonymous_13)","decl":{"start":{"line":27,"column":11},"end":{"line":27,"column":12}},"loc":{"start":{"line":27,"column":12},"end":{"line":32,"column":null}}},"6":{"name":"(anonymous_14)","decl":{"start":{"line":33,"column":11},"end":{"line":33,"column":12}},"loc":{"start":{"line":33,"column":17},"end":{"line":37,"column":null}}},"7":{"name":"(anonymous_15)","decl":{"start":{"line":38,"column":14},"end":{"line":38,"column":15}},"loc":{"start":{"line":38,"column":15},"end":{"line":42,"column":null}}},"8":{"name":"(anonymous_16)","decl":{"start":{"line":45,"column":25},"end":{"line":45,"column":null}},"loc":{"start":{"line":45,"column":25},"end":{"line":50,"column":null}}},"9":{"name":"(anonymous_17)","decl":{"start":{"line":52,"column":27},"end":{"line":52,"column":null}},"loc":{"start":{"line":52,"column":27},"end":{"line":57,"column":null}}},"10":{"name":"(anonymous_18)","decl":{"start":{"line":59,"column":28},"end":{"line":59,"column":null}},"loc":{"start":{"line":59,"column":28},"end":{"line":64,"column":null}}}},"branchMap":{"0":{"loc":{"start":{"line":9,"column":4},"end":{"line":11,"column":null}},"type":"if","locations":[{"start":{"line":9,"column":4},"end":{"line":11,"column":null}}]},"1":{"loc":{"start":{"line":15,"column":4},"end":{"line":17,"column":null}},"type":"if","locations":[{"start":{"line":15,"column":4},"end":{"line":17,"column":null}}]},"2":{"loc":{"start":{"line":20,"column":4},"end":{"line":22,"column":null}},"type":"if","locations":[{"start":{"line":20,"column":4},"end":{"line":22,"column":null}}]},"3":{"loc":{"start":{"line":28,"column":4},"end":{"line":30,"column":null}},"type":"if","locations":[{"start":{"line":28,"column":4},"end":{"line":30,"column":null}}]},"4":{"loc":{"start":{"line":34,"column":4},"end":{"line":36,"column":null}},"type":"if","locations":[{"start":{"line":34,"column":4},"end":{"line":36,"column":null}}]},"5":{"loc":{"start":{"line":39,"column":4},"end":{"line":41,"column":null}},"type":"if","locations":[{"start":{"line":39,"column":4},"end":{"line":41,"column":null}}]},"6":{"loc":{"start":{"line":46,"column":2},"end":{"line":48,"column":null}},"type":"if","locations":[{"start":{"line":46,"column":2},"end":{"line":48,"column":null}}]},"7":{"loc":{"start":{"line":53,"column":2},"end":{"line":55,"column":null}},"type":"if","locations":[{"start":{"line":53,"column":2},"end":{"line":55,"column":null}}]},"8":{"loc":{"start":{"line":60,"column":2},"end":{"line":62,"column":null}},"type":"if","locations":[{"start":{"line":60,"column":2},"end":{"line":62,"column":null}}]}},"s":{"0":0,"1":0,"2":0,"3":0,"4":0,"5":0,"6":0,"7":0,"8":0,"9":0,"10":0,"11":0,"12":0,"13":0,"14":0,"15":0,"16":0,"17":0,"18":0,"19":0,"20":0,"21":0,"22":0,"23":0,"24":0,"25":0,"26":0,"27":0,"28":0,"29":0,"30":0,"31":0,"32":0,"33":0,"34":0,"35":0,"36":0,"37":0,"38":0},"f":{"0":0,"1":0,"2":0,"3":0,"4":0,"5":0,"6":0,"7":0,"8":0,"9":0,"10":0},"b":{"0":[0],"1":[0],"2":[0],"3":[0],"4":[0],"5":[0],"6":[0],"7":[0],"8":[0]}}
}
