TN:
SF:app/global-error.js
FN:3,GlobalError
FN:38,(anonymous_2)
FN:39,(anonymous_3)
FNF:3
FNH:0
FNDA:0,GlobalError
FNDA:0,(anonymous_2)
FNDA:0,(anonymous_3)
DA:3,0
DA:4,0
DA:38,0
DA:39,0
LF:4
LH:0
BRF:0
BRH:0
end_of_record
TN:
SF:app/page.backup.js
FN:8,(anonymous_5)
FN:8,(anonymous_6)
FN:16,(anonymous_9)
FN:16,(anonymous_10)
FN:21,(anonymous_12)
FN:21,(anonymous_13)
FN:26,(anonymous_15)
FN:26,(anonymous_16)
FN:31,(anonymous_18)
FN:31,(anonymous_19)
FN:36,(anonymous_21)
FN:36,(anonymous_22)
FN:41,(anonymous_24)
FN:41,(anonymous_25)
FN:46,(anonymous_27)
FN:46,(anonymous_28)
FN:51,(anonymous_30)
FN:51,(anonymous_31)
FN:63,HomePage
FN:68,(anonymous_35)
FN:70,(anonymous_36)
FN:77,(anonymous_37)
FN:80,(anonymous_38)
FN:83,(anonymous_39)
FN:163,(anonymous_40)
FN:171,(anonymous_41)
FN:196,(anonymous_42)
FN:303,(anonymous_43)
FN:453,(anonymous_44)
FN:640,(anonymous_45)
FN:665,FeatureCard
FN:672,(anonymous_47)
FN:681,PricingCard
FN:682,(anonymous_49)
FN:687,(anonymous_50)
FN:707,(anonymous_51)
FNF:36
FNH:0
FNDA:0,(anonymous_5)
FNDA:0,(anonymous_6)
FNDA:0,(anonymous_9)
FNDA:0,(anonymous_10)
FNDA:0,(anonymous_12)
FNDA:0,(anonymous_13)
FNDA:0,(anonymous_15)
FNDA:0,(anonymous_16)
FNDA:0,(anonymous_18)
FNDA:0,(anonymous_19)
FNDA:0,(anonymous_21)
FNDA:0,(anonymous_22)
FNDA:0,(anonymous_24)
FNDA:0,(anonymous_25)
FNDA:0,(anonymous_27)
FNDA:0,(anonymous_28)
FNDA:0,(anonymous_30)
FNDA:0,(anonymous_31)
FNDA:0,HomePage
FNDA:0,(anonymous_35)
FNDA:0,(anonymous_36)
FNDA:0,(anonymous_37)
FNDA:0,(anonymous_38)
FNDA:0,(anonymous_39)
FNDA:0,(anonymous_40)
FNDA:0,(anonymous_41)
FNDA:0,(anonymous_42)
FNDA:0,(anonymous_43)
FNDA:0,(anonymous_44)
FNDA:0,(anonymous_45)
FNDA:0,FeatureCard
FNDA:0,(anonymous_47)
FNDA:0,PricingCard
FNDA:0,(anonymous_49)
FNDA:0,(anonymous_50)
FNDA:0,(anonymous_51)
DA:3,0
DA:4,0
DA:8,0
DA:16,0
DA:21,0
DA:26,0
DA:31,0
DA:36,0
DA:41,0
DA:46,0
DA:51,0
DA:63,0
DA:64,0
DA:65,0
DA:66,0
DA:68,0
DA:70,0
DA:77,0
DA:78,0
DA:79,0
DA:80,0
DA:81,0
DA:82,0
DA:83,0
DA:84,0
DA:90,0
DA:91,0
DA:163,0
DA:172,0
DA:173,0
DA:197,0
DA:198,0
DA:303,0
DA:454,0
DA:455,0
DA:641,0
DA:642,0
DA:673,0
DA:682,0
DA:683,0
DA:684,0
DA:685,0
DA:687,0
DA:688,0
DA:689,0
DA:690,0
DA:691,0
DA:708,0
LF:48
LH:0
BRDA:79,0,0,0
BRDA:90,1,0,0
BRDA:597,2,0,0
BRDA:597,2,1,0
BRDA:684,3,0,0
BRDA:689,4,0,0
BRDA:698,5,0,0
BRDA:698,5,1,0
BRDA:699,6,0,0
BRDA:704,7,0,0
BRDA:715,8,0,0
BRDA:715,8,1,0
BRF:12
BRH:0
end_of_record
TN:
SF:app/page.js
FN:12,(anonymous_5)
FN:12,(anonymous_6)
FN:17,(anonymous_9)
FN:17,(anonymous_10)
FN:22,(anonymous_13)
FN:22,(anonymous_14)
FN:27,(anonymous_17)
FN:27,(anonymous_18)
FN:32,(anonymous_21)
FN:32,(anonymous_22)
FN:37,Home
FN:92,(anonymous_26)
FNF:12
FNH:0
FNDA:0,(anonymous_5)
FNDA:0,(anonymous_6)
FNDA:0,(anonymous_9)
FNDA:0,(anonymous_10)
FNDA:0,(anonymous_13)
FNDA:0,(anonymous_14)
FNDA:0,(anonymous_17)
FNDA:0,(anonymous_18)
FNDA:0,(anonymous_21)
FNDA:0,(anonymous_22)
FNDA:0,Home
FNDA:0,(anonymous_26)
DA:3,0
DA:4,0
DA:5,0
DA:6,0
DA:7,0
DA:8,0
DA:9,0
DA:12,0
DA:17,0
DA:22,0
DA:27,0
DA:32,0
DA:37,0
DA:93,0
DA:94,0
DA:95,0
DA:98,0
LF:17
LH:0
BRDA:94,0,0,0
BRDA:94,0,1,0
BRDA:142,1,0,0
BRF:3
BRH:0
end_of_record
TN:
SF:app/page.new.js
FN:12,(anonymous_5)
FN:12,(anonymous_6)
FN:17,(anonymous_9)
FN:17,(anonymous_10)
FN:22,(anonymous_13)
FN:22,(anonymous_14)
FN:27,(anonymous_17)
FN:27,(anonymous_18)
FN:32,Home
FN:81,(anonymous_22)
FNF:10
FNH:0
FNDA:0,(anonymous_5)
FNDA:0,(anonymous_6)
FNDA:0,(anonymous_9)
FNDA:0,(anonymous_10)
FNDA:0,(anonymous_13)
FNDA:0,(anonymous_14)
FNDA:0,(anonymous_17)
FNDA:0,(anonymous_18)
FNDA:0,Home
FNDA:0,(anonymous_22)
DA:3,0
DA:4,0
DA:5,0
DA:6,0
DA:7,0
DA:8,0
DA:9,0
DA:12,0
DA:17,0
DA:22,0
DA:27,0
DA:32,0
DA:82,0
DA:83,0
LF:14
LH:0
BRDA:83,0,0,0
BRDA:126,1,0,0
BRF:2
BRH:0
end_of_record
TN:
SF:app/page.optimized.js
FN:12,(anonymous_5)
FN:12,(anonymous_6)
FN:17,(anonymous_9)
FN:17,(anonymous_10)
FN:18,(anonymous_12)
FN:22,(anonymous_13)
FN:22,(anonymous_14)
FN:26,(anonymous_17)
FN:26,(anonymous_18)
FN:30,(anonymous_21)
FN:30,(anonymous_22)
FN:31,(anonymous_24)
FN:31,(anonymous_25)
FN:32,(anonymous_27)
FN:32,(anonymous_28)
FN:35,(anonymous_30)
FN:35,(anonymous_31)
FN:36,(anonymous_32)
FN:36,(anonymous_33)
FN:37,(anonymous_34)
FN:37,(anonymous_35)
FN:38,(anonymous_36)
FN:38,(anonymous_37)
FN:39,(anonymous_38)
FN:39,(anonymous_39)
FN:41,OptimizedHome
FNF:26
FNH:0
FNDA:0,(anonymous_5)
FNDA:0,(anonymous_6)
FNDA:0,(anonymous_9)
FNDA:0,(anonymous_10)
FNDA:0,(anonymous_12)
FNDA:0,(anonymous_13)
FNDA:0,(anonymous_14)
FNDA:0,(anonymous_17)
FNDA:0,(anonymous_18)
FNDA:0,(anonymous_21)
FNDA:0,(anonymous_22)
FNDA:0,(anonymous_24)
FNDA:0,(anonymous_25)
FNDA:0,(anonymous_27)
FNDA:0,(anonymous_28)
FNDA:0,(anonymous_30)
FNDA:0,(anonymous_31)
FNDA:0,(anonymous_32)
FNDA:0,(anonymous_33)
FNDA:0,(anonymous_34)
FNDA:0,(anonymous_35)
FNDA:0,(anonymous_36)
FNDA:0,(anonymous_37)
FNDA:0,(anonymous_38)
FNDA:0,(anonymous_39)
FNDA:0,OptimizedHome
DA:3,0
DA:4,0
DA:7,0
DA:8,0
DA:9,0
DA:12,0
DA:17,0
DA:18,0
DA:22,0
DA:26,0
DA:30,0
DA:31,0
DA:32,0
DA:35,0
DA:36,0
DA:37,0
DA:38,0
DA:39,0
DA:41,0
LF:19
LH:0
BRF:0
BRH:0
end_of_record
TN:
SF:app/page.premium.js
FN:10,(anonymous_5)
FN:10,(anonymous_6)
FN:15,(anonymous_9)
FN:15,(anonymous_10)
FN:20,(anonymous_13)
FN:20,(anonymous_14)
FN:24,PremiumHome
FN:27,(anonymous_17)
FNF:8
FNH:0
FNDA:0,(anonymous_5)
FNDA:0,(anonymous_6)
FNDA:0,(anonymous_9)
FNDA:0,(anonymous_10)
FNDA:0,(anonymous_13)
FNDA:0,(anonymous_14)
FNDA:0,PremiumHome
FNDA:0,(anonymous_17)
DA:3,0
DA:4,0
DA:5,0
DA:6,0
DA:7,0
DA:10,0
DA:15,0
DA:20,0
DA:24,0
DA:25,0
DA:27,0
DA:28,0
LF:12
LH:0
BRF:0
BRH:0
end_of_record
TN:
SF:app/components/AIAgentsDashboard.js
FN:7,AIAgentsDashboard
FN:16,(anonymous_6)
FN:19,(anonymous_7)
FN:22,(anonymous_8)
FN:34,(anonymous_9)
FN:62,(anonymous_10)
FN:80,(anonymous_11)
FN:89,(anonymous_12)
FN:107,(anonymous_13)
FN:115,(anonymous_14)
FN:170,(anonymous_15)
FN:171,(anonymous_16)
FN:224,(anonymous_17)
FN:234,(anonymous_18)
FN:261,(anonymous_19)
FN:323,ResponsiveChart
FN:341,getMetricLabel
FN:352,getProgressColor
FNF:18
FNH:0
FNDA:0,AIAgentsDashboard
FNDA:0,(anonymous_6)
FNDA:0,(anonymous_7)
FNDA:0,(anonymous_8)
FNDA:0,(anonymous_9)
FNDA:0,(anonymous_10)
FNDA:0,(anonymous_11)
FNDA:0,(anonymous_12)
FNDA:0,(anonymous_13)
FNDA:0,(anonymous_14)
FNDA:0,(anonymous_15)
FNDA:0,(anonymous_16)
FNDA:0,(anonymous_17)
FNDA:0,(anonymous_18)
FNDA:0,(anonymous_19)
FNDA:0,ResponsiveChart
FNDA:0,getMetricLabel
FNDA:0,getProgressColor
DA:3,0
DA:4,0
DA:5,0
DA:7,0
DA:8,0
DA:9,0
DA:10,0
DA:11,0
DA:12,0
DA:13,0
DA:14,0
DA:16,0
DA:17,0
DA:18,0
DA:19,0
DA:22,0
DA:23,0
DA:24,0
DA:25,0
DA:26,0
DA:27,0
DA:30,0
DA:34,0
DA:35,0
DA:37,0
DA:38,0
DA:40,0
DA:41,0
DA:56,0
DA:57,0
DA:58,0
DA:59,0
DA:62,0
DA:70,0
DA:73,0
DA:75,0
DA:76,0
DA:80,0
DA:81,0
DA:82,0
DA:83,0
DA:84,0
DA:85,0
DA:86,0
DA:89,0
DA:90,0
DA:91,0
DA:92,0
DA:93,0
DA:94,0
DA:95,0
DA:108,0
DA:109,0
DA:111,0
DA:115,0
DA:170,0
DA:171,0
DA:225,0
DA:235,0
DA:262,0
DA:324,0
DA:325,0
DA:326,0
DA:342,0
DA:349,0
DA:353,0
DA:354,0
DA:355,0
DA:356,0
LF:69
LH:0
BRDA:26,0,0,0
BRDA:35,1,0,0
BRDA:57,2,0,0
BRDA:57,2,1,0
BRDA:81,3,0,0
BRDA:83,4,0,0
BRDA:84,5,0,0
BRDA:85,6,0,0
BRDA:90,7,0,0
BRDA:90,7,1,0
BRDA:90,7,2,0
BRDA:90,7,3,0
BRDA:90,7,4,0
BRDA:114,8,0,0
BRDA:114,8,1,0
BRDA:171,9,0,0
BRDA:171,9,1,0
BRDA:171,9,2,0
BRDA:178,10,0,0
BRDA:178,10,1,0
BRDA:180,11,0,0
BRDA:180,11,1,0
BRDA:184,12,0,0
BRDA:191,13,0,0
BRDA:199,14,0,0
BRDA:220,15,0,0
BRDA:257,16,0,0
BRDA:349,17,0,0
BRDA:349,17,1,0
BRDA:353,18,0,0
BRDA:354,19,0,0
BRDA:355,20,0,0
BRF:32
BRH:0
end_of_record
TN:
SF:app/components/AIDirectorCapabilities.js
FN:6,AIDirectorCapabilities
FN:79,(anonymous_5)
FN:82,(anonymous_6)
FN:174,(anonymous_7)
FN:203,(anonymous_8)
FN:233,(anonymous_9)
FN:239,(anonymous_10)
FN:245,(anonymous_11)
FN:256,(anonymous_12)
FN:284,(anonymous_13)
FN:286,(anonymous_14)
FN:286,(anonymous_15)
FNF:12
FNH:0
FNDA:0,AIDirectorCapabilities
FNDA:0,(anonymous_5)
FNDA:0,(anonymous_6)
FNDA:0,(anonymous_7)
FNDA:0,(anonymous_8)
FNDA:0,(anonymous_9)
FNDA:0,(anonymous_10)
FNDA:0,(anonymous_11)
FNDA:0,(anonymous_12)
FNDA:0,(anonymous_13)
FNDA:0,(anonymous_14)
FNDA:0,(anonymous_15)
DA:3,0
DA:4,0
DA:6,0
DA:7,0
DA:9,0
DA:80,0
DA:82,0
DA:175,0
DA:204,0
DA:234,0
DA:240,0
DA:246,0
DA:257,0
DA:286,0
DA:287,0
LF:15
LH:0
BRDA:86,0,0,0
BRDA:86,0,1,0
BRDA:95,1,0,0
BRDA:95,1,1,0
BRDA:110,2,0,0
BRDA:110,2,1,0
BRDA:113,3,0,0
BRDA:113,3,1,0
BRDA:124,4,0,0
BRDA:124,4,1,0
BRDA:128,5,0,0
BRDA:128,5,1,0
BRDA:132,6,0,0
BRDA:132,6,1,0
BRDA:139,7,0,0
BRDA:139,7,1,0
BRDA:164,8,0,0
BRDA:199,9,0,0
BRDA:229,10,0,0
BRDA:252,11,0,0
BRF:20
BRH:0
end_of_record
TN:
SF:app/components/AdminPanel.js
FN:5,AdminPanel
FN:17,(anonymous_3)
FN:18,(anonymous_4)
FN:43,(anonymous_5)
FN:69,(anonymous_6)
FN:76,(anonymous_7)
FN:137,(anonymous_8)
FN:142,(anonymous_9)
FN:149,(anonymous_10)
FN:155,(anonymous_11)
FN:191,(anonymous_12)
FN:192,(anonymous_13)
FN:194,(anonymous_14)
FN:200,(anonymous_15)
FN:202,(anonymous_16)
FN:204,(anonymous_17)
FN:209,(anonymous_18)
FN:219,(anonymous_19)
FN:223,(anonymous_20)
FN:245,(anonymous_21)
FN:246,(anonymous_22)
FN:344,(anonymous_23)
FN:348,(anonymous_24)
FN:364,(anonymous_25)
FN:372,(anonymous_26)
FN:381,(anonymous_27)
FN:386,(anonymous_28)
FN:399,(anonymous_29)
FN:404,(anonymous_30)
FN:410,(anonymous_31)
FN:417,(anonymous_32)
FN:427,(anonymous_33)
FN:432,(anonymous_34)
FN:438,(anonymous_35)
FN:443,(anonymous_36)
FN:454,(anonymous_37)
FN:459,(anonymous_38)
FN:464,(anonymous_39)
FN:469,(anonymous_40)
FN:480,(anonymous_41)
FN:485,(anonymous_42)
FN:490,(anonymous_43)
FN:499,(anonymous_44)
FNF:43
FNH:9
FNDA:34,AdminPanel
FNDA:5,(anonymous_3)
FNDA:5,(anonymous_4)
FNDA:2,(anonymous_5)
FNDA:0,(anonymous_6)
FNDA:1,(anonymous_7)
FNDA:0,(anonymous_8)
FNDA:0,(anonymous_9)
FNDA:0,(anonymous_10)
FNDA:0,(anonymous_11)
FNDA:0,(anonymous_12)
FNDA:0,(anonymous_13)
FNDA:0,(anonymous_14)
FNDA:0,(anonymous_15)
FNDA:0,(anonymous_16)
FNDA:0,(anonymous_17)
FNDA:0,(anonymous_18)
FNDA:0,(anonymous_19)
FNDA:0,(anonymous_20)
FNDA:27,(anonymous_21)
FNDA:27,(anonymous_22)
FNDA:4,(anonymous_23)
FNDA:0,(anonymous_24)
FNDA:0,(anonymous_25)
FNDA:2,(anonymous_26)
FNDA:0,(anonymous_27)
FNDA:0,(anonymous_28)
FNDA:0,(anonymous_29)
FNDA:0,(anonymous_30)
FNDA:0,(anonymous_31)
FNDA:0,(anonymous_32)
FNDA:0,(anonymous_33)
FNDA:0,(anonymous_34)
FNDA:0,(anonymous_35)
FNDA:0,(anonymous_36)
FNDA:0,(anonymous_37)
FNDA:0,(anonymous_38)
FNDA:0,(anonymous_39)
FNDA:0,(anonymous_40)
FNDA:0,(anonymous_41)
FNDA:0,(anonymous_42)
FNDA:0,(anonymous_43)
FNDA:0,(anonymous_44)
DA:3,1
DA:6,34
DA:7,33
DA:8,33
DA:9,33
DA:17,33
DA:18,5
DA:19,5
DA:20,5
DA:21,1
DA:22,1
DA:27,1
DA:28,1
DA:29,0
DA:30,0
DA:32,1
DA:33,1
DA:36,0
DA:40,5
DA:43,33
DA:44,2
DA:45,2
DA:53,2
DA:55,1
DA:56,1
DA:57,1
DA:58,1
DA:59,1
DA:61,0
DA:64,1
DA:65,1
DA:69,33
DA:70,0
DA:71,0
DA:72,0
DA:73,0
DA:76,33
DA:78,1
DA:79,1
DA:80,0
DA:83,1
DA:137,33
DA:138,0
DA:139,0
DA:142,33
DA:143,0
DA:149,0
DA:155,33
DA:156,0
DA:158,0
DA:165,0
DA:173,0
DA:180,0
DA:187,0
DA:191,33
DA:192,0
DA:195,0
DA:200,33
DA:201,0
DA:202,0
DA:204,0
DA:209,33
DA:210,0
DA:211,0
DA:212,0
DA:213,0
DA:214,0
DA:215,0
DA:216,0
DA:219,33
DA:220,0
DA:221,0
DA:222,0
DA:223,0
DA:224,0
DA:225,0
DA:226,0
DA:227,0
DA:229,0
DA:232,0
DA:236,33
DA:245,27
DA:246,27
DA:345,4
DA:348,0
DA:364,0
DA:373,2
DA:381,0
DA:386,0
DA:399,0
DA:404,0
DA:410,0
DA:417,0
DA:427,0
DA:432,0
DA:438,0
DA:443,0
DA:454,0
DA:459,0
DA:464,0
DA:469,0
DA:480,0
DA:485,0
DA:490,0
DA:499,0
DA:747,5
LF:106
LH:45
BRDA:20,0,0,1
BRDA:28,1,0,0
BRDA:28,1,1,1
BRDA:55,2,0,1
BRDA:55,2,1,0
BRDA:55,3,0,1
BRDA:55,3,1,1
BRDA:79,4,0,0
BRDA:79,4,1,1
BRDA:156,5,0,0
BRDA:156,5,1,0
BRDA:156,5,2,0
BRDA:156,5,3,0
BRDA:156,5,4,0
BRDA:195,6,0,0
BRDA:195,6,1,0
BRDA:201,7,0,0
BRDA:221,8,0,0
BRDA:236,9,0,32
BRDA:246,10,0,27
BRDA:246,10,1,0
BRDA:347,11,0,1
BRDA:347,11,1,3
BRDA:358,12,0,1
BRDA:358,12,1,1
BRDA:359,13,0,1
BRDA:359,13,1,0
BRDA:360,14,0,1
BRDA:360,14,1,0
BRDA:361,15,0,1
BRDA:361,15,1,0
BRDA:394,16,0,2
BRDA:422,17,0,2
BRDA:449,18,0,2
BRDA:475,19,0,2
BRF:35
BRH:19
end_of_record
TN:
SF:app/components/AnalyticsTracker.js
FN:6,(anonymous_9)
FN:27,(anonymous_10)
FN:49,(anonymous_11)
FN:60,(anonymous_12)
FN:70,(anonymous_13)
FN:79,(anonymous_14)
FN:88,(anonymous_15)
FN:97,AnalyticsTracker
FN:98,(anonymous_17)
FN:105,(anonymous_18)
FN:114,(anonymous_19)
FN:128,(anonymous_20)
FN:156,(anonymous_21)
FNF:13
FNH:0
FNDA:0,(anonymous_9)
FNDA:0,(anonymous_10)
FNDA:0,(anonymous_11)
FNDA:0,(anonymous_12)
FNDA:0,(anonymous_13)
FNDA:0,(anonymous_14)
FNDA:0,(anonymous_15)
FNDA:0,AnalyticsTracker
FNDA:0,(anonymous_17)
FNDA:0,(anonymous_18)
FNDA:0,(anonymous_19)
FNDA:0,(anonymous_20)
FNDA:0,(anonymous_21)
DA:3,0
DA:6,0
DA:7,0
DA:10,0
DA:11,0
DA:19,0
DA:20,0
DA:23,0
DA:27,0
DA:28,0
DA:31,0
DA:32,0
DA:40,0
DA:41,0
DA:49,0
DA:50,0
DA:60,0
DA:61,0
DA:70,0
DA:71,0
DA:79,0
DA:80,0
DA:88,0
DA:89,0
DA:98,0
DA:100,0
DA:103,0
DA:105,0
DA:106,0
DA:107,0
DA:110,0
DA:113,0
DA:114,0
DA:115,0
DA:116,0
DA:117,0
DA:119,0
DA:120,0
DA:121,0
DA:125,0
DA:128,0
DA:129,0
DA:130,0
DA:132,0
DA:133,0
DA:134,0
DA:135,0
DA:136,0
DA:144,0
DA:153,0
DA:156,0
DA:157,0
DA:158,0
DA:159,0
DA:163,0
DA:166,0
LF:56
LH:0
BRDA:6,0,0,0
BRDA:7,1,0,0
BRDA:10,2,0,0
BRDA:12,3,0,0
BRDA:12,3,1,0
BRDA:13,4,0,0
BRDA:13,4,1,0
BRDA:19,5,0,0
BRDA:19,6,0,0
BRDA:19,6,1,0
BRDA:27,7,0,0
BRDA:28,8,0,0
BRDA:31,9,0,0
BRDA:40,10,0,0
BRDA:49,11,0,0
BRDA:49,12,0,0
BRDA:60,13,0,0
BRDA:70,14,0,0
BRDA:119,15,0,0
BRDA:119,16,0,0
BRDA:119,16,1,0
BRDA:130,17,0,0
BRDA:133,18,0,0
BRDA:138,19,0,0
BRDA:138,19,1,0
BRF:25
BRH:0
end_of_record
TN:
SF:app/components/AnimatedLogo.js
FN:4,AnimatedLogo
FN:8,(anonymous_3)
FN:13,(anonymous_4)
FN:18,(anonymous_5)
FN:43,(anonymous_6)
FN:45,(anonymous_7)
FN:50,(anonymous_8)
FN:57,(anonymous_9)
FN:84,(anonymous_10)
FN:88,(anonymous_11)
FN:94,(anonymous_12)
FN:97,(anonymous_13)
FNF:12
FNH:0
FNDA:0,AnimatedLogo
FNDA:0,(anonymous_3)
FNDA:0,(anonymous_4)
FNDA:0,(anonymous_5)
FNDA:0,(anonymous_6)
FNDA:0,(anonymous_7)
FNDA:0,(anonymous_8)
FNDA:0,(anonymous_9)
FNDA:0,(anonymous_10)
FNDA:0,(anonymous_11)
FNDA:0,(anonymous_12)
FNDA:0,(anonymous_13)
DA:2,0
DA:4,0
DA:5,0
DA:6,0
DA:8,0
DA:9,0
DA:12,0
DA:13,0
DA:14,0
DA:18,0
DA:19,0
DA:20,0
DA:22,0
DA:23,0
DA:24,0
DA:26,0
DA:27,0
DA:28,0
DA:29,0
DA:31,0
DA:32,0
DA:33,0
DA:34,0
DA:36,0
DA:37,0
DA:39,0
DA:40,0
DA:43,0
DA:44,0
DA:45,0
DA:50,0
DA:51,0
DA:52,0
DA:57,0
DA:58,0
DA:59,0
DA:61,0
DA:62,0
DA:64,0
DA:65,0
DA:66,0
DA:67,0
DA:69,0
DA:70,0
DA:71,0
DA:72,0
DA:74,0
DA:75,0
DA:77,0
DA:78,0
DA:79,0
DA:80,0
DA:82,0
DA:84,0
DA:88,0
DA:89,0
DA:90,0
DA:94,0
DA:95,0
DA:96,0
DA:97,0
LF:61
LH:0
BRDA:9,0,0,0
BRDA:51,1,0,0
BRDA:64,2,0,0
BRDA:89,3,0,0
BRF:4
BRH:0
end_of_record
TN:
SF:app/components/BusinessShowcase.js
FN:252,BusinessShowcase
FN:257,(anonymous_2)
FN:264,(anonymous_3)
FN:273,(anonymous_4)
FN:295,(anonymous_5)
FN:301,(anonymous_6)
FN:313,(anonymous_7)
FN:340,(anonymous_8)
FN:349,(anonymous_9)
FN:364,(anonymous_10)
FN:383,(anonymous_11)
FN:391,(anonymous_12)
FNF:12
FNH:0
FNDA:0,BusinessShowcase
FNDA:0,(anonymous_2)
FNDA:0,(anonymous_3)
FNDA:0,(anonymous_4)
FNDA:0,(anonymous_5)
FNDA:0,(anonymous_6)
FNDA:0,(anonymous_7)
FNDA:0,(anonymous_8)
FNDA:0,(anonymous_9)
FNDA:0,(anonymous_10)
FNDA:0,(anonymous_11)
FNDA:0,(anonymous_12)
DA:3,0
DA:4,0
DA:6,0
DA:219,0
DA:253,0
DA:254,0
DA:255,0
DA:257,0
DA:258,0
DA:259,0
DA:260,0
DA:264,0
DA:266,0
DA:273,0
DA:274,0
DA:275,0
DA:276,0
DA:279,0
DA:282,0
DA:283,0
DA:296,0
DA:297,0
DA:301,0
DA:314,0
DA:341,0
DA:350,0
DA:364,0
DA:383,0
DA:392,0
DA:412,0
LF:30
LH:0
BRDA:259,0,0,0
BRDA:274,1,0,0
BRDA:274,1,1,0
BRDA:300,2,0,0
BRDA:300,2,1,0
BRDA:386,3,0,0
BRDA:386,3,1,0
BRDA:389,4,0,0
BRF:8
BRH:0
end_of_record
TN:
SF:app/components/CRMAnalytics.js
FN:6,(anonymous_5)
FN:32,(anonymous_6)
FN:47,(anonymous_7)
FN:52,(anonymous_8)
FN:57,(anonymous_9)
FN:62,(anonymous_10)
FN:84,(anonymous_11)
FN:105,(anonymous_12)
FN:117,(anonymous_13)
FN:138,(anonymous_14)
FN:145,(anonymous_15)
FN:175,(anonymous_16)
FN:181,(anonymous_17)
FN:185,(anonymous_18)
FN:191,(anonymous_19)
FN:196,(anonymous_20)
FN:200,(anonymous_21)
FN:205,(anonymous_22)
FN:211,(anonymous_23)
FN:215,(anonymous_24)
FN:222,(anonymous_25)
FN:226,(anonymous_26)
FN:230,(anonymous_27)
FN:234,(anonymous_28)
FN:238,(anonymous_29)
FN:250,(anonymous_30)
FN:251,(anonymous_31)
FN:256,(anonymous_32)
FN:260,(anonymous_33)
FN:269,(anonymous_34)
FN:270,(anonymous_35)
FN:275,(anonymous_36)
FN:287,(anonymous_37)
FN:306,AnalyticsDashboard
FN:310,(anonymous_39)
FN:311,(anonymous_40)
FN:318,(anonymous_41)
FN:328,(anonymous_42)
FN:340,(anonymous_43)
FN:388,(anonymous_44)
FN:399,(anonymous_45)
FNF:41
FNH:0
FNDA:0,(anonymous_5)
FNDA:0,(anonymous_6)
FNDA:0,(anonymous_7)
FNDA:0,(anonymous_8)
FNDA:0,(anonymous_9)
FNDA:0,(anonymous_10)
FNDA:0,(anonymous_11)
FNDA:0,(anonymous_12)
FNDA:0,(anonymous_13)
FNDA:0,(anonymous_14)
FNDA:0,(anonymous_15)
FNDA:0,(anonymous_16)
FNDA:0,(anonymous_17)
FNDA:0,(anonymous_18)
FNDA:0,(anonymous_19)
FNDA:0,(anonymous_20)
FNDA:0,(anonymous_21)
FNDA:0,(anonymous_22)
FNDA:0,(anonymous_23)
FNDA:0,(anonymous_24)
FNDA:0,(anonymous_25)
FNDA:0,(anonymous_26)
FNDA:0,(anonymous_27)
FNDA:0,(anonymous_28)
FNDA:0,(anonymous_29)
FNDA:0,(anonymous_30)
FNDA:0,(anonymous_31)
FNDA:0,(anonymous_32)
FNDA:0,(anonymous_33)
FNDA:0,(anonymous_34)
FNDA:0,(anonymous_35)
FNDA:0,(anonymous_36)
FNDA:0,(anonymous_37)
FNDA:0,AnalyticsDashboard
FNDA:0,(anonymous_39)
FNDA:0,(anonymous_40)
FNDA:0,(anonymous_41)
FNDA:0,(anonymous_42)
FNDA:0,(anonymous_43)
FNDA:0,(anonymous_44)
FNDA:0,(anonymous_45)
DA:3,0
DA:7,0
DA:22,0
DA:29,0
DA:34,0
DA:35,0
DA:37,0
DA:47,0
DA:48,0
DA:52,0
DA:53,0
DA:58,0
DA:63,0
DA:72,0
DA:73,0
DA:76,0
DA:77,0
DA:80,0
DA:85,0
DA:95,0
DA:96,0
DA:98,0
DA:102,0
DA:106,0
DA:114,0
DA:118,0
DA:120,0
DA:128,0
DA:129,0
DA:132,0
DA:134,0
DA:139,0
DA:140,0
DA:141,0
DA:146,0
DA:149,0
DA:150,0
DA:151,0
DA:155,0
DA:156,0
DA:160,0
DA:161,0
DA:166,0
DA:167,0
DA:170,0
DA:171,0
DA:176,0
DA:177,0
DA:178,0
DA:181,0
DA:182,0
DA:186,0
DA:187,0
DA:188,0
DA:191,0
DA:192,0
DA:197,0
DA:200,0
DA:205,0
DA:212,0
DA:216,0
DA:223,0
DA:227,0
DA:231,0
DA:235,0
DA:240,0
DA:241,0
DA:242,0
DA:243,0
DA:251,0
DA:252,0
DA:257,0
DA:261,0
DA:262,0
DA:263,0
DA:264,0
DA:265,0
DA:268,0
DA:269,0
DA:270,0
DA:271,0
DA:276,0
DA:277,0
DA:283,0
DA:288,0
DA:289,0
DA:290,0
DA:291,0
DA:292,0
DA:293,0
DA:294,0
DA:297,0
DA:303,0
DA:307,0
DA:308,0
DA:310,0
DA:311,0
DA:312,0
DA:315,0
DA:316,0
DA:318,0
DA:321,0
DA:328,0
DA:340,0
DA:389,0
DA:400,0
DA:588,0
DA:589,0
LF:108
LH:0
BRDA:41,0,0,0
BRDA:41,0,1,0
BRDA:42,1,0,0
BRDA:42,1,1,0
BRDA:62,2,0,0
BRDA:76,3,0,0
BRDA:95,4,0,0
BRDA:95,4,1,0
BRDA:95,5,0,0
BRDA:95,5,1,0
BRDA:114,6,0,0
BRDA:114,6,1,0
BRDA:128,7,0,0
BRDA:139,8,0,0
BRDA:139,8,1,0
BRDA:149,9,0,0
BRDA:155,10,0,0
BRDA:160,11,0,0
BRDA:160,12,0,0
BRDA:160,12,1,0
BRDA:162,13,0,0
BRDA:162,13,1,0
BRDA:166,14,0,0
BRDA:166,15,0,0
BRDA:166,15,1,0
BRDA:170,16,0,0
BRDA:170,17,0,0
BRDA:170,17,1,0
BRDA:176,18,0,0
BRDA:176,18,1,0
BRDA:186,19,0,0
BRDA:186,19,1,0
BRDA:257,20,0,0
BRDA:257,20,1,0
BRDA:262,21,0,0
BRDA:290,22,0,0
BRDA:293,23,0,0
BRDA:293,23,1,0
BRDA:321,24,0,0
BRDA:334,25,0,0
BRF:40
BRH:0
end_of_record
TN:
SF:app/components/ConfirmationModal.js
FN:5,ConfirmationModal
FN:7,(anonymous_3)
FN:10,(anonymous_4)
FN:18,(anonymous_5)
FN:23,(anonymous_6)
FN:33,(anonymous_7)
FN:64,(anonymous_8)
FN:82,(anonymous_9)
FNF:8
FNH:0
FNDA:0,ConfirmationModal
FNDA:0,(anonymous_3)
FNDA:0,(anonymous_4)
FNDA:0,(anonymous_5)
FNDA:0,(anonymous_6)
FNDA:0,(anonymous_7)
FNDA:0,(anonymous_8)
FNDA:0,(anonymous_9)
DA:3,0
DA:7,0
DA:8,0
DA:10,0
DA:11,0
DA:15,0
DA:18,0
DA:19,0
DA:21,0
DA:23,0
DA:24,0
DA:25,0
DA:26,0
DA:31,0
DA:33,0
DA:34,0
DA:36,0
DA:47,0
DA:60,0
DA:64,0
DA:83,0
DA:454,0
LF:22
LH:0
BRDA:5,0,0,0
BRDA:8,1,0,0
BRDA:19,2,0,0
BRDA:31,3,0,0
BRDA:34,4,0,0
BRDA:34,4,1,0
BRF:6
BRH:0
end_of_record
TN:
SF:app/components/ContactForm.js
FN:5,ContactForm
FN:23,(anonymous_3)
FN:25,(anonymous_4)
FN:32,(anonymous_5)
FN:35,(anonymous_6)
FN:72,(anonymous_7)
FN:74,(anonymous_8)
FNF:7
FNH:0
FNDA:0,ContactForm
FNDA:0,(anonymous_3)
FNDA:0,(anonymous_4)
FNDA:0,(anonymous_5)
FNDA:0,(anonymous_6)
FNDA:0,(anonymous_7)
FNDA:0,(anonymous_8)
DA:2,0
DA:3,0
DA:5,0
DA:6,0
DA:14,0
DA:21,0
DA:23,0
DA:25,0
DA:26,0
DA:29,0
DA:30,0
DA:32,0
DA:35,0
DA:36,0
DA:37,0
DA:39,0
DA:40,0
DA:49,0
DA:51,0
DA:52,0
DA:58,0
DA:60,0
DA:63,0
DA:72,0
DA:73,0
DA:74,0
LF:26
LH:0
BRDA:51,0,0,0
BRDA:51,0,1,0
BRDA:56,1,0,0
BRDA:56,1,1,0
BRDA:60,2,0,0
BRDA:60,2,1,0
BRDA:67,3,0,0
BRDA:67,3,1,0
BRDA:82,4,0,0
BRDA:82,4,1,0
BRDA:93,5,0,0
BRDA:93,5,1,0
BRDA:95,6,0,0
BRDA:95,6,1,0
BRDA:100,7,0,0
BRDA:100,7,1,0
BRDA:107,8,0,0
BRDA:107,8,1,0
BRDA:112,9,0,0
BRDA:112,9,1,0
BRDA:115,10,0,0
BRDA:115,10,1,0
BRDA:128,11,0,0
BRDA:128,11,1,0
BRDA:129,12,0,0
BRDA:129,12,1,0
BRDA:130,13,0,0
BRDA:130,13,1,0
BRDA:131,14,0,0
BRDA:131,14,1,0
BRDA:132,15,0,0
BRDA:132,15,1,0
BRDA:133,16,0,0
BRDA:133,16,1,0
BRDA:134,17,0,0
BRDA:134,17,1,0
BRDA:294,18,0,0
BRDA:306,19,0,0
BRDA:306,19,1,0
BRDA:309,20,0,0
BRDA:309,20,1,0
BRDA:312,21,0,0
BRDA:312,21,1,0
BRDA:330,22,0,0
BRDA:330,22,1,0
BRDA:336,23,0,0
BRDA:336,23,1,0
BRDA:346,24,0,0
BRF:48
BRH:0
end_of_record
TN:
SF:app/components/ContentAutomation.js
FN:6,(anonymous_5)
FN:15,(anonymous_6)
FN:20,(anonymous_7)
FN:31,(anonymous_8)
FN:35,(anonymous_9)
FN:44,(anonymous_10)
FN:98,(anonymous_11)
FN:105,(anonymous_12)
FN:111,(anonymous_13)
FN:113,(anonymous_14)
FN:117,(anonymous_15)
FN:122,(anonymous_16)
FN:128,(anonymous_17)
FN:141,(anonymous_18)
FN:160,(anonymous_19)
FN:169,(anonymous_20)
FN:179,(anonymous_21)
FN:183,(anonymous_22)
FN:187,(anonymous_23)
FN:209,(anonymous_24)
FN:218,(anonymous_25)
FN:231,(anonymous_26)
FN:233,(anonymous_27)
FN:238,(anonymous_28)
FN:259,(anonymous_29)
FN:271,(anonymous_30)
FN:277,(anonymous_31)
FN:282,(anonymous_32)
FN:312,(anonymous_33)
FN:316,(anonymous_34)
FN:325,(anonymous_35)
FN:336,(anonymous_36)
FN:346,(anonymous_37)
FN:349,(anonymous_38)
FN:365,(anonymous_39)
FN:373,(anonymous_40)
FN:379,(anonymous_41)
FN:388,(anonymous_42)
FN:394,(anonymous_43)
FN:400,(anonymous_44)
FN:406,(anonymous_45)
FN:409,(anonymous_46)
FN:416,(anonymous_47)
FN:420,(anonymous_48)
FN:422,(anonymous_49)
FN:427,(anonymous_50)
FN:434,(anonymous_51)
FN:441,(anonymous_52)
FN:443,(anonymous_53)
FN:454,AutomationStatus
FN:459,(anonymous_55)
FN:460,(anonymous_56)
FN:468,(anonymous_57)
FN:471,(anonymous_58)
FN:476,(anonymous_59)
FN:487,(anonymous_60)
FN:500,(anonymous_61)
FN:521,(anonymous_62)
FN:529,(anonymous_63)
FN:535,(anonymous_64)
FNF:60
FNH:0
FNDA:0,(anonymous_5)
FNDA:0,(anonymous_6)
FNDA:0,(anonymous_7)
FNDA:0,(anonymous_8)
FNDA:0,(anonymous_9)
FNDA:0,(anonymous_10)
FNDA:0,(anonymous_11)
FNDA:0,(anonymous_12)
FNDA:0,(anonymous_13)
FNDA:0,(anonymous_14)
FNDA:0,(anonymous_15)
FNDA:0,(anonymous_16)
FNDA:0,(anonymous_17)
FNDA:0,(anonymous_18)
FNDA:0,(anonymous_19)
FNDA:0,(anonymous_20)
FNDA:0,(anonymous_21)
FNDA:0,(anonymous_22)
FNDA:0,(anonymous_23)
FNDA:0,(anonymous_24)
FNDA:0,(anonymous_25)
FNDA:0,(anonymous_26)
FNDA:0,(anonymous_27)
FNDA:0,(anonymous_28)
FNDA:0,(anonymous_29)
FNDA:0,(anonymous_30)
FNDA:0,(anonymous_31)
FNDA:0,(anonymous_32)
FNDA:0,(anonymous_33)
FNDA:0,(anonymous_34)
FNDA:0,(anonymous_35)
FNDA:0,(anonymous_36)
FNDA:0,(anonymous_37)
FNDA:0,(anonymous_38)
FNDA:0,(anonymous_39)
FNDA:0,(anonymous_40)
FNDA:0,(anonymous_41)
FNDA:0,(anonymous_42)
FNDA:0,(anonymous_43)
FNDA:0,(anonymous_44)
FNDA:0,(anonymous_45)
FNDA:0,(anonymous_46)
FNDA:0,(anonymous_47)
FNDA:0,(anonymous_48)
FNDA:0,(anonymous_49)
FNDA:0,(anonymous_50)
FNDA:0,(anonymous_51)
FNDA:0,(anonymous_52)
FNDA:0,(anonymous_53)
FNDA:0,AutomationStatus
FNDA:0,(anonymous_55)
FNDA:0,(anonymous_56)
FNDA:0,(anonymous_57)
FNDA:0,(anonymous_58)
FNDA:0,(anonymous_59)
FNDA:0,(anonymous_60)
FNDA:0,(anonymous_61)
FNDA:0,(anonymous_62)
FNDA:0,(anonymous_63)
FNDA:0,(anonymous_64)
DA:3,0
DA:7,0
DA:8,0
DA:9,0
DA:10,0
DA:12,0
DA:17,0
DA:20,0
DA:21,0
DA:25,0
DA:28,0
DA:32,0
DA:33,0
DA:34,0
DA:35,0
DA:36,0
DA:40,0
DA:45,0
DA:98,0
DA:99,0
DA:102,0
DA:106,0
DA:107,0
DA:113,0
DA:114,0
DA:117,0
DA:118,0
DA:123,0
DA:124,0
DA:127,0
DA:128,0
DA:130,0
DA:131,0
DA:132,0
DA:135,0
DA:137,0
DA:142,0
DA:144,0
DA:150,0
DA:151,0
DA:154,0
DA:157,0
DA:161,0
DA:162,0
DA:164,0
DA:165,0
DA:166,0
DA:169,0
DA:170,0
DA:174,0
DA:175,0
DA:181,0
DA:182,0
DA:183,0
DA:184,0
DA:188,0
DA:199,0
DA:200,0
DA:201,0
DA:204,0
DA:206,0
DA:211,0
DA:212,0
DA:213,0
DA:215,0
DA:219,0
DA:220,0
DA:227,0
DA:233,0
DA:234,0
DA:239,0
DA:240,0
DA:242,0
DA:243,0
DA:246,0
DA:253,0
DA:254,0
DA:256,0
DA:260,0
DA:261,0
DA:272,0
DA:273,0
DA:274,0
DA:278,0
DA:281,0
DA:282,0
DA:285,0
DA:286,0
DA:294,0
DA:295,0
DA:303,0
DA:304,0
DA:312,0
DA:317,0
DA:318,0
DA:320,0
DA:321,0
DA:324,0
DA:325,0
DA:326,0
DA:327,0
DA:330,0
DA:331,0
DA:335,0
DA:336,0
DA:337,0
DA:338,0
DA:341,0
DA:342,0
DA:347,0
DA:349,0
DA:350,0
DA:360,0
DA:361,0
DA:366,0
DA:367,0
DA:368,0
DA:370,0
DA:374,0
DA:375,0
DA:376,0
DA:380,0
DA:381,0
DA:382,0
DA:384,0
DA:389,0
DA:395,0
DA:401,0
DA:407,0
DA:409,0
DA:417,0
DA:421,0
DA:422,0
DA:424,0
DA:426,0
DA:427,0
DA:428,0
DA:429,0
DA:430,0
DA:434,0
DA:435,0
DA:437,0
DA:442,0
DA:443,0
DA:444,0
DA:446,0
DA:451,0
DA:455,0
DA:456,0
DA:457,0
DA:459,0
DA:460,0
DA:461,0
DA:462,0
DA:465,0
DA:466,0
DA:468,0
DA:471,0
DA:472,0
DA:473,0
DA:476,0
DA:477,0
DA:478,0
DA:481,0
DA:487,0
DA:500,0
DA:522,0
DA:529,0
DA:535,0
DA:724,0
DA:725,0
LF:171
LH:0
BRDA:33,0,0,0
BRDA:33,0,1,0
BRDA:124,1,0,0
BRDA:124,2,0,0
BRDA:124,2,1,0
BRDA:130,3,0,0
BRDA:131,4,0,0
BRDA:131,4,1,0
BRDA:142,5,0,0
BRDA:142,5,1,0
BRDA:150,6,0,0
BRDA:162,7,0,0
BRDA:162,8,0,0
BRDA:162,8,1,0
BRDA:164,9,0,0
BRDA:164,9,1,0
BRDA:170,10,0,0
BRDA:170,10,1,0
BRDA:174,11,0,0
BRDA:212,12,0,0
BRDA:219,13,0,0
BRDA:219,13,1,0
BRDA:240,14,0,0
BRDA:240,15,0,0
BRDA:240,15,1,0
BRDA:242,16,0,0
BRDA:242,16,1,0
BRDA:260,17,0,0
BRDA:260,17,1,0
BRDA:261,18,0,0
BRDA:261,18,1,0
BRDA:272,19,0,0
BRDA:272,19,1,0
BRDA:285,20,0,0
BRDA:294,21,0,0
BRDA:303,22,0,0
BRDA:318,23,0,0
BRDA:318,24,0,0
BRDA:318,24,1,0
BRDA:326,25,0,0
BRDA:326,25,1,0
BRDA:326,25,2,0
BRDA:330,26,0,0
BRDA:337,27,0,0
BRDA:337,27,1,0
BRDA:337,27,2,0
BRDA:341,28,0,0
BRDA:347,29,0,0
BRDA:347,29,1,0
BRDA:367,30,0,0
BRDA:368,31,0,0
BRDA:368,31,1,0
BRDA:374,32,0,0
BRDA:374,32,1,0
BRDA:381,33,0,0
BRDA:382,34,0,0
BRDA:382,34,1,0
BRDA:400,35,0,0
BRDA:412,36,0,0
BRDA:412,36,1,0
BRDA:417,37,0,0
BRDA:417,37,1,0
BRDA:424,38,0,0
BRDA:424,39,0,0
BRDA:424,39,1,0
BRDA:428,40,0,0
BRDA:481,41,0,0
BRDA:491,42,0,0
BRDA:496,43,0,0
BRDA:518,44,0,0
BRF:70
BRH:0
end_of_record
TN:
SF:app/components/ErrorLogPanel.js
FN:6,(anonymous_8)
FN:13,(anonymous_9)
FN:22,(anonymous_10)
FN:35,(anonymous_11)
FN:46,(anonymous_12)
FN:61,(anonymous_13)
FN:74,(anonymous_14)
FN:81,(anonymous_15)
FN:85,(anonymous_16)
FN:89,(anonymous_17)
FN:97,(anonymous_18)
FN:106,(anonymous_19)
FN:108,(anonymous_20)
FN:119,getErrorLogger
FN:133,safeExecute
FN:151,safeQuerySelector
FN:173,safeLocalStorage
FN:206,ErrorLogPanel
FN:211,(anonymous_26)
FN:217,(anonymous_27)
FN:224,(anonymous_28)
FN:228,(anonymous_29)
FN:241,(anonymous_30)
FN:256,(anonymous_31)
FN:274,(anonymous_32)
FN:296,(anonymous_33)
FNF:26
FNH:0
FNDA:0,(anonymous_8)
FNDA:0,(anonymous_9)
FNDA:0,(anonymous_10)
FNDA:0,(anonymous_11)
FNDA:0,(anonymous_12)
FNDA:0,(anonymous_13)
FNDA:0,(anonymous_14)
FNDA:0,(anonymous_15)
FNDA:0,(anonymous_16)
FNDA:0,(anonymous_17)
FNDA:0,(anonymous_18)
FNDA:0,(anonymous_19)
FNDA:0,(anonymous_20)
FNDA:0,getErrorLogger
FNDA:0,safeExecute
FNDA:0,safeQuerySelector
FNDA:0,safeLocalStorage
FNDA:0,ErrorLogPanel
FNDA:0,(anonymous_26)
FNDA:0,(anonymous_27)
FNDA:0,(anonymous_28)
FNDA:0,(anonymous_29)
FNDA:0,(anonymous_30)
FNDA:0,(anonymous_31)
FNDA:0,(anonymous_32)
FNDA:0,(anonymous_33)
DA:3,0
DA:7,0
DA:8,0
DA:9,0
DA:10,0
DA:15,0
DA:16,0
DA:19,0
DA:22,0
DA:23,0
DA:35,0
DA:36,0
DA:45,0
DA:46,0
DA:47,0
DA:52,0
DA:56,0
DA:57,0
DA:62,0
DA:63,0
DA:66,0
DA:67,0
DA:68,0
DA:71,0
DA:75,0
DA:76,0
DA:78,0
DA:82,0
DA:86,0
DA:90,0
DA:91,0
DA:92,0
DA:93,0
DA:98,0
DA:107,0
DA:108,0
DA:109,0
DA:111,0
DA:116,0
DA:120,0
DA:121,0
DA:124,0
DA:125,0
DA:126,0
DA:129,0
DA:134,0
DA:135,0
DA:137,0
DA:138,0
DA:139,0
DA:146,0
DA:152,0
DA:153,0
DA:156,0
DA:157,0
DA:158,0
DA:160,0
DA:161,0
DA:162,0
DA:168,0
DA:174,0
DA:175,0
DA:178,0
DA:179,0
DA:181,0
DA:182,0
DA:184,0
DA:185,0
DA:187,0
DA:188,0
DA:190,0
DA:193,0
DA:194,0
DA:195,0
DA:201,0
DA:207,0
DA:208,0
DA:209,0
DA:211,0
DA:213,0
DA:214,0
DA:216,0
DA:217,0
DA:218,0
DA:221,0
DA:222,0
DA:224,0
DA:228,0
DA:229,0
DA:230,0
DA:231,0
DA:235,0
DA:241,0
DA:256,0
DA:275,0
DA:297,0
DA:510,0
DA:511,0
DA:512,0
DA:513,0
DA:514,0
DA:516,0
LF:102
LH:0
BRDA:15,0,0,0
BRDA:15,1,0,0
BRDA:15,1,1,0
BRDA:38,2,0,0
BRDA:38,2,1,0
BRDA:56,3,0,0
BRDA:56,4,0,0
BRDA:56,4,1,0
BRDA:66,5,0,0
BRDA:66,6,0,0
BRDA:66,6,1,0
BRDA:92,7,0,0
BRDA:92,8,0,0
BRDA:92,8,1,0
BRDA:109,9,0,0
BRDA:109,9,1,0
BRDA:120,10,0,0
BRDA:124,11,0,0
BRDA:133,12,0,0
BRDA:133,13,0,0
BRDA:138,14,0,0
BRDA:151,15,0,0
BRDA:152,16,0,0
BRDA:157,17,0,0
BRDA:157,17,1,0
BRDA:161,18,0,0
BRDA:173,19,0,0
BRDA:174,20,0,0
BRDA:174,21,0,0
BRDA:174,21,1,0
BRDA:179,22,0,0
BRDA:179,22,1,0
BRDA:179,22,2,0
BRDA:179,22,3,0
BRDA:182,23,0,0
BRDA:182,23,1,0
BRDA:194,24,0,0
BRDA:216,25,0,0
BRDA:229,26,0,0
BRDA:235,27,0,0
BRDA:235,28,0,0
BRDA:235,28,1,0
BRDA:245,29,0,0
BRDA:250,30,0,0
BRDA:271,31,0,0
BRDA:283,32,0,0
BRDA:293,33,0,0
BRF:47
BRH:0
end_of_record
TN:
SF:app/components/LearningPlatform.js
FN:174,LearningPlatform
FN:181,(anonymous_3)
FN:188,(anonymous_4)
FN:189,(anonymous_5)
FN:195,(anonymous_6)
FN:199,(anonymous_7)
FN:217,(anonymous_8)
FN:223,(anonymous_9)
FN:233,(anonymous_10)
FN:272,(anonymous_11)
FN:280,(anonymous_12)
FN:284,(anonymous_13)
FN:337,(anonymous_14)
FN:349,(anonymous_15)
FN:354,(anonymous_16)
FN:363,(anonymous_17)
FN:400,(anonymous_18)
FNF:17
FNH:0
FNDA:0,LearningPlatform
FNDA:0,(anonymous_3)
FNDA:0,(anonymous_4)
FNDA:0,(anonymous_5)
FNDA:0,(anonymous_6)
FNDA:0,(anonymous_7)
FNDA:0,(anonymous_8)
FNDA:0,(anonymous_9)
FNDA:0,(anonymous_10)
FNDA:0,(anonymous_11)
FNDA:0,(anonymous_12)
FNDA:0,(anonymous_13)
FNDA:0,(anonymous_14)
FNDA:0,(anonymous_15)
FNDA:0,(anonymous_16)
FNDA:0,(anonymous_17)
FNDA:0,(anonymous_18)
DA:3,0
DA:5,0
DA:175,0
DA:176,0
DA:177,0
DA:178,0
DA:179,0
DA:181,0
DA:182,0
DA:183,0
DA:184,0
DA:185,0
DA:188,0
DA:189,0
DA:195,0
DA:196,0
DA:197,0
DA:199,0
DA:200,0
DA:201,0
DA:205,0
DA:207,0
DA:214,0
DA:217,0
DA:218,0
DA:219,0
DA:220,0
DA:223,0
DA:224,0
DA:225,0
DA:228,0
DA:233,0
DA:272,0
DA:281,0
DA:284,0
DA:337,0
DA:350,0
DA:355,0
DA:363,0
DA:401,0
DA:402,0
DA:404,0
DA:843,0
LF:43
LH:0
BRDA:200,0,0,0
BRDA:228,1,0,0
BRDA:279,2,0,0
BRDA:314,3,0,0
BRDA:314,3,1,0
BRDA:317,4,0,0
BRDA:317,4,1,0
BRDA:317,5,0,0
BRDA:317,5,1,0
BRDA:320,6,0,0
BRDA:320,6,1,0
BRDA:326,7,0,0
BRDA:344,8,0,0
BRDA:357,9,0,0
BRDA:357,9,1,0
BRDA:384,10,0,0
BRDA:386,11,0,0
BRDA:386,11,1,0
BRDA:388,12,0,0
BRDA:388,12,1,0
BRDA:391,13,0,0
BRDA:391,13,1,0
BRDA:405,14,0,0
BRDA:405,14,1,0
BRDA:409,15,0,0
BRDA:409,15,1,0
BRDA:411,16,0,0
BRDA:423,17,0,0
BRF:28
BRH:0
end_of_record
TN:
SF:app/components/MobileTestPanel.js
FN:6,(anonymous_5)
FN:16,(anonymous_6)
FN:65,(anonymous_7)
FN:70,(anonymous_8)
FN:77,(anonymous_9)
FN:122,(anonymous_10)
FN:133,(anonymous_11)
FN:134,(anonymous_12)
FN:166,(anonymous_13)
FN:174,(anonymous_14)
FN:195,(anonymous_15)
FN:205,(anonymous_16)
FN:217,(anonymous_17)
FN:249,(anonymous_18)
FN:255,(anonymous_19)
FN:265,(anonymous_20)
FN:289,(anonymous_21)
FN:296,(anonymous_22)
FN:324,(anonymous_23)
FN:355,(anonymous_24)
FN:360,(anonymous_25)
FN:387,(anonymous_26)
FN:392,(anonymous_27)
FN:421,(anonymous_28)
FN:426,(anonymous_29)
FN:450,(anonymous_30)
FN:454,(anonymous_31)
FN:457,(anonymous_32)
FN:489,(anonymous_33)
FN:504,(anonymous_34)
FN:532,(anonymous_35)
FN:552,(anonymous_36)
FN:558,(anonymous_37)
FN:565,(anonymous_38)
FN:568,(anonymous_39)
FN:569,(anonymous_40)
FN:575,(anonymous_41)
FN:584,MobileTestPanel
FN:591,(anonymous_43)
FN:600,(anonymous_44)
FN:613,(anonymous_45)
FN:618,(anonymous_46)
FN:622,(anonymous_47)
FN:631,(anonymous_48)
FN:644,(anonymous_49)
FN:683,(anonymous_50)
FN:686,(anonymous_51)
FN:697,(anonymous_52)
FN:708,(anonymous_53)
FN:727,(anonymous_54)
FNF:50
FNH:0
FNDA:0,(anonymous_5)
FNDA:0,(anonymous_6)
FNDA:0,(anonymous_7)
FNDA:0,(anonymous_8)
FNDA:0,(anonymous_9)
FNDA:0,(anonymous_10)
FNDA:0,(anonymous_11)
FNDA:0,(anonymous_12)
FNDA:0,(anonymous_13)
FNDA:0,(anonymous_14)
FNDA:0,(anonymous_15)
FNDA:0,(anonymous_16)
FNDA:0,(anonymous_17)
FNDA:0,(anonymous_18)
FNDA:0,(anonymous_19)
FNDA:0,(anonymous_20)
FNDA:0,(anonymous_21)
FNDA:0,(anonymous_22)
FNDA:0,(anonymous_23)
FNDA:0,(anonymous_24)
FNDA:0,(anonymous_25)
FNDA:0,(anonymous_26)
FNDA:0,(anonymous_27)
FNDA:0,(anonymous_28)
FNDA:0,(anonymous_29)
FNDA:0,(anonymous_30)
FNDA:0,(anonymous_31)
FNDA:0,(anonymous_32)
FNDA:0,(anonymous_33)
FNDA:0,(anonymous_34)
FNDA:0,(anonymous_35)
FNDA:0,(anonymous_36)
FNDA:0,(anonymous_37)
FNDA:0,(anonymous_38)
FNDA:0,(anonymous_39)
FNDA:0,(anonymous_40)
FNDA:0,(anonymous_41)
FNDA:0,MobileTestPanel
FNDA:0,(anonymous_43)
FNDA:0,(anonymous_44)
FNDA:0,(anonymous_45)
FNDA:0,(anonymous_46)
FNDA:0,(anonymous_47)
FNDA:0,(anonymous_48)
FNDA:0,(anonymous_49)
FNDA:0,(anonymous_50)
FNDA:0,(anonymous_51)
FNDA:0,(anonymous_52)
FNDA:0,(anonymous_53)
FNDA:0,(anonymous_54)
DA:3,0
DA:7,0
DA:8,0
DA:9,0
DA:10,0
DA:12,0
DA:13,0
DA:17,0
DA:65,0
DA:66,0
DA:71,0
DA:72,0
DA:73,0
DA:74,0
DA:79,0
DA:80,0
DA:93,0
DA:108,0
DA:109,0
DA:110,0
DA:111,0
DA:112,0
DA:113,0
DA:115,0
DA:118,0
DA:119,0
DA:123,0
DA:125,0
DA:133,0
DA:134,0
DA:135,0
DA:137,0
DA:139,0
DA:140,0
DA:143,0
DA:144,0
DA:145,0
DA:147,0
DA:148,0
DA:153,0
DA:154,0
DA:163,0
DA:167,0
DA:174,0
DA:175,0
DA:176,0
DA:178,0
DA:179,0
DA:182,0
DA:183,0
DA:186,0
DA:189,0
DA:192,0
DA:196,0
DA:204,0
DA:205,0
DA:206,0
DA:209,0
DA:218,0
DA:229,0
DA:231,0
DA:232,0
DA:233,0
DA:234,0
DA:236,0
DA:245,0
DA:246,0
DA:250,0
DA:253,0
DA:255,0
DA:256,0
DA:257,0
DA:259,0
DA:260,0
DA:264,0
DA:265,0
DA:266,0
DA:267,0
DA:268,0
DA:273,0
DA:274,0
DA:280,0
DA:290,0
DA:293,0
DA:294,0
DA:296,0
DA:297,0
DA:298,0
DA:300,0
DA:301,0
DA:305,0
DA:306,0
DA:310,0
DA:311,0
DA:312,0
DA:315,0
DA:325,0
DA:326,0
DA:328,0
DA:329,0
DA:331,0
DA:333,0
DA:334,0
DA:337,0
DA:338,0
DA:341,0
DA:342,0
DA:346,0
DA:356,0
DA:357,0
DA:358,0
DA:360,0
DA:361,0
DA:362,0
DA:364,0
DA:365,0
DA:368,0
DA:369,0
DA:370,0
DA:374,0
DA:376,0
DA:388,0
DA:389,0
DA:390,0
DA:392,0
DA:393,0
DA:394,0
DA:395,0
DA:397,0
DA:398,0
DA:400,0
DA:403,0
DA:404,0
DA:408,0
DA:410,0
DA:422,0
DA:423,0
DA:424,0
DA:426,0
DA:427,0
DA:428,0
DA:430,0
DA:431,0
DA:433,0
DA:437,0
DA:439,0
DA:451,0
DA:452,0
DA:454,0
DA:455,0
DA:457,0
DA:459,0
DA:460,0
DA:462,0
DA:463,0
DA:467,0
DA:468,0
DA:469,0
DA:473,0
DA:475,0
DA:480,0
DA:490,0
DA:491,0
DA:494,0
DA:495,0
DA:496,0
DA:500,0
DA:501,0
DA:502,0
DA:504,0
DA:505,0
DA:506,0
DA:507,0
DA:508,0
DA:513,0
DA:514,0
DA:517,0
DA:518,0
DA:521,0
DA:533,0
DA:534,0
DA:538,0
DA:539,0
DA:541,0
DA:542,0
DA:543,0
DA:546,0
DA:549,0
DA:553,0
DA:558,0
DA:562,0
DA:566,0
DA:568,0
DA:569,0
DA:571,0
DA:572,0
DA:576,0
DA:581,0
DA:585,0
DA:586,0
DA:587,0
DA:588,0
DA:589,0
DA:591,0
DA:593,0
DA:594,0
DA:597,0
DA:600,0
DA:601,0
DA:602,0
DA:603,0
DA:604,0
DA:605,0
DA:607,0
DA:609,0
DA:613,0
DA:614,0
DA:615,0
DA:618,0
DA:619,0
DA:620,0
DA:622,0
DA:625,0
DA:631,0
DA:644,0
DA:684,0
DA:686,0
DA:698,0
DA:709,0
DA:728,0
DA:982,0
DA:983,0
LF:232
LH:0
BRDA:79,0,0,0
BRDA:79,1,0,0
BRDA:79,1,1,0
BRDA:94,2,0,0
BRDA:94,2,1,0
BRDA:95,3,0,0
BRDA:95,3,1,0
BRDA:100,4,0,0
BRDA:100,4,1,0
BRDA:100,5,0,0
BRDA:100,5,1,0
BRDA:102,6,0,0
BRDA:102,6,1,0
BRDA:103,7,0,0
BRDA:103,7,1,0
BRDA:108,8,0,0
BRDA:108,8,1,0
BRDA:110,9,0,0
BRDA:110,9,1,0
BRDA:112,10,0,0
BRDA:112,10,1,0
BRDA:123,11,0,0
BRDA:139,12,0,0
BRDA:143,13,0,0
BRDA:143,14,0,0
BRDA:143,14,1,0
BRDA:147,15,0,0
BRDA:153,16,0,0
BRDA:153,17,0,0
BRDA:153,17,1,0
BRDA:178,18,0,0
BRDA:182,19,0,0
BRDA:206,20,0,0
BRDA:206,20,1,0
BRDA:210,21,0,0
BRDA:210,21,1,0
BRDA:259,22,0,0
BRDA:264,23,0,0
BRDA:264,23,1,0
BRDA:266,24,0,0
BRDA:266,25,0,0
BRDA:266,25,1,0
BRDA:273,26,0,0
BRDA:282,27,0,0
BRDA:282,27,1,0
BRDA:300,28,0,0
BRDA:300,29,0,0
BRDA:300,29,1,0
BRDA:305,30,0,0
BRDA:311,31,0,0
BRDA:311,32,0,0
BRDA:311,32,1,0
BRDA:317,33,0,0
BRDA:317,33,1,0
BRDA:328,34,0,0
BRDA:328,34,1,0
BRDA:331,35,0,0
BRDA:331,35,1,0
BRDA:333,36,0,0
BRDA:337,37,0,0
BRDA:341,38,0,0
BRDA:348,39,0,0
BRDA:348,39,1,0
BRDA:350,40,0,0
BRDA:350,40,1,0
BRDA:364,41,0,0
BRDA:364,42,0,0
BRDA:364,42,1,0
BRDA:369,43,0,0
BRDA:374,44,0,0
BRDA:374,44,1,0
BRDA:378,45,0,0
BRDA:378,45,1,0
BRDA:395,46,0,0
BRDA:395,46,1,0
BRDA:397,47,0,0
BRDA:397,47,1,0
BRDA:403,48,0,0
BRDA:408,49,0,0
BRDA:408,49,1,0
BRDA:412,50,0,0
BRDA:412,50,1,0
BRDA:430,51,0,0
BRDA:430,51,1,0
BRDA:437,52,0,0
BRDA:437,52,1,0
BRDA:441,53,0,0
BRDA:441,53,1,0
BRDA:459,54,0,0
BRDA:459,54,1,0
BRDA:462,55,0,0
BRDA:462,56,0,0
BRDA:462,56,1,0
BRDA:468,57,0,0
BRDA:473,58,0,0
BRDA:473,59,0,0
BRDA:473,59,1,0
BRDA:473,59,2,0
BRDA:473,59,3,0
BRDA:482,60,0,0
BRDA:482,60,1,0
BRDA:495,61,0,0
BRDA:505,62,0,0
BRDA:507,63,0,0
BRDA:513,64,0,0
BRDA:517,65,0,0
BRDA:523,66,0,0
BRDA:523,66,1,0
BRDA:534,67,0,0
BRDA:539,68,0,0
BRDA:539,69,0,0
BRDA:539,69,1,0
BRDA:554,70,0,0
BRDA:554,70,1,0
BRDA:555,71,0,0
BRDA:555,71,1,0
BRDA:556,72,0,0
BRDA:556,72,1,0
BRDA:558,73,0,0
BRDA:558,73,1,0
BRDA:566,74,0,0
BRDA:593,75,0,0
BRDA:625,76,0,0
BRDA:635,77,0,0
BRDA:640,78,0,0
BRDA:660,79,0,0
BRDA:660,79,1,0
BRDA:664,80,0,0
BRDA:664,80,1,0
BRDA:664,81,0,0
BRDA:664,81,1,0
BRDA:676,82,0,0
BRDA:676,82,1,0
BRDA:687,83,0,0
BRDA:687,83,1,0
BRDA:702,84,0,0
BRDA:702,84,1,0
BRDA:703,85,0,0
BRDA:703,85,1,0
BRDA:706,86,0,0
BRDA:706,86,1,0
BRDA:715,87,0,0
BRDA:724,88,0,0
BRF:143
BRH:0
end_of_record
TN:
SF:app/components/NeuralNetworkBackground.js
FN:5,NeuralNetworkBackground
FN:13,(anonymous_2)
FN:18,(anonymous_3)
FN:28,(anonymous_4)
FN:47,(anonymous_5)
FN:60,(anonymous_6)
FN:70,(anonymous_7)
FN:102,(anonymous_8)
FN:137,(anonymous_9)
FN:145,(anonymous_10)
FN:149,(anonymous_11)
FN:196,(anonymous_12)
FN:217,(anonymous_13)
FN:223,(anonymous_14)
FN:244,(anonymous_15)
FN:252,(anonymous_16)
FN:264,(anonymous_17)
FN:276,(anonymous_18)
FN:305,(anonymous_19)
FN:314,(anonymous_20)
FN:341,(anonymous_21)
FN:353,(anonymous_22)
FNF:22
FNH:0
FNDA:0,NeuralNetworkBackground
FNDA:0,(anonymous_2)
FNDA:0,(anonymous_3)
FNDA:0,(anonymous_4)
FNDA:0,(anonymous_5)
FNDA:0,(anonymous_6)
FNDA:0,(anonymous_7)
FNDA:0,(anonymous_8)
FNDA:0,(anonymous_9)
FNDA:0,(anonymous_10)
FNDA:0,(anonymous_11)
FNDA:0,(anonymous_12)
FNDA:0,(anonymous_13)
FNDA:0,(anonymous_14)
FNDA:0,(anonymous_15)
FNDA:0,(anonymous_16)
FNDA:0,(anonymous_17)
FNDA:0,(anonymous_18)
FNDA:0,(anonymous_19)
FNDA:0,(anonymous_20)
FNDA:0,(anonymous_21)
FNDA:0,(anonymous_22)
DA:3,0
DA:5,0
DA:6,0
DA:7,0
DA:8,0
DA:9,0
DA:10,0
DA:11,0
DA:13,0
DA:15,0
DA:18,0
DA:19,0
DA:21,0
DA:22,0
DA:24,0
DA:25,0
DA:28,0
DA:29,0
DA:31,0
DA:32,0
DA:34,0
DA:35,0
DA:37,0
DA:38,0
DA:40,0
DA:43,0
DA:48,0
DA:49,0
DA:50,0
DA:51,0
DA:52,0
DA:53,0
DA:54,0
DA:55,0
DA:56,0
DA:57,0
DA:61,0
DA:67,0
DA:72,0
DA:73,0
DA:76,0
DA:79,0
DA:80,0
DA:81,0
DA:82,0
DA:83,0
DA:86,0
DA:87,0
DA:88,0
DA:89,0
DA:90,0
DA:94,0
DA:95,0
DA:98,0
DA:99,0
DA:103,0
DA:106,0
DA:107,0
DA:108,0
DA:111,0
DA:112,0
DA:113,0
DA:116,0
DA:117,0
DA:118,0
DA:119,0
DA:120,0
DA:122,0
DA:123,0
DA:124,0
DA:125,0
DA:128,0
DA:129,0
DA:130,0
DA:131,0
DA:138,0
DA:139,0
DA:140,0
DA:141,0
DA:142,0
DA:146,0
DA:150,0
DA:152,0
DA:153,0
DA:154,0
DA:157,0
DA:159,0
DA:161,0
DA:162,0
DA:163,0
DA:164,0
DA:167,0
DA:168,0
DA:169,0
DA:172,0
DA:177,0
DA:178,0
DA:180,0
DA:181,0
DA:182,0
DA:184,0
DA:185,0
DA:186,0
DA:187,0
DA:188,0
DA:189,0
DA:190,0
DA:196,0
DA:197,0
DA:198,0
DA:201,0
DA:202,0
DA:205,0
DA:206,0
DA:207,0
DA:208,0
DA:209,0
DA:211,0
DA:215,0
DA:217,0
DA:223,0
DA:226,0
DA:227,0
DA:228,0
DA:229,0
DA:234,0
DA:235,0
DA:239,0
DA:240,0
DA:244,0
DA:245,0
DA:246,0
DA:247,0
DA:248,0
DA:252,0
DA:253,0
DA:254,0
DA:255,0
DA:256,0
DA:257,0
DA:261,0
DA:262,0
DA:263,0
DA:264,0
DA:265,0
DA:266,0
DA:271,0
DA:272,0
DA:273,0
DA:276,0
DA:277,0
DA:280,0
DA:282,0
DA:283,0
DA:286,0
DA:287,0
DA:290,0
DA:294,0
DA:295,0
DA:296,0
DA:297,0
DA:299,0
DA:300,0
DA:301,0
DA:302,0
DA:305,0
DA:306,0
DA:307,0
DA:311,0
DA:312,0
DA:314,0
DA:315,0
DA:316,0
DA:317,0
DA:319,0
DA:320,0
DA:322,0
DA:323,0
DA:324,0
DA:325,0
DA:327,0
DA:328,0
DA:329,0
DA:330,0
DA:331,0
DA:332,0
DA:335,0
DA:336,0
DA:341,0
DA:342,0
DA:343,0
DA:347,0
DA:350,0
DA:353,0
DA:354,0
DA:355,0
DA:357,0
DA:358,0
DA:359,0
DA:360,0
DA:365,0
LF:201
LH:0
BRDA:19,0,0,0
BRDA:22,1,0,0
BRDA:25,2,0,0
BRDA:29,3,0,0
BRDA:31,4,0,0
BRDA:31,4,1,0
BRDA:80,5,0,0
BRDA:81,6,0,0
BRDA:82,7,0,0
BRDA:83,8,0,0
BRDA:88,9,0,0
BRDA:103,10,0,0
BRDA:112,11,0,0
BRDA:112,11,1,0
BRDA:150,12,0,0
BRDA:159,13,0,0
BRDA:164,14,0,0
BRDA:164,14,1,0
BRDA:228,15,0,0
BRDA:239,16,0,0
BRDA:245,17,0,0
BRDA:245,18,0,0
BRDA:245,18,1,0
BRDA:253,19,0,0
BRDA:261,20,0,0
BRDA:277,21,0,0
BRDA:277,22,0,0
BRDA:277,22,1,0
BRDA:282,23,0,0
BRDA:319,24,0,0
BRDA:354,25,0,0
BRDA:357,26,0,0
BRDA:365,27,0,0
BRF:33
BRH:0
end_of_record
TN:
SF:app/components/NeuralParticles.js
FN:5,NeuralParticles
FN:11,(anonymous_2)
FN:16,(anonymous_3)
FN:25,(anonymous_4)
FN:47,(anonymous_5)
FN:60,(anonymous_6)
FN:70,(anonymous_7)
FN:78,(anonymous_8)
FN:122,(anonymous_9)
FN:153,(anonymous_10)
FNF:10
FNH:0
FNDA:0,NeuralParticles
FNDA:0,(anonymous_2)
FNDA:0,(anonymous_3)
FNDA:0,(anonymous_4)
FNDA:0,(anonymous_5)
FNDA:0,(anonymous_6)
FNDA:0,(anonymous_7)
FNDA:0,(anonymous_8)
FNDA:0,(anonymous_9)
FNDA:0,(anonymous_10)
DA:3,0
DA:6,0
DA:7,0
DA:8,0
DA:9,0
DA:11,0
DA:12,0
DA:13,0
DA:16,0
DA:17,0
DA:18,0
DA:21,0
DA:22,0
DA:25,0
DA:26,0
DA:27,0
DA:29,0
DA:30,0
DA:43,0
DA:47,0
DA:48,0
DA:56,0
DA:60,0
DA:61,0
DA:67,0
DA:70,0
DA:71,0
DA:72,0
DA:74,0
DA:75,0
DA:78,0
DA:80,0
DA:81,0
DA:84,0
DA:85,0
DA:88,0
DA:89,0
DA:90,0
DA:92,0
DA:93,0
DA:94,0
DA:95,0
DA:99,0
DA:100,0
DA:101,0
DA:102,0
DA:106,0
DA:107,0
DA:110,0
DA:111,0
DA:112,0
DA:113,0
DA:114,0
DA:116,0
DA:117,0
DA:118,0
DA:119,0
DA:122,0
DA:123,0
DA:124,0
DA:125,0
DA:127,0
DA:128,0
DA:130,0
DA:131,0
DA:132,0
DA:133,0
DA:134,0
DA:135,0
DA:137,0
DA:138,0
DA:139,0
DA:140,0
DA:141,0
DA:146,0
DA:149,0
DA:150,0
DA:153,0
DA:154,0
DA:155,0
DA:156,0
DA:157,0
DA:179,0
LF:83
LH:0
BRDA:84,0,0,0
BRDA:84,1,0,0
BRDA:84,1,1,0
BRDA:85,2,0,0
BRDA:85,3,0,0
BRDA:85,3,1,0
BRDA:92,4,0,0
BRDA:100,5,0,0
BRDA:127,6,0,0
BRDA:156,7,0,0
BRF:10
BRH:0
end_of_record
TN:
SF:app/components/NeuroExpertHero.js
FN:5,NeuroExpertHero
FN:9,(anonymous_3)
FN:11,(anonymous_4)
FN:18,(anonymous_5)
FN:82,(anonymous_6)
FN:99,(anonymous_7)
FN:137,(anonymous_8)
FN:143,(anonymous_9)
FN:147,(anonymous_10)
FN:220,(anonymous_11)
FN:228,(anonymous_12)
FN:232,(anonymous_13)
FN:274,(anonymous_14)
FN:285,animate
FN:293,(anonymous_16)
FN:297,(anonymous_17)
FN:318,(anonymous_18)
FN:335,(anonymous_19)
FN:344,(anonymous_20)
FN:352,(anonymous_21)
FN:364,(anonymous_22)
FNF:21
FNH:0
FNDA:0,NeuroExpertHero
FNDA:0,(anonymous_3)
FNDA:0,(anonymous_4)
FNDA:0,(anonymous_5)
FNDA:0,(anonymous_6)
FNDA:0,(anonymous_7)
FNDA:0,(anonymous_8)
FNDA:0,(anonymous_9)
FNDA:0,(anonymous_10)
FNDA:0,(anonymous_11)
FNDA:0,(anonymous_12)
FNDA:0,(anonymous_13)
FNDA:0,(anonymous_14)
FNDA:0,animate
FNDA:0,(anonymous_16)
FNDA:0,(anonymous_17)
FNDA:0,(anonymous_18)
FNDA:0,(anonymous_19)
FNDA:0,(anonymous_20)
FNDA:0,(anonymous_21)
FNDA:0,(anonymous_22)
DA:3,0
DA:5,0
DA:6,0
DA:7,0
DA:9,0
DA:11,0
DA:12,0
DA:13,0
DA:14,0
DA:15,0
DA:18,0
DA:19,0
DA:20,0
DA:21,0
DA:28,0
DA:29,0
DA:30,0
DA:31,0
DA:36,0
DA:37,0
DA:42,0
DA:45,0
DA:46,0
DA:48,0
DA:49,0
DA:50,0
DA:52,0
DA:53,0
DA:54,0
DA:55,0
DA:56,0
DA:57,0
DA:60,0
DA:63,0
DA:75,0
DA:76,0
DA:77,0
DA:78,0
DA:83,0
DA:84,0
DA:85,0
DA:86,0
DA:87,0
DA:88,0
DA:89,0
DA:90,0
DA:91,0
DA:92,0
DA:93,0
DA:94,0
DA:95,0
DA:96,0
DA:101,0
DA:102,0
DA:105,0
DA:106,0
DA:107,0
DA:108,0
DA:111,0
DA:112,0
DA:113,0
DA:115,0
DA:116,0
DA:117,0
DA:118,0
DA:122,0
DA:123,0
DA:124,0
DA:125,0
DA:129,0
DA:130,0
DA:133,0
DA:134,0
DA:137,0
DA:138,0
DA:139,0
DA:145,0
DA:146,0
DA:147,0
DA:148,0
DA:149,0
DA:150,0
DA:151,0
DA:152,0
DA:154,0
DA:158,0
DA:161,0
DA:165,0
DA:166,0
DA:167,0
DA:169,0
DA:170,0
DA:173,0
DA:177,0
DA:178,0
DA:179,0
DA:181,0
DA:182,0
DA:185,0
DA:187,0
DA:188,0
DA:189,0
DA:190,0
DA:191,0
DA:192,0
DA:197,0
DA:201,0
DA:202,0
DA:203,0
DA:205,0
DA:206,0
DA:207,0
DA:208,0
DA:211,0
DA:212,0
DA:213,0
DA:214,0
DA:221,0
DA:222,0
DA:223,0
DA:224,0
DA:225,0
DA:229,0
DA:233,0
DA:235,0
DA:236,0
DA:237,0
DA:238,0
DA:239,0
DA:240,0
DA:242,0
DA:243,0
DA:245,0
DA:246,0
DA:248,0
DA:249,0
DA:250,0
DA:251,0
DA:252,0
DA:254,0
DA:260,0
DA:261,0
DA:266,0
DA:267,0
DA:274,0
DA:275,0
DA:276,0
DA:282,0
DA:287,0
DA:288,0
DA:291,0
DA:293,0
DA:294,0
DA:297,0
DA:298,0
DA:299,0
DA:300,0
DA:302,0
DA:303,0
DA:304,0
DA:307,0
DA:308,0
DA:315,0
DA:316,0
DA:318,0
DA:319,0
DA:320,0
DA:321,0
DA:322,0
DA:324,0
DA:325,0
DA:326,0
DA:327,0
DA:328,0
DA:329,0
DA:332,0
DA:335,0
DA:336,0
DA:337,0
DA:338,0
DA:339,0
DA:344,0
DA:346,0
DA:349,0
DA:352,0
DA:353,0
DA:354,0
DA:355,0
DA:356,0
DA:357,0
DA:358,0
DA:359,0
DA:362,0
DA:364,0
DA:365,0
DA:366,0
LF:196
LH:0
BRDA:13,0,0,0
BRDA:46,1,0,0
BRDA:52,2,0,0
BRDA:52,2,1,0
BRDA:64,3,0,0
BRDA:64,3,1,0
BRDA:92,4,0,0
BRDA:92,4,1,0
BRDA:94,5,0,0
BRDA:94,5,1,0
BRDA:105,6,0,0
BRDA:106,7,0,0
BRDA:107,8,0,0
BRDA:108,9,0,0
BRDA:115,10,0,0
BRDA:123,11,0,0
BRDA:133,12,0,0
BRDA:133,13,0,0
BRDA:133,13,1,0
BRDA:145,14,0,0
BRDA:158,15,0,0
BRDA:158,15,1,0
BRDA:185,16,0,0
BRDA:233,17,0,0
BRDA:302,18,0,0
BRDA:307,19,0,0
BRDA:307,20,0,0
BRDA:307,20,1,0
BRDA:307,20,2,0
BRDA:338,21,0,0
BRF:30
BRH:0
end_of_record
TN:
SF:app/components/OnboardingTour.js
FN:4,OnboardingTour
FN:10,(anonymous_3)
FN:14,(anonymous_4)
FN:54,(anonymous_5)
FN:69,(anonymous_6)
FN:72,(anonymous_7)
FN:75,(anonymous_8)
FN:113,(anonymous_9)
FN:298,getTooltipPosition
FNF:9
FNH:0
FNDA:0,OnboardingTour
FNDA:0,(anonymous_3)
FNDA:0,(anonymous_4)
FNDA:0,(anonymous_5)
FNDA:0,(anonymous_6)
FNDA:0,(anonymous_7)
FNDA:0,(anonymous_8)
FNDA:0,(anonymous_9)
FNDA:0,getTooltipPosition
DA:2,0
DA:4,0
DA:5,0
DA:6,0
DA:7,0
DA:10,0
DA:11,0
DA:12,0
DA:13,0
DA:14,0
DA:19,0
DA:54,0
DA:55,0
DA:56,0
DA:59,0
DA:60,0
DA:61,0
DA:62,0
DA:65,0
DA:69,0
DA:70,0
DA:71,0
DA:72,0
DA:75,0
DA:76,0
DA:79,0
DA:81,0
DA:114,0
DA:299,0
DA:300,0
DA:305,0
DA:312,0
LF:32
LH:0
BRDA:11,0,0,0
BRDA:13,1,0,0
BRDA:55,2,0,0
BRDA:55,2,1,0
BRDA:60,3,0,0
BRDA:79,4,0,0
BRDA:87,5,0,0
BRDA:87,5,1,0
BRDA:92,6,0,0
BRDA:98,7,0,0
BRDA:98,7,1,0
BRDA:116,8,0,0
BRDA:116,8,1,0
BRDA:299,9,0,0
BRDA:312,10,0,0
BRDA:312,10,1,0
BRF:16
BRH:0
end_of_record
TN:
SF:app/components/PageTransition.js
FN:46,PageTransition
FN:50,(anonymous_2)
FN:52,(anonymous_3)
FN:53,(anonymous_4)
FNF:4
FNH:0
FNDA:0,PageTransition
FNDA:0,(anonymous_2)
FNDA:0,(anonymous_3)
FNDA:0,(anonymous_4)
DA:3,0
DA:4,0
DA:5,0
DA:7,0
DA:25,0
DA:31,0
DA:46,0
DA:47,0
DA:48,0
DA:50,0
DA:51,0
DA:52,0
DA:53,0
LF:13
LH:0
BRDA:59,0,0,0
BRDA:59,0,1,0
BRF:2
BRH:0
end_of_record
TN:
SF:app/components/PerformancePanel.js
FN:6,(anonymous_5)
FN:15,(anonymous_6)
FN:22,(anonymous_7)
FN:26,(anonymous_8)
FN:27,(anonymous_9)
FN:36,(anonymous_10)
FN:38,(anonymous_11)
FN:57,(anonymous_12)
FN:91,(anonymous_13)
FN:99,(anonymous_14)
FN:105,(anonymous_15)
FN:111,(anonymous_16)
FN:117,(anonymous_17)
FN:127,(anonymous_18)
FN:137,(anonymous_19)
FN:175,(anonymous_20)
FN:177,(anonymous_21)
FN:182,(anonymous_22)
FN:208,(anonymous_23)
FN:212,(anonymous_24)
FN:237,(anonymous_25)
FN:256,(anonymous_26)
FN:259,(anonymous_27)
FN:270,(anonymous_28)
FN:272,(anonymous_29)
FN:277,(anonymous_30)
FN:284,(anonymous_31)
FN:298,(anonymous_32)
FN:300,(anonymous_33)
FN:301,(anonymous_34)
FN:304,(anonymous_35)
FN:315,(anonymous_36)
FN:330,(anonymous_37)
FN:332,(anonymous_38)
FN:338,(anonymous_39)
FN:348,(anonymous_40)
FN:377,(anonymous_41)
FN:381,(anonymous_42)
FN:385,(anonymous_43)
FN:404,(anonymous_44)
FN:414,PerformancePanel
FN:420,(anonymous_46)
FN:421,(anonymous_47)
FN:430,(anonymous_48)
FN:433,(anonymous_49)
FN:438,(anonymous_50)
FN:450,(anonymous_51)
FN:463,(anonymous_52)
FN:529,(anonymous_53)
FNF:49
FNH:0
FNDA:0,(anonymous_5)
FNDA:0,(anonymous_6)
FNDA:0,(anonymous_7)
FNDA:0,(anonymous_8)
FNDA:0,(anonymous_9)
FNDA:0,(anonymous_10)
FNDA:0,(anonymous_11)
FNDA:0,(anonymous_12)
FNDA:0,(anonymous_13)
FNDA:0,(anonymous_14)
FNDA:0,(anonymous_15)
FNDA:0,(anonymous_16)
FNDA:0,(anonymous_17)
FNDA:0,(anonymous_18)
FNDA:0,(anonymous_19)
FNDA:0,(anonymous_20)
FNDA:0,(anonymous_21)
FNDA:0,(anonymous_22)
FNDA:0,(anonymous_23)
FNDA:0,(anonymous_24)
FNDA:0,(anonymous_25)
FNDA:0,(anonymous_26)
FNDA:0,(anonymous_27)
FNDA:0,(anonymous_28)
FNDA:0,(anonymous_29)
FNDA:0,(anonymous_30)
FNDA:0,(anonymous_31)
FNDA:0,(anonymous_32)
FNDA:0,(anonymous_33)
FNDA:0,(anonymous_34)
FNDA:0,(anonymous_35)
FNDA:0,(anonymous_36)
FNDA:0,(anonymous_37)
FNDA:0,(anonymous_38)
FNDA:0,(anonymous_39)
FNDA:0,(anonymous_40)
FNDA:0,(anonymous_41)
FNDA:0,(anonymous_42)
FNDA:0,(anonymous_43)
FNDA:0,(anonymous_44)
FNDA:0,PerformancePanel
FNDA:0,(anonymous_46)
FNDA:0,(anonymous_47)
FNDA:0,(anonymous_48)
FNDA:0,(anonymous_49)
FNDA:0,(anonymous_50)
FNDA:0,(anonymous_51)
FNDA:0,(anonymous_52)
FNDA:0,(anonymous_53)
DA:3,0
DA:7,0
DA:8,0
DA:9,0
DA:10,0
DA:12,0
DA:16,0
DA:17,0
DA:18,0
DA:19,0
DA:23,0
DA:25,0
DA:26,0
DA:27,0
DA:28,0
DA:33,0
DA:34,0
DA:36,0
DA:37,0
DA:38,0
DA:39,0
DA:40,0
DA:41,0
DA:43,0
DA:47,0
DA:48,0
DA:49,0
DA:52,0
DA:58,0
DA:60,0
DA:62,0
DA:63,0
DA:66,0
DA:67,0
DA:68,0
DA:71,0
DA:72,0
DA:73,0
DA:74,0
DA:77,0
DA:78,0
DA:79,0
DA:82,0
DA:83,0
DA:86,0
DA:87,0
DA:92,0
DA:100,0
DA:101,0
DA:106,0
DA:107,0
DA:112,0
DA:113,0
DA:118,0
DA:127,0
DA:128,0
DA:132,0
DA:133,0
DA:138,0
DA:139,0
DA:142,0
DA:143,0
DA:144,0
DA:145,0
DA:146,0
DA:149,0
DA:151,0
DA:152,0
DA:155,0
DA:156,0
DA:157,0
DA:159,0
DA:160,0
DA:161,0
DA:163,0
DA:166,0
DA:167,0
DA:170,0
DA:171,0
DA:177,0
DA:178,0
DA:183,0
DA:186,0
DA:187,0
DA:193,0
DA:195,0
DA:196,0
DA:197,0
DA:202,0
DA:205,0
DA:209,0
DA:210,0
DA:212,0
DA:213,0
DA:214,0
DA:216,0
DA:217,0
DA:218,0
DA:220,0
DA:221,0
DA:224,0
DA:225,0
DA:228,0
DA:231,0
DA:232,0
DA:233,0
DA:238,0
DA:245,0
DA:247,0
DA:248,0
DA:251,0
DA:252,0
DA:257,0
DA:259,0
DA:260,0
DA:261,0
DA:262,0
DA:266,0
DA:267,0
DA:272,0
DA:273,0
DA:278,0
DA:279,0
DA:280,0
DA:282,0
DA:283,0
DA:284,0
DA:285,0
DA:288,0
DA:289,0
DA:290,0
DA:291,0
DA:300,0
DA:301,0
DA:302,0
DA:304,0
DA:305,0
DA:307,0
DA:308,0
DA:316,0
DA:324,0
DA:325,0
DA:327,0
DA:331,0
DA:332,0
DA:333,0
DA:335,0
DA:339,0
DA:349,0
DA:350,0
DA:353,0
DA:354,0
DA:356,0
DA:357,0
DA:359,0
DA:360,0
DA:362,0
DA:363,0
DA:366,0
DA:367,0
DA:368,0
DA:370,0
DA:371,0
DA:372,0
DA:374,0
DA:378,0
DA:382,0
DA:386,0
DA:387,0
DA:388,0
DA:389,0
DA:391,0
DA:404,0
DA:411,0
DA:415,0
DA:416,0
DA:417,0
DA:418,0
DA:420,0
DA:421,0
DA:422,0
DA:423,0
DA:424,0
DA:427,0
DA:428,0
DA:430,0
DA:433,0
DA:434,0
DA:435,0
DA:438,0
DA:439,0
DA:440,0
DA:441,0
DA:444,0
DA:450,0
DA:463,0
DA:530,0
DA:793,0
DA:794,0
LF:199
LH:0
BRDA:23,0,0,0
BRDA:47,1,0,0
BRDA:60,2,0,0
BRDA:60,2,1,0
BRDA:60,2,2,0
BRDA:60,2,3,0
BRDA:60,2,4,0
BRDA:60,2,5,0
BRDA:71,3,0,0
BRDA:71,3,1,0
BRDA:95,4,0,0
BRDA:95,4,1,0
BRDA:100,5,0,0
BRDA:106,6,0,0
BRDA:112,7,0,0
BRDA:132,8,0,0
BRDA:138,9,0,0
BRDA:138,9,1,0
BRDA:138,9,2,0
BRDA:143,10,0,0
BRDA:143,10,1,0
BRDA:144,11,0,0
BRDA:144,11,1,0
BRDA:145,12,0,0
BRDA:145,12,1,0
BRDA:146,13,0,0
BRDA:146,14,0,0
BRDA:146,14,1,0
BRDA:149,15,0,0
BRDA:149,15,1,0
BRDA:151,16,0,0
BRDA:166,17,0,0
BRDA:170,18,0,0
BRDA:186,19,0,0
BRDA:196,20,0,0
BRDA:216,21,0,0
BRDA:220,22,0,0
BRDA:231,23,0,0
BRDA:247,24,0,0
BRDA:251,25,0,0
BRDA:278,26,0,0
BRDA:280,27,0,0
BRDA:280,27,1,0
BRDA:282,28,0,0
BRDA:285,29,0,0
BRDA:285,29,1,0
BRDA:288,30,0,0
BRDA:290,31,0,0
BRDA:307,32,0,0
BRDA:340,33,0,0
BRDA:340,33,1,0
BRDA:341,34,0,0
BRDA:341,34,1,0
BRDA:342,35,0,0
BRDA:342,35,1,0
BRDA:343,36,0,0
BRDA:343,36,1,0
BRDA:344,37,0,0
BRDA:344,37,1,0
BRDA:353,38,0,0
BRDA:353,38,1,0
BRDA:354,39,0,0
BRDA:356,40,0,0
BRDA:356,40,1,0
BRDA:357,41,0,0
BRDA:359,42,0,0
BRDA:359,42,1,0
BRDA:360,43,0,0
BRDA:362,44,0,0
BRDA:362,44,1,0
BRDA:363,45,0,0
BRDA:366,46,0,0
BRDA:366,46,1,0
BRDA:367,47,0,0
BRDA:367,47,1,0
BRDA:368,48,0,0
BRDA:370,49,0,0
BRDA:370,49,1,0
BRDA:371,50,0,0
BRDA:371,50,1,0
BRDA:372,51,0,0
BRDA:388,52,0,0
BRDA:388,52,1,0
BRDA:389,53,0,0
BRDA:389,53,1,0
BRDA:397,54,0,0
BRDA:397,54,1,0
BRDA:401,55,0,0
BRDA:401,55,1,0
BRDA:439,56,0,0
BRDA:440,57,0,0
BRDA:444,58,0,0
BRDA:454,59,0,0
BRDA:459,60,0,0
BRDA:476,61,0,0
BRDA:476,61,1,0
BRDA:476,62,0,0
BRDA:476,62,1,0
BRDA:477,63,0,0
BRDA:477,63,1,0
BRDA:482,64,0,0
BRDA:482,64,1,0
BRDA:482,65,0,0
BRDA:482,65,1,0
BRDA:483,66,0,0
BRDA:483,66,1,0
BRDA:488,67,0,0
BRDA:488,67,1,0
BRDA:488,68,0,0
BRDA:488,68,1,0
BRDA:489,69,0,0
BRDA:489,69,1,0
BRDA:494,70,0,0
BRDA:494,70,1,0
BRDA:494,71,0,0
BRDA:494,71,1,0
BRDA:495,72,0,0
BRDA:495,72,1,0
BRDA:517,73,0,0
BRDA:517,73,1,0
BRDA:522,74,0,0
BRF:121
BRH:0
end_of_record
TN:
SF:app/components/PersonalizationModule.js
FN:6,detectUserSegment
FN:22,generateRecommendations
FN:84,calculatePredictedBenefit
FN:103,PersonalizationModule
FN:109,(anonymous_6)
FN:111,(anonymous_7)
FN:118,(anonymous_8)
FN:123,(anonymous_9)
FN:132,(anonymous_10)
FN:153,(anonymous_11)
FN:176,(anonymous_12)
FN:180,(anonymous_13)
FN:214,(anonymous_14)
FNF:13
FNH:0
FNDA:0,detectUserSegment
FNDA:0,generateRecommendations
FNDA:0,calculatePredictedBenefit
FNDA:0,PersonalizationModule
FNDA:0,(anonymous_6)
FNDA:0,(anonymous_7)
FNDA:0,(anonymous_8)
FNDA:0,(anonymous_9)
FNDA:0,(anonymous_10)
FNDA:0,(anonymous_11)
FNDA:0,(anonymous_12)
FNDA:0,(anonymous_13)
FNDA:0,(anonymous_14)
DA:3,0
DA:8,0
DA:9,0
DA:10,0
DA:12,0
DA:23,0
DA:80,0
DA:85,0
DA:91,0
DA:92,0
DA:93,0
DA:95,0
DA:104,0
DA:105,0
DA:106,0
DA:107,0
DA:109,0
DA:111,0
DA:112,0
DA:113,0
DA:114,0
DA:118,0
DA:119,0
DA:120,0
DA:123,0
DA:124,0
DA:129,0
DA:132,0
DA:133,0
DA:139,0
DA:142,0
DA:143,0
DA:153,0
DA:177,0
DA:180,0
DA:214,0
DA:594,0
LF:37
LH:0
BRDA:80,0,0,0
BRDA:80,0,1,0
BRDA:129,1,0,0
BRDA:129,1,1,0
BRDA:139,2,0,0
BRDA:139,2,1,0
BRDA:142,3,0,0
BRDA:142,4,0,0
BRDA:142,4,1,0
BRDA:207,5,0,0
BRF:10
BRH:0
end_of_record
TN:
SF:app/components/PremiumGlassBackground.js
FN:5,PremiumGlassBackground
FN:10,(anonymous_3)
FN:12,(anonymous_4)
FN:13,(anonymous_5)
FN:19,(anonymous_6)
FN:28,(anonymous_7)
FNF:6
FNH:0
FNDA:0,PremiumGlassBackground
FNDA:0,(anonymous_3)
FNDA:0,(anonymous_4)
FNDA:0,(anonymous_5)
FNDA:0,(anonymous_6)
FNDA:0,(anonymous_7)
DA:3,0
DA:5,0
DA:6,0
DA:7,0
DA:8,0
DA:10,0
DA:12,0
DA:13,0
DA:14,0
DA:19,0
DA:20,0
DA:21,0
DA:22,0
DA:25,0
DA:26,0
DA:28,0
DA:29,0
DA:30,0
LF:18
LH:0
BRF:0
BRH:0
end_of_record
TN:
SF:app/components/PremiumHero.js
FN:6,PremiumHero
FN:9,(anonymous_3)
FN:10,(anonymous_4)
FN:16,(anonymous_5)
FN:19,(anonymous_6)
FN:41,(anonymous_7)
FN:47,(anonymous_8)
FN:57,(anonymous_9)
FN:66,(anonymous_10)
FN:85,(anonymous_11)
FN:96,(anonymous_12)
FN:129,(anonymous_13)
FN:141,(anonymous_14)
FN:152,(anonymous_15)
FN:157,(anonymous_16)
FN:165,(anonymous_17)
FN:345,(anonymous_18)
FN:429,(anonymous_19)
FNF:18
FNH:0
FNDA:0,PremiumHero
FNDA:0,(anonymous_3)
FNDA:0,(anonymous_4)
FNDA:0,(anonymous_5)
FNDA:0,(anonymous_6)
FNDA:0,(anonymous_7)
FNDA:0,(anonymous_8)
FNDA:0,(anonymous_9)
FNDA:0,(anonymous_10)
FNDA:0,(anonymous_11)
FNDA:0,(anonymous_12)
FNDA:0,(anonymous_13)
FNDA:0,(anonymous_14)
FNDA:0,(anonymous_15)
FNDA:0,(anonymous_16)
FNDA:0,(anonymous_17)
FNDA:0,(anonymous_18)
FNDA:0,(anonymous_19)
DA:3,0
DA:4,0
DA:6,0
DA:7,0
DA:9,0
DA:10,0
DA:11,0
DA:14,0
DA:15,0
DA:16,0
DA:19,0
DA:20,0
DA:21,0
DA:40,0
DA:41,0
DA:43,0
DA:44,0
DA:45,0
DA:47,0
DA:48,0
DA:49,0
DA:51,0
DA:52,0
DA:53,0
DA:58,0
DA:59,0
DA:60,0
DA:61,0
DA:62,0
DA:63,0
DA:67,0
DA:68,0
DA:70,0
DA:71,0
DA:74,0
DA:75,0
DA:76,0
DA:78,0
DA:79,0
DA:80,0
DA:81,0
DA:86,0
DA:87,0
DA:88,0
DA:89,0
DA:92,0
DA:93,0
DA:97,0
DA:98,0
DA:99,0
DA:101,0
DA:102,0
DA:105,0
DA:106,0
DA:107,0
DA:108,0
DA:110,0
DA:111,0
DA:112,0
DA:113,0
DA:114,0
DA:115,0
DA:121,0
DA:122,0
DA:123,0
DA:124,0
DA:126,0
DA:129,0
DA:130,0
DA:131,0
DA:134,0
DA:135,0
DA:136,0
DA:141,0
DA:142,0
DA:143,0
DA:146,0
DA:149,0
DA:152,0
DA:153,0
DA:157,0
DA:158,0
DA:159,0
DA:162,0
DA:163,0
DA:165,0
DA:166,0
DA:167,0
DA:347,0
DA:431,0
LF:90
LH:0
BRDA:49,0,0,0
BRDA:70,1,0,0
BRDA:70,2,0,0
BRDA:70,2,1,0
BRDA:71,3,0,0
BRDA:71,4,0,0
BRDA:71,4,1,0
BRDA:78,5,0,0
BRDA:101,6,0,0
BRDA:122,7,0,0
BRDA:122,7,1,0
BRDA:174,8,0,0
BRDA:174,8,1,0
BRDA:175,9,0,0
BRDA:175,9,1,0
BRDA:181,10,0,0
BRDA:181,10,1,0
BRDA:274,11,0,0
BRDA:274,11,1,0
BRDA:275,12,0,0
BRDA:275,12,1,0
BRDA:283,13,0,0
BRDA:283,13,1,0
BRDA:285,14,0,0
BRDA:285,14,1,0
BRDA:297,15,0,0
BRDA:297,15,1,0
BRDA:299,16,0,0
BRDA:299,16,1,0
BRDA:300,17,0,0
BRDA:300,17,1,0
BRDA:301,18,0,0
BRDA:301,18,1,0
BRDA:302,19,0,0
BRDA:302,19,1,0
BRDA:332,20,0,0
BRDA:332,20,1,0
BRDA:333,21,0,0
BRDA:333,21,1,0
BRDA:337,22,0,0
BRDA:337,22,1,0
BRDA:338,23,0,0
BRDA:338,23,1,0
BRDA:365,24,0,0
BRDA:365,24,1,0
BRDA:367,25,0,0
BRDA:367,25,1,0
BRDA:380,26,0,0
BRDA:380,26,1,0
BRDA:449,27,0,0
BRDA:449,27,1,0
BRDA:451,28,0,0
BRDA:451,28,1,0
BRDA:461,29,0,0
BRDA:461,29,1,0
BRDA:526,30,0,0
BRDA:526,30,1,0
BRDA:527,31,0,0
BRDA:527,31,1,0
BRDA:528,32,0,0
BRDA:528,32,1,0
BRDA:530,33,0,0
BRDA:530,33,1,0
BRDA:531,34,0,0
BRDA:531,34,1,0
BRDA:538,35,0,0
BRDA:538,35,1,0
BRDA:548,36,0,0
BRDA:548,36,1,0
BRDA:555,37,0,0
BRDA:555,37,1,0
BRDA:558,38,0,0
BRDA:558,38,1,0
BRDA:568,39,0,0
BRDA:568,39,1,0
BRDA:575,40,0,0
BRDA:575,40,1,0
BRDA:578,41,0,0
BRDA:578,41,1,0
BRDA:588,42,0,0
BRDA:588,42,1,0
BRDA:595,43,0,0
BRDA:595,43,1,0
BRF:83
BRH:0
end_of_record
TN:
SF:app/components/PremiumLoader.js
FN:6,PremiumLoader
FN:9,(anonymous_2)
FN:12,(anonymous_3)
FN:13,(anonymous_4)
FN:19,(anonymous_5)
FN:23,(anonymous_6)
FN:94,(anonymous_7)
FNF:7
FNH:0
FNDA:0,PremiumLoader
FNDA:0,(anonymous_2)
FNDA:0,(anonymous_3)
FNDA:0,(anonymous_4)
FNDA:0,(anonymous_5)
FNDA:0,(anonymous_6)
FNDA:0,(anonymous_7)
DA:3,0
DA:4,0
DA:6,0
DA:7,0
DA:9,0
DA:10,0
DA:12,0
DA:13,0
DA:14,0
DA:15,0
DA:19,0
DA:20,0
DA:23,0
DA:24,0
DA:25,0
DA:29,0
DA:38,0
DA:52,0
DA:60,0
DA:95,0
DA:192,0
LF:21
LH:0
BRDA:6,0,0,0
BRDA:6,1,0,0
BRDA:10,2,0,0
BRDA:15,3,0,0
BRDA:15,3,1,0
BRDA:75,4,0,0
BRDA:77,5,0,0
BRDA:77,5,1,0
BRF:8
BRH:0
end_of_record
TN:
SF:app/components/QuickActions.js
FN:5,QuickActions
FN:59,(anonymous_2)
FN:78,(anonymous_3)
FN:86,(anonymous_4)
FN:87,(anonymous_5)
FN:103,(anonymous_6)
FN:107,(anonymous_7)
FN:146,(anonymous_8)
FN:148,(anonymous_9)
FN:148,(anonymous_10)
FNF:10
FNH:0
FNDA:0,QuickActions
FNDA:0,(anonymous_2)
FNDA:0,(anonymous_3)
FNDA:0,(anonymous_4)
FNDA:0,(anonymous_5)
FNDA:0,(anonymous_6)
FNDA:0,(anonymous_7)
FNDA:0,(anonymous_8)
FNDA:0,(anonymous_9)
FNDA:0,(anonymous_10)
DA:2,0
DA:3,0
DA:5,0
DA:6,0
DA:8,0
DA:59,0
DA:60,0
DA:63,0
DA:64,0
DA:71,0
DA:72,0
DA:78,0
DA:86,0
DA:87,0
DA:88,0
DA:104,0
DA:107,0
DA:146,0
DA:148,0
DA:149,0
LF:20
LH:0
BRDA:63,0,0,0
BRDA:63,1,0,0
BRDA:63,1,1,0
BRDA:71,2,0,0
BRDA:71,3,0,0
BRDA:71,3,1,0
BRDA:106,4,0,0
BRDA:106,4,1,0
BRDA:117,5,0,0
BRDA:143,6,0,0
BRF:10
BRH:0
end_of_record
TN:
SF:app/components/RealtimeStats.js
FN:5,RealtimeStats
FN:18,(anonymous_2)
FN:20,(anonymous_3)
FN:21,(anonymous_4)
FN:30,(anonymous_5)
FN:48,(anonymous_6)
FN:52,(anonymous_7)
FN:55,(anonymous_8)
FN:60,(anonymous_9)
FN:70,(anonymous_10)
FN:81,(anonymous_11)
FN:83,(anonymous_12)
FN:89,(anonymous_13)
FNF:13
FNH:0
FNDA:0,RealtimeStats
FNDA:0,(anonymous_2)
FNDA:0,(anonymous_3)
FNDA:0,(anonymous_4)
FNDA:0,(anonymous_5)
FNDA:0,(anonymous_6)
FNDA:0,(anonymous_7)
FNDA:0,(anonymous_8)
FNDA:0,(anonymous_9)
FNDA:0,(anonymous_10)
FNDA:0,(anonymous_11)
FNDA:0,(anonymous_12)
FNDA:0,(anonymous_13)
DA:2,0
DA:3,0
DA:5,0
DA:6,0
DA:13,0
DA:18,0
DA:20,0
DA:21,0
DA:22,0
DA:30,0
DA:35,0
DA:39,0
DA:40,0
DA:48,0
DA:52,0
DA:53,0
DA:55,0
DA:56,0
DA:57,0
DA:58,0
DA:60,0
DA:61,0
DA:62,0
DA:63,0
DA:64,0
DA:66,0
DA:70,0
DA:81,0
DA:82,0
DA:83,0
DA:88,0
DA:89,0
LF:32
LH:0
BRDA:24,0,0,0
BRDA:24,0,1,0
BRDA:39,1,0,0
BRDA:39,2,0,0
BRDA:39,2,1,0
BRDA:52,3,0,0
BRDA:52,4,0,0
BRDA:62,5,0,0
BRDA:62,5,1,0
BRDA:62,6,0,0
BRDA:62,6,1,0
BRDA:62,6,2,0
BRDA:62,6,3,0
BRDA:75,7,0,0
BRDA:75,7,1,0
BRDA:88,8,0,0
BRDA:88,8,1,0
BRDA:162,9,0,0
BRDA:162,9,1,0
BRF:19
BRH:0
end_of_record
TN:
SF:app/components/SmartCustomerChat.js
FN:7,SmartCustomerChat
FN:24,(anonymous_6)
FN:28,(anonymous_7)
FN:32,(anonymous_8)
FN:42,(anonymous_9)
FN:76,(anonymous_10)
FN:98,(anonymous_11)
FN:104,(anonymous_12)
FN:116,(anonymous_13)
FN:138,(anonymous_14)
FN:150,(anonymous_15)
FN:156,(anonymous_16)
FN:162,(anonymous_17)
FN:168,(anonymous_18)
FN:178,(anonymous_19)
FN:226,(anonymous_20)
FN:230,(anonymous_21)
FN:243,(anonymous_22)
FN:244,(anonymous_23)
FNF:19
FNH:0
FNDA:0,SmartCustomerChat
FNDA:0,(anonymous_6)
FNDA:0,(anonymous_7)
FNDA:0,(anonymous_8)
FNDA:0,(anonymous_9)
FNDA:0,(anonymous_10)
FNDA:0,(anonymous_11)
FNDA:0,(anonymous_12)
FNDA:0,(anonymous_13)
FNDA:0,(anonymous_14)
FNDA:0,(anonymous_15)
FNDA:0,(anonymous_16)
FNDA:0,(anonymous_17)
FNDA:0,(anonymous_18)
FNDA:0,(anonymous_19)
FNDA:0,(anonymous_20)
FNDA:0,(anonymous_21)
FNDA:0,(anonymous_22)
FNDA:0,(anonymous_23)
DA:3,0
DA:4,0
DA:5,0
DA:7,0
DA:8,0
DA:17,0
DA:18,0
DA:19,0
DA:20,0
DA:21,0
DA:22,0
DA:24,0
DA:25,0
DA:28,0
DA:29,0
DA:32,0
DA:33,0
DA:35,0
DA:42,0
DA:43,0
DA:44,0
DA:46,0
DA:47,0
DA:64,0
DA:66,0
DA:67,0
DA:76,0
DA:77,0
DA:80,0
DA:81,0
DA:84,0
DA:87,0
DA:89,0
DA:98,0
DA:100,0
DA:104,0
DA:106,0
DA:109,0
DA:116,0
DA:117,0
DA:124,0
DA:138,0
DA:150,0
DA:156,0
DA:162,0
DA:168,0
DA:179,0
DA:227,0
DA:230,0
DA:243,0
DA:245,0
DA:246,0
DA:247,0
LF:53
LH:0
BRDA:33,0,0,0
BRDA:33,1,0,0
BRDA:33,1,1,0
BRDA:66,2,0,0
BRDA:66,2,1,0
BRDA:80,3,0,0
BRDA:84,4,0,0
BRDA:84,4,1,0
BRDA:124,5,0,0
BRDA:124,5,1,0
BRDA:133,6,0,0
BRDA:133,6,1,0
BRDA:144,7,0,0
BRDA:149,8,0,0
BRDA:149,8,1,0
BRDA:155,9,0,0
BRDA:155,9,1,0
BRDA:161,10,0,0
BRDA:161,10,1,0
BRDA:167,11,0,0
BRDA:167,11,1,0
BRDA:193,12,0,0
BRDA:193,12,1,0
BRDA:198,13,0,0
BRDA:202,14,0,0
BRDA:202,14,1,0
BRDA:203,15,0,0
BRDA:203,15,1,0
BRDA:214,16,0,0
BRDA:245,17,0,0
BRDA:245,18,0,0
BRDA:245,18,1,0
BRDA:257,19,0,0
BRDA:257,19,1,0
BRDA:259,20,0,0
BRDA:259,20,1,0
BRF:36
BRH:0
end_of_record
TN:
SF:app/components/SmartFAQ.js
FN:188,SmartFAQ
FN:197,(anonymous_2)
FN:199,(anonymous_3)
FN:200,(anonymous_4)
FN:208,(anonymous_5)
FN:213,(anonymous_6)
FN:218,(anonymous_7)
FN:224,(anonymous_8)
FN:227,(anonymous_9)
FN:232,(anonymous_10)
FN:248,(anonymous_11)
FN:258,(anonymous_12)
FN:265,(anonymous_13)
FN:266,(anonymous_14)
FN:285,(anonymous_15)
FN:293,(anonymous_16)
FN:305,(anonymous_17)
FN:309,(anonymous_18)
FN:320,(anonymous_19)
FN:324,(anonymous_20)
FN:334,(anonymous_21)
FN:338,(anonymous_22)
FN:349,(anonymous_23)
FN:372,(anonymous_24)
FN:386,(anonymous_25)
FN:390,(anonymous_26)
FN:395,(anonymous_27)
FN:408,(anonymous_28)
FN:409,(anonymous_29)
FNF:29
FNH:0
FNDA:0,SmartFAQ
FNDA:0,(anonymous_2)
FNDA:0,(anonymous_3)
FNDA:0,(anonymous_4)
FNDA:0,(anonymous_5)
FNDA:0,(anonymous_6)
FNDA:0,(anonymous_7)
FNDA:0,(anonymous_8)
FNDA:0,(anonymous_9)
FNDA:0,(anonymous_10)
FNDA:0,(anonymous_11)
FNDA:0,(anonymous_12)
FNDA:0,(anonymous_13)
FNDA:0,(anonymous_14)
FNDA:0,(anonymous_15)
FNDA:0,(anonymous_16)
FNDA:0,(anonymous_17)
FNDA:0,(anonymous_18)
FNDA:0,(anonymous_19)
FNDA:0,(anonymous_20)
FNDA:0,(anonymous_21)
FNDA:0,(anonymous_22)
FNDA:0,(anonymous_23)
FNDA:0,(anonymous_24)
FNDA:0,(anonymous_25)
FNDA:0,(anonymous_26)
FNDA:0,(anonymous_27)
FNDA:0,(anonymous_28)
FNDA:0,(anonymous_29)
DA:3,0
DA:5,0
DA:161,0
DA:180,0
DA:189,0
DA:190,0
DA:191,0
DA:192,0
DA:193,0
DA:194,0
DA:197,0
DA:198,0
DA:199,0
DA:200,0
DA:201,0
DA:204,0
DA:208,0
DA:209,0
DA:212,0
DA:213,0
DA:217,0
DA:218,0
DA:222,0
DA:223,0
DA:224,0
DA:225,0
DA:227,0
DA:232,0
DA:233,0
DA:235,0
DA:237,0
DA:239,0
DA:241,0
DA:245,0
DA:248,0
DA:249,0
DA:250,0
DA:251,0
DA:253,0
DA:255,0
DA:258,0
DA:259,0
DA:260,0
DA:261,0
DA:262,0
DA:265,0
DA:266,0
DA:267,0
DA:285,0
DA:293,0
DA:306,0
DA:309,0
DA:321,0
DA:324,0
DA:335,0
DA:338,0
DA:349,0
DA:372,0
DA:387,0
DA:390,0
DA:395,0
DA:409,0
DA:447,0
LF:63
LH:0
BRDA:212,0,0,0
BRDA:217,1,0,0
BRDA:222,2,0,0
BRDA:225,3,0,0
BRDA:225,3,1,0
BRDA:225,3,2,0
BRDA:233,4,0,0
BRDA:233,4,1,0
BRDA:233,4,2,0
BRDA:233,4,3,0
BRDA:250,5,0,0
BRDA:250,5,1,0
BRDA:267,6,0,0
BRDA:267,6,1,0
BRDA:295,7,0,0
BRDA:295,7,1,0
BRDA:300,8,0,0
BRDA:308,9,0,0
BRDA:308,9,1,0
BRDA:323,10,0,0
BRDA:323,10,1,0
BRDA:337,11,0,0
BRDA:337,11,1,0
BRDA:368,12,0,0
BRDA:368,12,1,0
BRDA:368,12,2,0
BRDA:370,13,0,0
BRDA:371,14,0,0
BRDA:372,15,0,0
BRDA:379,16,0,0
BRDA:379,16,1,0
BRDA:397,17,0,0
BRDA:397,17,1,0
BRDA:401,18,0,0
BRDA:405,19,0,0
BRF:35
BRH:0
end_of_record
TN:
SF:app/components/SmartFloatingAI.js
FN:4,SmartFloatingAI
FN:7,(anonymous_3)
FN:35,(anonymous_4)
FN:41,(anonymous_5)
FN:46,(anonymous_6)
FN:61,(anonymous_7)
FN:72,(anonymous_8)
FN:79,(anonymous_9)
FN:80,(anonymous_10)
FN:84,(anonymous_11)
FN:87,(anonymous_12)
FN:94,(anonymous_13)
FN:97,(anonymous_14)
FN:101,(anonymous_15)
FN:103,(anonymous_16)
FN:105,(anonymous_17)
FN:119,(anonymous_18)
FN:124,(anonymous_19)
FN:153,(anonymous_20)
FN:158,(anonymous_21)
FN:199,(anonymous_22)
FN:207,(anonymous_23)
FN:221,(anonymous_24)
FN:249,(anonymous_25)
FN:260,(anonymous_26)
FN:271,(anonymous_27)
FN:283,(anonymous_28)
FN:325,(anonymous_29)
FN:328,(anonymous_30)
FN:345,(anonymous_31)
FNF:30
FNH:9
FNDA:5,SmartFloatingAI
FNDA:5,(anonymous_3)
FNDA:5,(anonymous_4)
FNDA:5,(anonymous_5)
FNDA:5,(anonymous_6)
FNDA:5,(anonymous_7)
FNDA:0,(anonymous_8)
FNDA:5,(anonymous_9)
FNDA:0,(anonymous_10)
FNDA:0,(anonymous_11)
FNDA:0,(anonymous_12)
FNDA:5,(anonymous_13)
FNDA:0,(anonymous_14)
FNDA:0,(anonymous_15)
FNDA:0,(anonymous_16)
FNDA:0,(anonymous_17)
FNDA:0,(anonymous_18)
FNDA:0,(anonymous_19)
FNDA:0,(anonymous_20)
FNDA:0,(anonymous_21)
FNDA:0,(anonymous_22)
FNDA:0,(anonymous_23)
FNDA:0,(anonymous_24)
FNDA:0,(anonymous_25)
FNDA:0,(anonymous_26)
FNDA:0,(anonymous_27)
FNDA:0,(anonymous_28)
FNDA:10,(anonymous_29)
FNDA:0,(anonymous_30)
FNDA:0,(anonymous_31)
DA:2,1
DA:4,5
DA:5,5
DA:7,5
DA:8,5
DA:9,5
DA:10,5
DA:12,0
DA:15,5
DA:22,5
DA:23,5
DA:24,5
DA:25,5
DA:26,5
DA:27,5
DA:32,5
DA:33,5
DA:35,5
DA:36,5
DA:37,5
DA:41,5
DA:42,5
DA:46,5
DA:47,5
DA:48,0
DA:49,0
DA:55,5
DA:61,5
DA:62,5
DA:63,0
DA:64,0
DA:66,0
DA:72,0
DA:73,0
DA:79,5
DA:80,5
DA:81,0
DA:83,0
DA:84,0
DA:85,0
DA:87,0
DA:88,0
DA:93,5
DA:94,5
DA:97,5
DA:98,0
DA:99,0
DA:100,0
DA:101,0
DA:103,0
DA:104,0
DA:105,0
DA:106,0
DA:107,0
DA:108,0
DA:110,0
DA:112,0
DA:113,0
DA:114,0
DA:119,5
DA:120,0
DA:122,0
DA:123,0
DA:124,0
DA:125,0
DA:127,0
DA:129,0
DA:130,0
DA:147,0
DA:149,0
DA:150,0
DA:153,0
DA:158,0
DA:167,0
DA:170,0
DA:171,0
DA:174,0
DA:177,0
DA:178,0
DA:186,0
DA:187,0
DA:190,0
DA:191,0
DA:192,0
DA:199,5
DA:200,0
DA:201,0
DA:202,0
DA:207,5
DA:208,0
DA:209,0
DA:210,0
DA:211,0
DA:212,0
DA:221,0
DA:250,0
DA:251,0
DA:261,0
DA:262,0
DA:271,0
DA:284,0
DA:326,10
DA:329,0
DA:330,0
DA:345,0
LF:105
LH:35
BRDA:8,0,0,0
BRDA:10,1,0,5
BRDA:10,1,1,5
BRDA:36,2,0,5
BRDA:47,3,0,0
BRDA:47,4,0,5
BRDA:47,4,1,5
BRDA:62,5,0,0
BRDA:62,6,0,5
BRDA:62,6,1,0
BRDA:64,7,0,0
BRDA:64,7,1,0
BRDA:64,8,0,0
BRDA:64,8,1,0
BRDA:83,9,0,0
BRDA:83,10,0,0
BRDA:83,10,1,0
BRDA:104,11,0,0
BRDA:104,11,1,0
BRDA:114,12,0,0
BRDA:120,13,0,0
BRDA:120,14,0,0
BRDA:120,14,1,0
BRDA:120,14,2,0
BRDA:147,15,0,0
BRDA:150,16,0,0
BRDA:150,16,1,0
BRDA:170,17,0,0
BRDA:174,18,0,0
BRDA:174,18,1,0
BRDA:174,18,2,0
BRDA:174,19,0,0
BRDA:174,19,1,0
BRDA:177,20,0,0
BRDA:177,20,1,0
BRDA:182,21,0,0
BRDA:182,21,1,0
BRDA:186,22,0,0
BRDA:200,23,0,0
BRDA:200,24,0,0
BRDA:200,24,1,0
BRDA:220,25,0,0
BRDA:220,25,1,5
BRDA:232,26,0,0
BRDA:232,26,1,5
BRDA:248,27,0,0
BRDA:248,27,1,5
BRDA:259,28,0,5
BRDA:259,28,1,0
BRDA:285,29,0,0
BRDA:292,30,0,0
BRDA:292,30,1,0
BRDA:294,31,0,0
BRDA:294,31,1,0
BRDA:298,32,0,0
BRDA:305,33,0,5
BRDA:321,34,0,5
BRDA:348,35,0,5
BRDA:348,35,1,5
BRDA:353,36,0,5
BRDA:353,36,1,5
BRDA:353,36,2,5
BRF:62
BRH:17
end_of_record
TN:
SF:app/components/SmokeTestPanel.js
FN:6,(anonymous_5)
FN:15,(anonymous_6)
FN:140,(anonymous_7)
FN:145,(anonymous_8)
FN:158,(anonymous_9)
FN:196,(anonymous_10)
FN:215,(anonymous_11)
FN:216,(anonymous_12)
FN:237,(anonymous_13)
FN:254,(anonymous_14)
FN:325,(anonymous_15)
FN:337,(anonymous_16)
FN:341,(anonymous_17)
FN:360,(anonymous_18)
FN:365,(anonymous_19)
FN:383,(anonymous_20)
FN:396,(anonymous_21)
FN:412,(anonymous_22)
FN:414,(anonymous_23)
FN:428,(anonymous_24)
FN:442,(anonymous_25)
FN:463,(anonymous_26)
FN:480,(anonymous_27)
FN:522,(anonymous_28)
FN:537,(anonymous_29)
FN:552,(anonymous_30)
FN:567,(anonymous_31)
FN:582,(anonymous_32)
FN:591,(anonymous_33)
FN:608,(anonymous_34)
FN:622,(anonymous_35)
FN:636,(anonymous_36)
FN:638,(anonymous_37)
FN:639,(anonymous_38)
FN:641,(anonymous_39)
FN:642,(anonymous_40)
FN:645,(anonymous_41)
FN:659,(anonymous_42)
FN:660,(anonymous_43)
FN:663,(anonymous_44)
FN:667,(anonymous_45)
FN:671,(anonymous_46)
FN:680,SmokeTestPanel
FN:687,(anonymous_48)
FN:689,(anonymous_49)
FN:690,(anonymous_50)
FN:698,(anonymous_51)
FN:704,(anonymous_52)
FN:707,(anonymous_53)
FN:721,(anonymous_54)
FN:723,(anonymous_55)
FN:727,(anonymous_56)
FN:735,(anonymous_57)
FN:748,(anonymous_58)
FN:796,(anonymous_59)
FN:812,(anonymous_60)
FN:822,(anonymous_61)
FNF:57
FNH:0
FNDA:0,(anonymous_5)
FNDA:0,(anonymous_6)
FNDA:0,(anonymous_7)
FNDA:0,(anonymous_8)
FNDA:0,(anonymous_9)
FNDA:0,(anonymous_10)
FNDA:0,(anonymous_11)
FNDA:0,(anonymous_12)
FNDA:0,(anonymous_13)
FNDA:0,(anonymous_14)
FNDA:0,(anonymous_15)
FNDA:0,(anonymous_16)
FNDA:0,(anonymous_17)
FNDA:0,(anonymous_18)
FNDA:0,(anonymous_19)
FNDA:0,(anonymous_20)
FNDA:0,(anonymous_21)
FNDA:0,(anonymous_22)
FNDA:0,(anonymous_23)
FNDA:0,(anonymous_24)
FNDA:0,(anonymous_25)
FNDA:0,(anonymous_26)
FNDA:0,(anonymous_27)
FNDA:0,(anonymous_28)
FNDA:0,(anonymous_29)
FNDA:0,(anonymous_30)
FNDA:0,(anonymous_31)
FNDA:0,(anonymous_32)
FNDA:0,(anonymous_33)
FNDA:0,(anonymous_34)
FNDA:0,(anonymous_35)
FNDA:0,(anonymous_36)
FNDA:0,(anonymous_37)
FNDA:0,(anonymous_38)
FNDA:0,(anonymous_39)
FNDA:0,(anonymous_40)
FNDA:0,(anonymous_41)
FNDA:0,(anonymous_42)
FNDA:0,(anonymous_43)
FNDA:0,(anonymous_44)
FNDA:0,(anonymous_45)
FNDA:0,(anonymous_46)
FNDA:0,SmokeTestPanel
FNDA:0,(anonymous_48)
FNDA:0,(anonymous_49)
FNDA:0,(anonymous_50)
FNDA:0,(anonymous_51)
FNDA:0,(anonymous_52)
FNDA:0,(anonymous_53)
FNDA:0,(anonymous_54)
FNDA:0,(anonymous_55)
FNDA:0,(anonymous_56)
FNDA:0,(anonymous_57)
FNDA:0,(anonymous_58)
FNDA:0,(anonymous_59)
FNDA:0,(anonymous_60)
FNDA:0,(anonymous_61)
DA:3,0
DA:7,0
DA:8,0
DA:9,0
DA:10,0
DA:12,0
DA:17,0
DA:140,0
DA:141,0
DA:146,0
DA:147,0
DA:148,0
DA:151,0
DA:152,0
DA:154,0
DA:157,0
DA:159,0
DA:160,0
DA:163,0
DA:165,0
DA:167,0
DA:168,0
DA:169,0
DA:172,0
DA:173,0
DA:174,0
DA:176,0
DA:177,0
DA:181,0
DA:184,0
DA:185,0
DA:187,0
DA:188,0
DA:190,0
DA:197,0
DA:198,0
DA:211,0
DA:213,0
DA:215,0
DA:216,0
DA:219,0
DA:221,0
DA:223,0
DA:226,0
DA:227,0
DA:228,0
DA:231,0
DA:232,0
DA:234,0
DA:238,0
DA:239,0
DA:240,0
DA:248,0
DA:249,0
DA:255,0
DA:257,0
DA:258,0
DA:260,0
DA:263,0
DA:266,0
DA:269,0
DA:272,0
DA:275,0
DA:278,0
DA:281,0
DA:284,0
DA:287,0
DA:290,0
DA:293,0
DA:296,0
DA:299,0
DA:302,0
DA:305,0
DA:308,0
DA:316,0
DA:326,0
DA:327,0
DA:329,0
DA:338,0
DA:339,0
DA:341,0
DA:342,0
DA:343,0
DA:344,0
DA:346,0
DA:350,0
DA:352,0
DA:362,0
DA:363,0
DA:364,0
DA:365,0
DA:366,0
DA:367,0
DA:372,0
DA:373,0
DA:375,0
DA:384,0
DA:385,0
DA:386,0
DA:388,0
DA:397,0
DA:402,0
DA:404,0
DA:413,0
DA:414,0
DA:415,0
DA:418,0
DA:420,0
DA:430,0
DA:432,0
DA:433,0
DA:442,0
DA:443,0
DA:444,0
DA:445,0
DA:449,0
DA:452,0
DA:453,0
DA:455,0
DA:464,0
DA:470,0
DA:472,0
DA:481,0
DA:485,0
DA:486,0
DA:495,0
DA:496,0
DA:499,0
DA:503,0
DA:504,0
DA:508,0
DA:511,0
DA:512,0
DA:514,0
DA:523,0
DA:527,0
DA:529,0
DA:538,0
DA:542,0
DA:544,0
DA:553,0
DA:557,0
DA:559,0
DA:568,0
DA:572,0
DA:574,0
DA:583,0
DA:584,0
DA:585,0
DA:588,0
DA:589,0
DA:591,0
DA:592,0
DA:593,0
DA:594,0
DA:598,0
DA:600,0
DA:609,0
DA:610,0
DA:612,0
DA:614,0
DA:623,0
DA:624,0
DA:626,0
DA:628,0
DA:637,0
DA:638,0
DA:639,0
DA:641,0
DA:642,0
DA:644,0
DA:645,0
DA:647,0
DA:660,0
DA:664,0
DA:668,0
DA:672,0
DA:677,0
DA:681,0
DA:682,0
DA:683,0
DA:684,0
DA:685,0
DA:687,0
DA:689,0
DA:690,0
DA:691,0
DA:695,0
DA:698,0
DA:699,0
DA:700,0
DA:704,0
DA:707,0
DA:708,0
DA:710,0
DA:711,0
DA:712,0
DA:713,0
DA:715,0
DA:717,0
DA:721,0
DA:722,0
DA:723,0
DA:724,0
DA:727,0
DA:735,0
DA:748,0
DA:797,0
DA:813,0
DA:823,0
DA:1117,0
DA:1118,0
LF:212
LH:0
BRDA:146,0,0,0
BRDA:167,1,0,0
BRDA:167,2,0,0
BRDA:167,2,1,0
BRDA:176,3,0,0
BRDA:176,4,0,0
BRDA:176,4,1,0
BRDA:223,5,0,0
BRDA:223,5,1,0
BRDA:244,6,0,0
BRDA:244,6,1,0
BRDA:248,7,0,0
BRDA:258,8,0,0
BRDA:258,8,1,0
BRDA:258,8,2,0
BRDA:258,8,3,0
BRDA:258,8,4,0
BRDA:258,8,5,0
BRDA:258,8,6,0
BRDA:258,8,7,0
BRDA:258,8,8,0
BRDA:258,8,9,0
BRDA:258,8,10,0
BRDA:258,8,11,0
BRDA:258,8,12,0
BRDA:258,8,13,0
BRDA:258,8,14,0
BRDA:258,8,15,0
BRDA:258,8,16,0
BRDA:332,9,0,0
BRDA:332,9,1,0
BRDA:343,10,0,0
BRDA:343,10,1,0
BRDA:354,11,0,0
BRDA:354,11,1,0
BRDA:355,12,0,0
BRDA:355,12,1,0
BRDA:362,13,0,0
BRDA:372,14,0,0
BRDA:372,14,1,0
BRDA:378,15,0,0
BRDA:378,15,1,0
BRDA:384,16,0,0
BRDA:384,16,1,0
BRDA:386,17,0,0
BRDA:386,17,1,0
BRDA:390,18,0,0
BRDA:390,18,1,0
BRDA:391,19,0,0
BRDA:391,19,1,0
BRDA:397,20,0,0
BRDA:397,20,1,0
BRDA:397,20,2,0
BRDA:397,20,3,0
BRDA:406,21,0,0
BRDA:406,21,1,0
BRDA:407,22,0,0
BRDA:407,22,1,0
BRDA:415,23,0,0
BRDA:415,23,1,0
BRDA:423,24,0,0
BRDA:423,24,1,0
BRDA:432,25,0,0
BRDA:457,26,0,0
BRDA:457,26,1,0
BRDA:458,27,0,0
BRDA:458,27,1,0
BRDA:464,28,0,0
BRDA:464,28,1,0
BRDA:464,28,2,0
BRDA:464,28,3,0
BRDA:464,28,4,0
BRDA:474,29,0,0
BRDA:474,29,1,0
BRDA:475,30,0,0
BRDA:475,30,1,0
BRDA:481,31,0,0
BRDA:481,31,1,0
BRDA:481,31,2,0
BRDA:485,32,0,0
BRDA:499,33,0,0
BRDA:499,33,1,0
BRDA:499,33,2,0
BRDA:503,34,0,0
BRDA:516,35,0,0
BRDA:516,35,1,0
BRDA:517,36,0,0
BRDA:517,36,1,0
BRDA:523,37,0,0
BRDA:523,37,1,0
BRDA:523,37,2,0
BRDA:531,38,0,0
BRDA:531,38,1,0
BRDA:532,39,0,0
BRDA:532,39,1,0
BRDA:538,40,0,0
BRDA:538,40,1,0
BRDA:538,40,2,0
BRDA:546,41,0,0
BRDA:546,41,1,0
BRDA:547,42,0,0
BRDA:547,42,1,0
BRDA:553,43,0,0
BRDA:553,43,1,0
BRDA:553,43,2,0
BRDA:561,44,0,0
BRDA:561,44,1,0
BRDA:562,45,0,0
BRDA:562,45,1,0
BRDA:568,46,0,0
BRDA:568,46,1,0
BRDA:568,46,2,0
BRDA:576,47,0,0
BRDA:576,47,1,0
BRDA:577,48,0,0
BRDA:577,48,1,0
BRDA:593,49,0,0
BRDA:603,50,0,0
BRDA:603,50,1,0
BRDA:612,51,0,0
BRDA:612,51,1,0
BRDA:617,52,0,0
BRDA:617,52,1,0
BRDA:626,53,0,0
BRDA:626,53,1,0
BRDA:631,54,0,0
BRDA:631,54,1,0
BRDA:644,55,0,0
BRDA:644,55,1,0
BRDA:645,56,0,0
BRDA:645,56,1,0
BRDA:651,57,0,0
BRDA:651,57,1,0
BRDA:655,58,0,0
BRDA:655,58,1,0
BRDA:699,59,0,0
BRDA:722,60,0,0
BRDA:739,61,0,0
BRDA:744,62,0,0
BRDA:751,63,0,0
BRDA:780,64,0,0
BRDA:780,64,1,0
BRDA:784,65,0,0
BRDA:784,65,1,0
BRDA:801,66,0,0
BRDA:801,66,1,0
BRDA:807,67,0,0
BRDA:807,67,1,0
BRDA:810,68,0,0
BRDA:820,69,0,0
BRDA:820,69,1,0
BRDA:826,70,0,0
BRDA:826,70,1,0
BRF:153
BRH:0
end_of_record
TN:
SF:app/components/UXTestingPanel.js
FN:6,(anonymous_5)
FN:15,(anonymous_6)
FN:26,(anonymous_7)
FN:169,(anonymous_8)
FN:174,(anonymous_9)
FN:177,(anonymous_10)
FN:179,(anonymous_11)
FN:184,(anonymous_12)
FN:232,(anonymous_13)
FN:248,(anonymous_14)
FN:259,(anonymous_15)
FN:274,(anonymous_16)
FN:296,(anonymous_17)
FN:318,(anonymous_18)
FN:333,(anonymous_19)
FN:349,(anonymous_20)
FN:355,(anonymous_21)
FN:365,(anonymous_22)
FN:382,(anonymous_23)
FN:383,(anonymous_24)
FN:389,(anonymous_25)
FN:393,(anonymous_26)
FN:394,(anonymous_27)
FN:415,(anonymous_28)
FN:426,(anonymous_29)
FN:435,(anonymous_30)
FN:446,(anonymous_31)
FN:460,(anonymous_32)
FN:466,(anonymous_33)
FN:483,(anonymous_34)
FN:485,(anonymous_35)
FN:486,(anonymous_36)
FN:487,(anonymous_37)
FN:495,(anonymous_38)
FN:500,(anonymous_39)
FN:511,(anonymous_40)
FN:515,(anonymous_41)
FN:524,UXTestingPanel
FN:531,(anonymous_43)
FN:536,(anonymous_44)
FN:539,(anonymous_45)
FN:544,(anonymous_46)
FN:549,(anonymous_47)
FN:561,(anonymous_48)
FN:574,(anonymous_49)
FN:580,(anonymous_50)
FN:586,(anonymous_51)
FN:592,(anonymous_52)
FN:623,(anonymous_53)
FN:624,(anonymous_54)
FN:639,(anonymous_55)
FN:653,(anonymous_56)
FN:664,(anonymous_57)
FN:670,(anonymous_58)
FN:676,(anonymous_59)
FNF:55
FNH:0
FNDA:0,(anonymous_5)
FNDA:0,(anonymous_6)
FNDA:0,(anonymous_7)
FNDA:0,(anonymous_8)
FNDA:0,(anonymous_9)
FNDA:0,(anonymous_10)
FNDA:0,(anonymous_11)
FNDA:0,(anonymous_12)
FNDA:0,(anonymous_13)
FNDA:0,(anonymous_14)
FNDA:0,(anonymous_15)
FNDA:0,(anonymous_16)
FNDA:0,(anonymous_17)
FNDA:0,(anonymous_18)
FNDA:0,(anonymous_19)
FNDA:0,(anonymous_20)
FNDA:0,(anonymous_21)
FNDA:0,(anonymous_22)
FNDA:0,(anonymous_23)
FNDA:0,(anonymous_24)
FNDA:0,(anonymous_25)
FNDA:0,(anonymous_26)
FNDA:0,(anonymous_27)
FNDA:0,(anonymous_28)
FNDA:0,(anonymous_29)
FNDA:0,(anonymous_30)
FNDA:0,(anonymous_31)
FNDA:0,(anonymous_32)
FNDA:0,(anonymous_33)
FNDA:0,(anonymous_34)
FNDA:0,(anonymous_35)
FNDA:0,(anonymous_36)
FNDA:0,(anonymous_37)
FNDA:0,(anonymous_38)
FNDA:0,(anonymous_39)
FNDA:0,(anonymous_40)
FNDA:0,(anonymous_41)
FNDA:0,UXTestingPanel
FNDA:0,(anonymous_43)
FNDA:0,(anonymous_44)
FNDA:0,(anonymous_45)
FNDA:0,(anonymous_46)
FNDA:0,(anonymous_47)
FNDA:0,(anonymous_48)
FNDA:0,(anonymous_49)
FNDA:0,(anonymous_50)
FNDA:0,(anonymous_51)
FNDA:0,(anonymous_52)
FNDA:0,(anonymous_53)
FNDA:0,(anonymous_54)
FNDA:0,(anonymous_55)
FNDA:0,(anonymous_56)
FNDA:0,(anonymous_57)
FNDA:0,(anonymous_58)
FNDA:0,(anonymous_59)
DA:3,0
DA:7,0
DA:8,0
DA:9,0
DA:10,0
DA:12,0
DA:17,0
DA:20,0
DA:23,0
DA:27,0
DA:169,0
DA:170,0
DA:176,0
DA:177,0
DA:179,0
DA:180,0
DA:185,0
DA:186,0
DA:199,0
DA:200,0
DA:202,0
DA:203,0
DA:205,0
DA:206,0
DA:208,0
DA:209,0
DA:211,0
DA:212,0
DA:214,0
DA:215,0
DA:217,0
DA:218,0
DA:221,0
DA:222,0
DA:225,0
DA:226,0
DA:228,0
DA:229,0
DA:234,0
DA:235,0
DA:237,0
DA:238,0
DA:242,0
DA:248,0
DA:249,0
DA:250,0
DA:251,0
DA:256,0
DA:257,0
DA:258,0
DA:259,0
DA:260,0
DA:261,0
DA:266,0
DA:267,0
DA:270,0
DA:271,0
DA:276,0
DA:280,0
DA:281,0
DA:282,0
DA:283,0
DA:287,0
DA:288,0
DA:289,0
DA:292,0
DA:293,0
DA:298,0
DA:302,0
DA:303,0
DA:304,0
DA:305,0
DA:309,0
DA:310,0
DA:311,0
DA:314,0
DA:315,0
DA:320,0
DA:325,0
DA:328,0
DA:330,0
DA:331,0
DA:333,0
DA:334,0
DA:335,0
DA:336,0
DA:340,0
DA:341,0
DA:345,0
DA:346,0
DA:350,0
DA:351,0
DA:352,0
DA:355,0
DA:356,0
DA:357,0
DA:358,0
DA:359,0
DA:360,0
DA:362,0
DA:363,0
DA:365,0
DA:366,0
DA:368,0
DA:369,0
DA:371,0
DA:372,0
DA:375,0
DA:379,0
DA:382,0
DA:383,0
DA:384,0
DA:391,0
DA:393,0
DA:394,0
DA:395,0
DA:396,0
DA:398,0
DA:399,0
DA:401,0
DA:402,0
DA:407,0
DA:408,0
DA:410,0
DA:415,0
DA:416,0
DA:426,0
DA:427,0
DA:436,0
DA:437,0
DA:439,0
DA:447,0
DA:456,0
DA:457,0
DA:461,0
DA:462,0
DA:463,0
DA:467,0
DA:468,0
DA:469,0
DA:472,0
DA:473,0
DA:474,0
DA:477,0
DA:478,0
DA:479,0
DA:484,0
DA:485,0
DA:486,0
DA:487,0
DA:489,0
DA:495,0
DA:501,0
DA:504,0
DA:505,0
DA:506,0
DA:508,0
DA:512,0
DA:516,0
DA:521,0
DA:525,0
DA:526,0
DA:527,0
DA:528,0
DA:529,0
DA:531,0
DA:532,0
DA:533,0
DA:535,0
DA:536,0
DA:539,0
DA:540,0
DA:541,0
DA:544,0
DA:545,0
DA:546,0
DA:549,0
DA:550,0
DA:551,0
DA:552,0
DA:555,0
DA:561,0
DA:574,0
DA:580,0
DA:586,0
DA:592,0
DA:624,0
DA:625,0
DA:639,0
DA:654,0
DA:664,0
DA:670,0
DA:676,0
DA:927,0
DA:928,0
LF:195
LH:0
BRDA:200,0,0,0
BRDA:200,0,1,0
BRDA:200,0,2,0
BRDA:200,0,3,0
BRDA:200,0,4,0
BRDA:200,0,5,0
BRDA:234,1,0,0
BRDA:234,1,1,0
BRDA:237,2,0,0
BRDA:237,3,0,0
BRDA:237,3,1,0
BRDA:250,4,0,0
BRDA:256,5,0,0
BRDA:266,6,0,0
BRDA:266,7,0,0
BRDA:266,7,1,0
BRDA:270,8,0,0
BRDA:270,8,1,0
BRDA:276,9,0,0
BRDA:276,9,1,0
BRDA:276,9,2,0
BRDA:280,10,0,0
BRDA:288,11,0,0
BRDA:292,12,0,0
BRDA:292,12,1,0
BRDA:298,13,0,0
BRDA:298,13,1,0
BRDA:298,13,2,0
BRDA:302,14,0,0
BRDA:310,15,0,0
BRDA:314,16,0,0
BRDA:314,16,1,0
BRDA:328,17,0,0
BRDA:335,18,0,0
BRDA:340,19,0,0
BRDA:345,20,0,0
BRDA:345,20,1,0
BRDA:362,21,0,0
BRDA:362,21,1,0
BRDA:371,22,0,0
BRDA:375,23,0,0
BRDA:375,23,1,0
BRDA:391,24,0,0
BRDA:395,25,0,0
BRDA:398,26,0,0
BRDA:401,27,0,0
BRDA:402,28,0,0
BRDA:402,28,1,0
BRDA:437,29,0,0
BRDA:446,30,0,0
BRDA:446,31,0,0
BRDA:468,32,0,0
BRDA:473,33,0,0
BRDA:478,34,0,0
BRDA:494,35,0,0
BRDA:494,35,1,0
BRDA:504,36,0,0
BRDA:505,37,0,0
BRDA:506,38,0,0
BRDA:555,39,0,0
BRDA:565,40,0,0
BRDA:570,41,0,0
BRDA:579,42,0,0
BRDA:579,42,1,0
BRDA:579,43,0,0
BRDA:579,43,1,0
BRDA:585,44,0,0
BRDA:585,44,1,0
BRDA:585,45,0,0
BRDA:585,45,1,0
BRDA:591,46,0,0
BRDA:591,46,1,0
BRDA:591,47,0,0
BRDA:591,47,1,0
BRDA:598,48,0,0
BRDA:621,49,0,0
BRDA:630,50,0,0
BRDA:633,51,0,0
BRDA:635,52,0,0
BRDA:635,52,1,0
BRDA:636,53,0,0
BRDA:636,53,1,0
BRDA:647,54,0,0
BRF:83
BRH:0
end_of_record
TN:
SF:app/components/VoiceFeedbackModal.js
FN:5,VoiceFeedbackModal
FN:17,(anonymous_3)
FN:18,(anonymous_4)
FN:27,(anonymous_5)
FN:33,(anonymous_6)
FN:54,(anonymous_7)
FN:60,(anonymous_8)
FN:66,(anonymous_9)
FN:71,(anonymous_10)
FN:82,(anonymous_11)
FN:89,(anonymous_12)
[...]
BRDA:210,17,0,0
BRDA:210,17,1,0
BRDA:214,18,0,0
BRDA:223,19,0,0
BRDA:242,20,0,0
BRDA:269,21,0,0
BRDA:269,21,1,0
BRDA:269,21,2,0
BRDA:269,21,3,0
BRDA:271,22,0,0
BRDA:271,22,1,0
BRF:32
BRH:0
end_of_record
TN:
SF:app/components/SmokeTestPanel/index.js
FNF:0
FNH:0
DA:1,0
DA:2,0
DA:3,0
LF:3
LH:0
BRF:0
BRH:0
end_of_record
TN:
SF:app/components/optimized/OptimizedROICalculator.js
FN:36,(anonymous_7)
FN:43,(anonymous_8)
FN:62,(anonymous_9)
FN:66,(anonymous_10)
FN:70,(anonymous_11)
FN:74,(anonymous_12)
FN:75,(anonymous_13)
FNF:7
FNH:0
FNDA:0,(anonymous_7)
FNDA:0,(anonymous_8)
FNDA:0,(anonymous_9)
FNDA:0,(anonymous_10)
FNDA:0,(anonymous_11)
FNDA:0,(anonymous_12)
FNDA:0,(anonymous_13)
DA:3,0
DA:4,0
DA:14,0
DA:33,0
DA:36,0
DA:37,0
DA:38,0
DA:39,0
DA:40,0
DA:43,0
DA:44,0
DA:45,0
DA:46,0
DA:47,0
DA:48,0
DA:49,0
DA:51,0
DA:62,0
DA:63,0
DA:66,0
DA:67,0
DA:70,0
DA:71,0
DA:74,0
DA:75,0
DA:318,0
DA:320,0
LF:27
LH:0
BRDA:8,0,0,0
BRDA:8,0,1,0
BRDA:17,1,0,0
BRDA:17,2,0,0
BRDA:17,3,0,0
BRDA:134,4,0,0
BRDA:134,4,1,0
BRDA:137,5,0,0
BRF:8
BRH:0
end_of_record
TN:
SF:app/middleware/errorHandler.js
FN:13,(anonymous_14)
FN:24,(anonymous_15)
FN:30,(anonymous_16)
FN:36,(anonymous_17)
FN:42,(anonymous_18)
FN:48,(anonymous_19)
FN:54,(anonymous_20)
FN:65,formatErrorResponse
FN:94,handleError
FN:130,asyncHandler
FN:131,(anonymous_24)
FN:141,errorMiddleware
FN:151,validate
FN:243,(anonymous_27)
FN:260,(anonymous_28)
FN:272,(anonymous_29)
FN:280,(anonymous_30)
FN:289,(anonymous_31)
FN:292,(anonymous_32)
FNF:19
FNH:0
FNDA:0,(anonymous_14)
FNDA:0,(anonymous_15)
FNDA:0,(anonymous_16)
FNDA:0,(anonymous_17)
FNDA:0,(anonymous_18)
FNDA:0,(anonymous_19)
FNDA:0,(anonymous_20)
FNDA:0,formatErrorResponse
FNDA:0,handleError
FNDA:0,asyncHandler
FNDA:0,(anonymous_24)
FNDA:0,errorMiddleware
FNDA:0,validate
FNDA:0,(anonymous_27)
FNDA:0,(anonymous_28)
FNDA:0,(anonymous_29)
FNDA:0,(anonymous_30)
FNDA:0,(anonymous_31)
FNDA:0,(anonymous_32)
DA:6,0
DA:7,0
DA:9,0
DA:12,0
DA:14,0
DA:15,0
DA:16,0
DA:17,0
DA:18,0
DA:19,0
DA:23,0
DA:25,0
DA:29,0
DA:31,0
DA:35,0
DA:37,0
DA:41,0
DA:43,0
DA:47,0
DA:49,0
DA:53,0
DA:55,0
DA:66,0
DA:68,0
DA:79,0
DA:80,0
DA:81,0
DA:86,0
DA:87,0
DA:90,0
DA:94,0
DA:95,0
DA:99,0
DA:110,0
DA:111,0
DA:118,0
DA:119,0
DA:121,0
DA:130,0
DA:131,0
DA:132,0
DA:133,0
DA:135,0
DA:141,0
DA:142,0
DA:143,0
DA:144,0
DA:146,0
DA:151,0
DA:152,0
DA:154,0
DA:155,0
DA:158,0
DA:159,0
DA:163,0
DA:167,0
DA:170,0
DA:171,0
DA:172,0
DA:173,0
DA:181,0
DA:182,0
DA:189,0
DA:190,0
DA:197,0
DA:198,0
DA:205,0
DA:206,0
DA:207,0
DA:208,0
DA:216,0
DA:217,0
DA:220,0
DA:224,0
DA:244,0
DA:245,0
DA:246,0
DA:247,0
DA:259,0
DA:261,0
DA:264,0
DA:265,0
DA:266,0
DA:268,0
DA:269,0
DA:271,0
DA:272,0
DA:277,0
DA:281,0
DA:282,0
DA:284,0
DA:285,0
DA:290,0
DA:292,0
DA:293,0
DA:294,0
DA:297,0
DA:298,0
DA:299,0
DA:300,0
DA:303,0
DA:306,0
DA:307,0
DA:308,0
DA:309,0
DA:310,0
DA:312,0
DA:313,0
DA:314,0
DA:315,0
LF:110
LH:0
BRDA:13,0,0,0
BRDA:13,1,0,0
BRDA:13,2,0,0
BRDA:24,3,0,0
BRDA:30,4,0,0
BRDA:36,5,0,0
BRDA:42,6,0,0
BRDA:48,7,0,0
BRDA:48,8,0,0
BRDA:71,9,0,0
BRDA:71,9,1,0
BRDA:72,10,0,0
BRDA:72,10,1,0
BRDA:79,11,0,0
BRDA:79,12,0,0
BRDA:79,12,1,0
BRDA:80,13,0,0
BRDA:86,14,0,0
BRDA:86,15,0,0
BRDA:86,15,1,0
BRDA:95,16,0,0
BRDA:95,16,1,0
BRDA:110,17,0,0
BRDA:110,18,0,0
BRDA:110,18,1,0
BRDA:118,19,0,0
BRDA:118,19,1,0
BRDA:158,20,0,0
BRDA:158,21,0,0
BRDA:158,21,1,0
BRDA:167,22,0,0
BRDA:167,23,0,0
BRDA:167,23,1,0
BRDA:170,24,0,0
BRDA:171,25,0,0
BRDA:171,25,1,0
BRDA:172,26,0,0
BRDA:181,27,0,0
BRDA:181,28,0,0
BRDA:181,28,1,0
BRDA:184,29,0,0
BRDA:184,29,1,0
BRDA:189,30,0,0
BRDA:189,31,0,0
BRDA:189,31,1,0
BRDA:197,32,0,0
BRDA:197,33,0,0
BRDA:197,33,1,0
BRDA:205,34,0,0
BRDA:207,35,0,0
BRDA:216,36,0,0
BRDA:244,37,0,0
BRDA:245,38,0,0
BRDA:246,39,0,0
BRDA:260,40,0,0
BRDA:261,41,0,0
BRDA:261,42,0,0
BRDA:261,43,0,0
BRDA:271,44,0,0
BRDA:292,45,0,0
BRDA:293,46,0,0
BRDA:293,47,0,0
BRDA:294,48,0,0
BRDA:294,48,1,0
BRDA:297,49,0,0
BRDA:299,50,0,0
BRF:66
BRH:0
end_of_record
TN:
SF:app/middleware/rateLimit.js
FN:11,rateLimit
FN:16,(anonymous_6)
FN:24,rateLimitMiddleware
FNF:3
FNH:0
FNDA:0,rateLimit
FNDA:0,(anonymous_6)
FNDA:0,rateLimitMiddleware
DA:1,0
DA:5,0
DA:8,0
DA:9,0
DA:11,0
DA:18,0
DA:19,0
DA:20,0
DA:22,0
DA:24,0
DA:25,0
DA:26,0
DA:29,0
DA:30,0
DA:31,0
DA:36,0
DA:37,0
DA:38,0
DA:42,0
DA:46,0
DA:49,0
DA:50,0
DA:52,0
DA:70,0
DA:71,0
DA:73,0
DA:84,0
DA:90,0
DA:96,0
LF:29
LH:0
BRDA:8,0,0,0
BRDA:8,0,1,0
BRDA:9,1,0,0
BRDA:9,1,1,0
BRDA:11,2,0,0
BRDA:13,3,0,0
BRDA:14,4,0,0
BRDA:15,5,0,0
BRDA:16,6,0,0
BRDA:19,7,0,0
BRDA:19,7,1,0
BRDA:30,8,0,0
BRDA:37,9,0,0
BRDA:37,10,0,0
BRDA:37,10,1,0
BRDA:49,11,0,0
BRF:16
BRH:0
end_of_record
TN:
SF:app/middleware/security.js
FN:8,escapeHtml
FN:20,sanitizeSqlInput
FN:30,isValidEmail
FN:36,isValidPhone
FN:69,validateInput
FN:92,generateCSRFToken
FN:101,validateCSRFToken
FN:114,(anonymous_19)
FN:124,securityHeaders
FN:138,securityMiddleware
FN:159,sanitizeRequestBody
FN:164,(anonymous_23)
FNF:12
FNH:0
FNDA:0,escapeHtml
FNDA:0,sanitizeSqlInput
FNDA:0,isValidEmail
FNDA:0,isValidPhone
FNDA:0,validateInput
FNDA:0,generateCSRFToken
FNDA:0,validateCSRFToken
FNDA:0,(anonymous_19)
FNDA:0,securityHeaders
FNDA:0,securityMiddleware
FNDA:0,sanitizeRequestBody
FNDA:0,(anonymous_23)
DA:1,0
DA:8,0
DA:9,0
DA:11,0
DA:20,0
DA:21,0
DA:24,0
DA:30,0
DA:31,0
DA:32,0
DA:36,0
DA:37,0
DA:38,0
DA:42,0
DA:69,0
DA:70,0
DA:72,0
DA:74,0
DA:75,0
DA:78,0
DA:79,0
DA:82,0
DA:83,0
DA:86,0
DA:90,0
DA:92,0
DA:93,0
DA:94,0
DA:98,0
DA:101,0
DA:102,0
DA:104,0
DA:105,0
DA:106,0
DA:107,0
DA:110,0
DA:114,0
DA:115,0
DA:116,0
DA:117,0
DA:118,0
DA:124,0
DA:125,0
DA:128,0
DA:129,0
DA:130,0
DA:131,0
DA:132,0
DA:134,0
DA:138,0
DA:140,0
DA:143,0
DA:144,0
DA:147,0
DA:148,0
DA:155,0
DA:159,0
DA:160,0
DA:161,0
DA:164,0
DA:165,0
DA:166,0
DA:168,0
DA:169,0
DA:171,0
DA:172,0
DA:173,0
DA:174,0
DA:176,0
DA:178,0
DA:181,0
DA:183,0
LF:72
LH:0
BRDA:9,0,0,0
BRDA:21,1,0,0
BRDA:70,2,0,0
BRDA:74,3,0,0
BRDA:74,4,0,0
BRDA:74,4,1,0
BRDA:78,5,0,0
BRDA:78,6,0,0
BRDA:78,6,1,0
BRDA:82,7,0,0
BRDA:82,8,0,0
BRDA:82,8,1,0
BRDA:83,9,0,0
BRDA:83,9,1,0
BRDA:104,10,0,0
BRDA:105,11,0,0
BRDA:117,12,0,0
BRDA:143,13,0,0
BRDA:147,14,0,0
BRDA:147,15,0,0
BRDA:147,15,1,0
BRDA:165,16,0,0
BRDA:168,17,0,0
BRDA:171,18,0,0
BRDA:171,19,0,0
BRDA:171,19,1,0
BRF:26
BRH:0
end_of_record
TN:
SF:app/test-ai-agents/page.js
FN:7,TestAIAgents
FN:28,(anonymous_3)
FNF:2
FNH:0
FNDA:0,TestAIAgents
FNDA:0,(anonymous_3)
DA:3,0
DA:4,0
DA:5,0
DA:7,0
DA:8,0
DA:28,0
LF:6
LH:0
BRDA:31,0,0,0
BRDA:31,0,1,0
BRDA:32,1,0,0
BRDA:32,1,1,0
BRDA:40,2,0,0
BRDA:40,2,1,0
BRDA:45,3,0,0
BRF:7
BRH:0
end_of_record
TN:
SF:app/utils/ai-agents-manager.js
FN:47,(anonymous_6)
FN:56,(anonymous_7)
FN:65,(anonymous_8)
FN:74,(anonymous_9)
FN:77,(anonymous_10)
FN:83,(anonymous_11)
FN:89,(anonymous_12)
FN:93,(anonymous_13)
FN:98,(anonymous_14)
FN:111,(anonymous_15)
FN:123,(anonymous_16)
FN:126,(anonymous_17)
FN:133,(anonymous_18)
FN:138,(anonymous_19)
FN:147,(anonymous_20)
FN:152,(anonymous_21)
FN:156,(anonymous_22)
FN:168,(anonymous_23)
FN:193,(anonymous_24)
FN:201,(anonymous_25)
FN:222,(anonymous_26)
FN:237,(anonymous_27)
FN:258,(anonymous_28)
FN:263,(anonymous_29)
FN:271,(anonymous_30)
FN:283,(anonymous_31)
FN:294,(anonymous_32)
FN:385,(anonymous_33)
FN:402,(anonymous_34)
FN:411,(anonymous_35)
FN:423,(anonymous_36)
FN:427,(anonymous_37)
FN:431,(anonymous_38)
FN:435,(anonymous_39)
FN:437,(anonymous_40)
FN:454,(anonymous_41)
FN:471,(anonymous_42)
FN:475,(anonymous_43)
FN:517,(anonymous_44)
FN:521,(anonymous_45)
FN:558,(anonymous_46)
FN:563,(anonymous_47)
FN:599,(anonymous_48)
FN:603,(anonymous_49)
FN:633,getAIAgentsManager
FN:641,askAI
FN:646,getAgentPerformance
FNF:47
FNH:0
FNDA:0,(anonymous_6)
FNDA:0,(anonymous_7)
FNDA:0,(anonymous_8)
FNDA:0,(anonymous_9)
FNDA:0,(anonymous_10)
FNDA:0,(anonymous_11)
FNDA:0,(anonymous_12)
FNDA:0,(anonymous_13)
FNDA:0,(anonymous_14)
FNDA:0,(anonymous_15)
FNDA:0,(anonymous_16)
FNDA:0,(anonymous_17)
FNDA:0,(anonymous_18)
FNDA:0,(anonymous_19)
FNDA:0,(anonymous_20)
FNDA:0,(anonymous_21)
FNDA:0,(anonymous_22)
FNDA:0,(anonymous_23)
FNDA:0,(anonymous_24)
FNDA:0,(anonymous_25)
FNDA:0,(anonymous_26)
FNDA:0,(anonymous_27)
FNDA:0,(anonymous_28)
FNDA:0,(anonymous_29)
FNDA:0,(anonymous_30)
FNDA:0,(anonymous_31)
FNDA:0,(anonymous_32)
FNDA:0,(anonymous_33)
FNDA:0,(anonymous_34)
FNDA:0,(anonymous_35)
FNDA:0,(anonymous_36)
FNDA:0,(anonymous_37)
FNDA:0,(anonymous_38)
FNDA:0,(anonymous_39)
FNDA:0,(anonymous_40)
FNDA:0,(anonymous_41)
FNDA:0,(anonymous_42)
FNDA:0,(anonymous_43)
FNDA:0,(anonymous_44)
FNDA:0,(anonymous_45)
FNDA:0,(anonymous_46)
FNDA:0,(anonymous_47)
FNDA:0,(anonymous_48)
FNDA:0,(anonymous_49)
FNDA:0,getAIAgentsManager
FNDA:0,askAI
FNDA:0,getAgentPerformance
DA:7,0
DA:9,0
DA:12,0
DA:48,0
DA:57,0
DA:65,0
DA:67,0
DA:76,0
DA:77,0
DA:83,0
DA:84,0
DA:86,0
DA:91,0
DA:92,0
DA:93,0
DA:95,0
DA:100,0
DA:107,0
DA:108,0
DA:113,0
DA:114,0
DA:116,0
DA:117,0
DA:118,0
DA:120,0
DA:125,0
DA:126,0
DA:127,0
DA:130,0
DA:134,0
DA:135,0
DA:140,0
DA:141,0
DA:142,0
DA:144,0
DA:149,0
DA:150,0
DA:152,0
DA:158,0
DA:160,0
DA:161,0
DA:162,0
DA:163,0
DA:165,0
DA:169,0
DA:171,0
DA:172,0
DA:174,0
DA:175,0
DA:177,0
DA:178,0
DA:180,0
DA:181,0
DA:183,0
DA:184,0
DA:187,0
DA:192,0
DA:194,0
DA:195,0
DA:196,0
DA:197,0
DA:198,0
DA:202,0
DA:204,0
DA:206,0
DA:207,0
DA:208,0
DA:209,0
DA:210,0
DA:214,0
DA:215,0
DA:217,0
DA:218,0
DA:223,0
DA:225,0
DA:227,0
DA:229,0
DA:231,0
DA:233,0
DA:239,0
DA:241,0
DA:242,0
DA:244,0
DA:246,0
DA:248,0
DA:249,0
DA:250,0
DA:251,0
DA:255,0
DA:259,0
DA:262,0
DA:263,0
DA:264,0
DA:266,0
DA:269,0
DA:270,0
DA:271,0
DA:272,0
DA:276,0
DA:277,0
DA:278,0
DA:280,0
DA:284,0
DA:286,0
DA:287,0
DA:288,0
DA:289,0
DA:291,0
DA:295,0
DA:297,0
DA:299,0
DA:300,0
DA:302,0
DA:303,0
DA:306,0
DA:309,0
DA:310,0
DA:312,0
DA:320,0
DA:321,0
DA:322,0
DA:325,0
DA:331,0
DA:332,0
DA:333,0
DA:337,0
DA:342,0
DA:349,0
DA:352,0
DA:359,0
DA:369,0
DA:372,0
DA:373,0
DA:378,0
DA:381,0
DA:386,0
DA:395,0
DA:399,0
DA:403,0
DA:411,0
DA:412,0
DA:413,0
DA:414,0
DA:415,0
DA:420,0
DA:424,0
DA:428,0
DA:432,0
DA:433,0
DA:435,0
DA:436,0
DA:437,0
DA:438,0
DA:445,0
DA:455,0
DA:456,0
DA:459,0
DA:462,0
DA:472,0
DA:477,0
DA:489,0
DA:490,0
DA:504,0
DA:505,0
DA:510,0
DA:511,0
DA:518,0
DA:523,0
DA:524,0
DA:545,0
DA:546,0
DA:551,0
DA:552,0
DA:559,0
DA:560,0
DA:565,0
DA:566,0
DA:584,0
DA:585,0
DA:592,0
DA:593,0
DA:600,0
DA:605,0
DA:606,0
DA:618,0
DA:619,0
DA:624,0
DA:625,0
DA:631,0
DA:633,0
DA:634,0
DA:635,0
DA:637,0
DA:641,0
DA:642,0
DA:643,0
DA:646,0
DA:647,0
DA:648,0
DA:651,0
LF:200
LH:0
BRDA:117,0,0,0
BRDA:118,1,0,0
BRDA:135,2,0,0
BRDA:135,2,1,0
BRDA:144,3,0,0
BRDA:144,3,1,0
BRDA:144,4,0,0
BRDA:144,4,1,0
BRDA:144,5,0,0
BRDA:144,5,1,0
BRDA:152,6,0,0
BRDA:152,6,1,0
BRDA:160,7,0,0
BRDA:161,8,0,0
BRDA:162,9,0,0
BRDA:163,10,0,0
BRDA:171,11,0,0
BRDA:174,12,0,0
BRDA:177,13,0,0
BRDA:180,14,0,0
BRDA:183,15,0,0
BRDA:202,16,0,0
BRDA:207,17,0,0
BRDA:207,18,0,0
BRDA:207,18,1,0
BRDA:223,19,0,0
BRDA:223,19,1,0
BRDA:223,19,2,0
BRDA:223,19,3,0
BRDA:223,19,4,0
BRDA:246,20,0,0
BRDA:249,21,0,0
BRDA:255,22,0,0
BRDA:255,22,1,0
BRDA:270,23,0,0
BRDA:276,24,0,0
BRDA:276,25,0,0
BRDA:276,25,1,0
BRDA:277,26,0,0
BRDA:277,27,0,0
BRDA:277,27,1,0
BRDA:278,28,0,0
BRDA:278,29,0,0
BRDA:278,29,1,0
BRDA:286,30,0,0
BRDA:287,31,0,0
BRDA:288,32,0,0
BRDA:289,33,0,0
BRDA:291,34,0,0
BRDA:291,34,1,0
BRDA:294,35,0,0
BRDA:302,36,0,0
BRDA:309,37,0,0
BRDA:309,37,1,0
BRDA:310,38,0,0
BRDA:310,38,1,0
BRDA:332,39,0,0
BRDA:332,40,0,0
BRDA:332,40,1,0
BRDA:365,41,0,0
BRDA:365,41,1,0
BRDA:372,42,0,0
BRDA:375,43,0,0
BRDA:375,43,1,0
BRDA:403,44,0,0
BRDA:403,44,1,0
BRDA:412,45,0,0
BRDA:414,46,0,0
BRDA:428,47,0,0
BRDA:428,47,1,0
BRDA:433,48,0,0
BRDA:436,49,0,0
BRDA:456,50,0,0
BRDA:480,51,0,0
BRDA:480,51,1,0
BRDA:482,52,0,0
BRDA:482,52,1,0
BRDA:541,53,0,0
BRDA:541,53,1,0
BRDA:588,54,0,0
BRDA:588,54,1,0
BRDA:620,55,0,0
BRDA:620,55,1,0
BRDA:620,55,2,0
BRDA:634,56,0,0
BRDA:641,57,0,0
BRF:86
BRH:0
end_of_record
TN:
SF:app/utils/ai-director-system.js
FN:301,analyzeUserIntent
FN:317,(anonymous_7)
FN:326,personalizeResponse
FN:353,generateFollowUpQuestions
FN:376,addEmotionalTone
FNF:5
FNH:0
FNDA:0,analyzeUserIntent
FNDA:0,(anonymous_7)
FNDA:0,personalizeResponse
FNDA:0,generateFollowUpQuestions
FNDA:0,addEmotionalTone
DA:7,0
DA:301,0
DA:302,0
DA:313,0
DA:314,0
DA:316,0
DA:317,0
DA:318,0
DA:322,0
DA:326,0
DA:327,0
DA:329,0
DA:332,0
DA:333,0
DA:337,0
DA:338,0
DA:345,0
DA:346,0
DA:349,0
DA:353,0
DA:354,0
DA:372,0
DA:376,0
DA:377,0
DA:384,0
DA:392,0
DA:393,0
DA:395,0
LF:28
LH:0
BRDA:317,0,0,0
BRDA:322,1,0,0
BRDA:322,1,1,0
BRDA:332,2,0,0
BRDA:332,2,1,0
BRDA:337,3,0,0
BRDA:345,4,0,0
BRDA:372,5,0,0
BRDA:372,5,1,0
BRF:9
BRH:0
end_of_record
TN:
SF:app/utils/aiChat.js
FN:6,(anonymous_4)
FN:37,(anonymous_5)
FNF:2
FNH:0
FNDA:0,(anonymous_4)
FNDA:0,(anonymous_5)
DA:6,0
DA:8,0
DA:13,0
DA:16,0
DA:17,0
DA:26,0
DA:37,0
DA:38,0
DA:39,0
DA:40,0
DA:42,0
DA:43,0
LF:12
LH:0
BRDA:9,0,0,0
BRDA:9,0,1,0
BRDA:16,1,0,0
BRDA:16,2,0,0
BRDA:16,2,1,0
BRDA:19,3,0,0
BRDA:19,3,1,0
BRDA:39,4,0,0
BRDA:39,4,1,0
BRF:9
BRH:0
end_of_record
TN:
SF:app/utils/apiCache.js
FN:7,(anonymous_5)
FN:17,(anonymous_6)
FN:20,(anonymous_7)
FN:29,(anonymous_8)
FN:35,(anonymous_9)
FN:45,(anonymous_10)
FN:48,(anonymous_11)
FN:53,(anonymous_12)
FN:65,(anonymous_13)
FN:76,(anonymous_14)
FN:81,(anonymous_15)
FN:95,(anonymous_16)
FN:100,(anonymous_17)
FN:111,(anonymous_18)
FN:129,(anonymous_19)
FN:130,(anonymous_20)
FN:131,(anonymous_21)
FN:132,(anonymous_22)
FN:143,(anonymous_23)
FN:147,(anonymous_24)
FN:150,(anonymous_25)
FN:160,(anonymous_26)
FN:165,(anonymous_27)
FN:168,(anonymous_28)
FN:190,(anonymous_29)
FN:195,(anonymous_30)
FNF:26
FNH:0
FNDA:0,(anonymous_5)
FNDA:0,(anonymous_6)
FNDA:0,(anonymous_7)
FNDA:0,(anonymous_8)
FNDA:0,(anonymous_9)
FNDA:0,(anonymous_10)
FNDA:0,(anonymous_11)
FNDA:0,(anonymous_12)
FNDA:0,(anonymous_13)
FNDA:0,(anonymous_14)
FNDA:0,(anonymous_15)
FNDA:0,(anonymous_16)
FNDA:0,(anonymous_17)
FNDA:0,(anonymous_18)
FNDA:0,(anonymous_19)
FNDA:0,(anonymous_20)
FNDA:0,(anonymous_21)
FNDA:0,(anonymous_22)
FNDA:0,(anonymous_23)
FNDA:0,(anonymous_24)
FNDA:0,(anonymous_25)
FNDA:0,(anonymous_26)
FNDA:0,(anonymous_27)
FNDA:0,(anonymous_28)
FNDA:0,(anonymous_29)
FNDA:0,(anonymous_30)
DA:8,0
DA:9,0
DA:10,0
DA:18,0
DA:21,0
DA:22,0
DA:25,0
DA:30,0
DA:31,0
DA:36,0
DA:37,0
DA:38,0
DA:43,0
DA:44,0
DA:45,0
DA:47,0
DA:48,0
DA:54,0
DA:55,0
DA:57,0
DA:58,0
DA:61,0
DA:66,0
DA:68,0
DA:75,0
DA:76,0
DA:82,0
DA:85,0
DA:86,0
DA:89,0
DA:90,0
DA:94,0
DA:96,0
DA:97,0
DA:98,0
DA:101,0
DA:102,0
DA:106,0
DA:107,0
DA:112,0
DA:114,0
DA:115,0
DA:117,0
DA:118,0
DA:119,0
DA:124,0
DA:130,0
DA:131,0
DA:132,0
DA:135,0
DA:140,0
DA:143,0
DA:144,0
DA:146,0
DA:147,0
DA:150,0
DA:151,0
DA:152,0
DA:153,0
DA:155,0
DA:160,0
DA:161,0
DA:162,0
DA:163,0
DA:165,0
DA:166,0
DA:168,0
DA:169,0
DA:170,0
DA:171,0
DA:172,0
DA:173,0
DA:174,0
DA:177,0
DA:178,0
DA:179,0
DA:182,0
DA:183,0
DA:188,0
DA:190,0
DA:191,0
DA:195,0
DA:199,0
DA:200,0
LF:84
LH:0
BRDA:17,0,0,0
BRDA:30,1,0,0
BRDA:31,2,0,0
BRDA:31,2,1,0
BRDA:37,3,0,0
BRDA:43,4,0,0
BRDA:57,5,0,0
BRDA:71,6,0,0
BRDA:71,6,1,0
BRDA:75,7,0,0
BRDA:86,8,0,0
BRDA:89,9,0,0
BRDA:112,10,0,0
BRDA:112,10,1,0
BRDA:115,11,0,0
BRDA:115,11,1,0
BRDA:118,12,0,0
BRDA:143,13,0,0
BRDA:144,14,0,0
BRDA:146,15,0,0
BRDA:152,16,0,0
BRDA:160,17,0,0
BRDA:172,18,0,0
BRDA:177,19,0,0
BRDA:182,20,0,0
BRF:25
BRH:0
end_of_record
TN:
SF:app/utils/dynamic-imports.js
FN:4,(anonymous_14)
FN:4,(anonymous_15)
FN:9,(anonymous_18)
FN:9,(anonymous_19)
FN:14,(anonymous_22)
FN:14,(anonymous_23)
FN:19,(anonymous_26)
FN:19,(anonymous_27)
FN:24,(anonymous_30)
FN:24,(anonymous_31)
FN:29,(anonymous_34)
FN:29,(anonymous_35)
FN:35,(anonymous_38)
FN:35,(anonymous_39)
FN:40,(anonymous_42)
FN:40,(anonymous_43)
FN:45,(anonymous_46)
FN:45,(anonymous_47)
FNF:18
FNH:0
FNDA:0,(anonymous_14)
FNDA:0,(anonymous_15)
FNDA:0,(anonymous_18)
FNDA:0,(anonymous_19)
FNDA:0,(anonymous_22)
FNDA:0,(anonymous_23)
FNDA:0,(anonymous_26)
FNDA:0,(anonymous_27)
FNDA:0,(anonymous_30)
FNDA:0,(anonymous_31)
FNDA:0,(anonymous_34)
FNDA:0,(anonymous_35)
FNDA:0,(anonymous_38)
FNDA:0,(anonymous_39)
FNDA:0,(anonymous_42)
FNDA:0,(anonymous_43)
FNDA:0,(anonymous_46)
FNDA:0,(anonymous_47)
DA:1,0
DA:4,0
DA:9,0
DA:14,0
DA:19,0
DA:24,0
DA:29,0
DA:35,0
DA:40,0
DA:45,0
LF:10
LH:0
BRF:0
BRH:0
end_of_record
TN:
SF:app/utils/fontOptimization.js
FN:7,(anonymous_6)
FN:16,(anonymous_7)
FN:28,(anonymous_8)
FN:85,(anonymous_9)
FN:96,(anonymous_10)
FNF:5
FNH:0
FNDA:0,(anonymous_6)
FNDA:0,(anonymous_7)
FNDA:0,(anonymous_8)
FNDA:0,(anonymous_9)
FNDA:0,(anonymous_10)
DA:7,0
DA:8,0
DA:16,0
DA:17,0
DA:18,0
DA:19,0
DA:20,0
DA:21,0
DA:22,0
DA:23,0
DA:28,0
DA:29,0
DA:31,0
DA:33,0
DA:39,0
DA:40,0
DA:42,0
DA:44,0
DA:49,0
DA:85,0
DA:86,0
DA:92,0
DA:96,0
DA:97,0
DA:99,0
DA:100,0
DA:101,0
DA:103,0
DA:104,0
LF:29
LH:0
BRDA:29,0,0,0
BRDA:92,1,0,0
BRDA:92,1,1,0
BRDA:96,2,0,0
BRDA:97,3,0,0
BRF:5
BRH:0
end_of_record
TN:
SF:app/utils/logger.js
FN:31,(anonymous_6)
FN:36,(anonymous_7)
FN:40,(anonymous_8)
FN:55,(anonymous_9)
FN:59,(anonymous_10)
FN:83,(anonymous_11)
FN:126,(anonymous_12)
FN:130,(anonymous_13)
FN:134,(anonymous_14)
FN:138,(anonymous_15)
FN:142,(anonymous_16)
FN:147,(anonymous_17)
FN:153,(anonymous_18)
FN:160,(anonymous_19)
FN:165,(anonymous_20)
FN:170,(anonymous_21)
FN:174,(anonymous_22)
FN:180,createLogger
FN:188,loggerMiddleware
FN:206,(anonymous_25)
FN:228,logError
FN:237,logPerformance
FNF:22
FNH:0
FNDA:0,(anonymous_6)
FNDA:0,(anonymous_7)
FNDA:0,(anonymous_8)
FNDA:0,(anonymous_9)
FNDA:0,(anonymous_10)
FNDA:0,(anonymous_11)
FNDA:0,(anonymous_12)
FNDA:0,(anonymous_13)
FNDA:0,(anonymous_14)
FNDA:0,(anonymous_15)
FNDA:0,(anonymous_16)
FNDA:0,(anonymous_17)
FNDA:0,(anonymous_18)
FNDA:0,(anonymous_19)
FNDA:0,(anonymous_20)
FNDA:0,(anonymous_21)
FNDA:0,(anonymous_22)
FNDA:0,createLogger
FNDA:0,loggerMiddleware
FNDA:0,(anonymous_25)
FNDA:0,logError
FNDA:0,logPerformance
DA:6,0
DA:9,0
DA:18,0
DA:21,0
DA:32,0
DA:33,0
DA:37,0
DA:41,0
DA:42,0
DA:52,0
DA:56,0
DA:60,0
DA:62,0
DA:65,0
DA:66,0
DA:67,0
DA:68,0
DA:69,0
DA:70,0
DA:74,0
DA:78,0
DA:79,0
DA:85,0
DA:86,0
DA:87,0
DA:94,0
DA:107,0
DA:112,0
DA:113,0
DA:114,0
DA:120,0
DA:121,0
DA:127,0
DA:131,0
DA:135,0
DA:139,0
DA:143,0
DA:148,0
DA:149,0
DA:154,0
DA:155,0
DA:161,0
DA:166,0
DA:171,0
DA:175,0
DA:180,0
DA:181,0
DA:185,0
DA:188,0
DA:189,0
DA:190,0
DA:192,0
DA:193,0
DA:196,0
DA:199,0
DA:205,0
DA:206,0
DA:207,0
DA:208,0
DA:214,0
DA:215,0
DA:221,0
DA:224,0
DA:228,0
DA:229,0
DA:230,0
DA:237,0
DA:238,0
DA:239,0
DA:240,0
DA:242,0
LF:71
LH:0
BRDA:18,0,0,0
BRDA:18,0,1,0
BRDA:31,1,0,0
BRDA:40,2,0,0
BRDA:47,3,0,0
BRDA:47,3,1,0
BRDA:48,4,0,0
BRDA:48,4,1,0
BRDA:49,5,0,0
BRDA:49,5,1,0
BRDA:60,6,0,0
BRDA:65,7,0,0
BRDA:65,7,1,0
BRDA:69,8,0,0
BRDA:78,9,0,0
BRDA:85,10,0,0
BRDA:85,11,0,0
BRDA:85,11,1,0
BRDA:90,12,0,0
BRDA:90,12,1,0
BRDA:112,13,0,0
BRDA:112,14,0,0
BRDA:112,14,1,0
BRDA:112,14,2,0
BRDA:113,15,0,0
BRDA:113,15,1,0
BRDA:120,16,0,0
BRDA:126,17,0,0
BRDA:130,18,0,0
BRDA:134,19,0,0
BRDA:138,20,0,0
BRDA:142,21,0,0
BRDA:148,22,0,0
BRDA:154,23,0,0
BRDA:160,24,0,0
BRDA:165,25,0,0
BRDA:170,26,0,0
BRDA:200,27,0,0
BRDA:200,27,1,0
BRDA:200,27,2,0
BRDA:214,28,0,0
BRDA:228,29,0,0
BRDA:230,30,0,0
BRDA:230,30,1,0
BRDA:237,31,0,0
BRDA:239,32,0,0
BRDA:239,32,1,0
BRF:47
BRH:0
end_of_record
TN:
SF:app/utils/ssr-helpers.js
FN:3,(anonymous_8)
FN:5,(anonymous_9)
FN:8,(anonymous_10)
FN:14,(anonymous_11)
FN:19,(anonymous_12)
FN:27,(anonymous_13)
FN:33,(anonymous_14)
FN:38,(anonymous_15)
FN:45,(anonymous_16)
FN:52,(anonymous_17)
FN:59,(anonymous_18)
FNF:11
FNH:0
FNDA:0,(anonymous_8)
FNDA:0,(anonymous_9)
FNDA:0,(anonymous_10)
FNDA:0,(anonymous_11)
FNDA:0,(anonymous_12)
FNDA:0,(anonymous_13)
FNDA:0,(anonymous_14)
FNDA:0,(anonymous_15)
FNDA:0,(anonymous_16)
FNDA:0,(anonymous_17)
FNDA:0,(anonymous_18)
DA:3,0
DA:5,0
DA:7,0
DA:9,0
DA:10,0
DA:12,0
DA:15,0
DA:16,0
DA:20,0
DA:21,0
DA:26,0
DA:28,0
DA:29,0
DA:31,0
DA:34,0
DA:35,0
DA:39,0
DA:40,0
DA:45,0
DA:46,0
DA:47,0
DA:49,0
DA:52,0
DA:53,0
DA:54,0
DA:56,0
DA:59,0
DA:60,0
DA:61,0
DA:63,0
LF:30
LH:0
BRDA:9,0,0,0
BRDA:15,1,0,0
BRDA:20,2,0,0
BRDA:28,3,0,0
BRDA:34,4,0,0
BRDA:39,5,0,0
BRDA:46,6,0,0
BRDA:53,7,0,0
BRDA:60,8,0,0
BRF:9
BRH:0
end_of_record
